[0.137s] DEBUG:colcon:Command line arguments: ['/usr/bin/colcon', 'build', '--symlink-install']
[0.137s] DEBUG:colcon:Parsed command line arguments: Namespace(log_base=None, log_level=None, verb_name='build', build_base='build', install_base='install', merge_install=False, symlink_install=True, test_result_base=None, continue_on_error=False, executor='parallel', parallel_workers=32, event_handlers=None, ignore_user_meta=False, metas=['./colcon.meta'], base_paths=['.'], packages_ignore=None, packages_ignore_regex=None, paths=None, packages_up_to=None, packages_up_to_regex=None, packages_above=None, packages_above_and_dependencies=None, packages_above_depth=None, packages_select_by_dep=None, packages_skip_by_dep=None, packages_skip_up_to=None, packages_select_build_failed=False, packages_skip_build_finished=False, packages_select_test_failures=False, packages_skip_test_passed=False, packages_select=None, packages_skip=None, packages_select_regex=None, packages_skip_regex=None, packages_start=None, packages_end=None, allow_overriding=[], cmake_args=None, cmake_target=None, cmake_target_skip_unavailable=False, cmake_clean_cache=False, cmake_clean_first=False, cmake_force_configure=False, ament_cmake_args=None, catkin_cmake_args=None, catkin_skip_building_tests=False, mixin_files=None, mixin=None, verb_parser=<colcon_mixin.mixin.mixin_argument.MixinArgumentDecorator object at 0x7f9e39d65c90>, verb_extension=<colcon_core.verb.build.BuildVerb object at 0x7f9e39d65720>, main=<bound method BuildVerb.main of <colcon_core.verb.build.BuildVerb object at 0x7f9e39d65720>>, mixin_verb=('build',))
[0.341s] Level 1:colcon.colcon_core.package_discovery:discover_packages(colcon_meta) check parameters
[0.341s] Level 1:colcon.colcon_core.package_discovery:discover_packages(recursive) check parameters
[0.341s] Level 1:colcon.colcon_core.package_discovery:discover_packages(ignore) check parameters
[0.341s] Level 1:colcon.colcon_core.package_discovery:discover_packages(path) check parameters
[0.342s] Level 1:colcon.colcon_core.package_discovery:discover_packages(colcon_meta) discover
[0.342s] Level 1:colcon.colcon_core.package_discovery:discover_packages(recursive) discover
[0.342s] INFO:colcon.colcon_core.package_discovery:Crawling recursively for packages in '/home/sevnova/ros2_ws'
[0.342s] Level 1:colcon.colcon_core.package_identification:_identify(.) by extensions ['ignore', 'ignore_ament_install']
[0.342s] Level 1:colcon.colcon_core.package_identification:_identify(.) by extension 'ignore'
[0.342s] Level 1:colcon.colcon_core.package_identification:_identify(.) by extension 'ignore_ament_install'
[0.342s] Level 1:colcon.colcon_core.package_identification:_identify(.) by extensions ['colcon_pkg']
[0.342s] Level 1:colcon.colcon_core.package_identification:_identify(.) by extension 'colcon_pkg'
[0.342s] Level 1:colcon.colcon_core.package_identification:_identify(.) by extensions ['colcon_meta']
[0.342s] Level 1:colcon.colcon_core.package_identification:_identify(.) by extension 'colcon_meta'
[0.342s] Level 1:colcon.colcon_core.package_identification:_identify(.) by extensions ['ros']
[0.342s] Level 1:colcon.colcon_core.package_identification:_identify(.) by extension 'ros'
[0.350s] Level 1:colcon.colcon_core.package_identification:_identify(.) by extensions ['cmake', 'python']
[0.350s] Level 1:colcon.colcon_core.package_identification:_identify(.) by extension 'cmake'
[0.350s] Level 1:colcon.colcon_core.package_identification:_identify(.) by extension 'python'
[0.350s] Level 1:colcon.colcon_core.package_identification:_identify(.) by extensions ['python_setup_py']
[0.350s] Level 1:colcon.colcon_core.package_identification:_identify(.) by extension 'python_setup_py'
[0.350s] Level 1:colcon.colcon_core.package_identification:_identify(build) by extensions ['ignore', 'ignore_ament_install']
[0.350s] Level 1:colcon.colcon_core.package_identification:_identify(build) by extension 'ignore'
[0.350s] Level 1:colcon.colcon_core.package_identification:_identify(build) ignored
[0.351s] Level 1:colcon.colcon_core.package_identification:_identify(install) by extensions ['ignore', 'ignore_ament_install']
[0.351s] Level 1:colcon.colcon_core.package_identification:_identify(install) by extension 'ignore'
[0.351s] Level 1:colcon.colcon_core.package_identification:_identify(install) ignored
[0.351s] Level 1:colcon.colcon_core.package_identification:_identify(log) by extensions ['ignore', 'ignore_ament_install']
[0.351s] Level 1:colcon.colcon_core.package_identification:_identify(log) by extension 'ignore'
[0.351s] Level 1:colcon.colcon_core.package_identification:_identify(log) ignored
[0.351s] Level 1:colcon.colcon_core.package_identification:_identify(scripts) by extensions ['ignore', 'ignore_ament_install']
[0.351s] Level 1:colcon.colcon_core.package_identification:_identify(scripts) by extension 'ignore'
[0.351s] Level 1:colcon.colcon_core.package_identification:_identify(scripts) by extension 'ignore_ament_install'
[0.351s] Level 1:colcon.colcon_core.package_identification:_identify(scripts) by extensions ['colcon_pkg']
[0.351s] Level 1:colcon.colcon_core.package_identification:_identify(scripts) by extension 'colcon_pkg'
[0.351s] Level 1:colcon.colcon_core.package_identification:_identify(scripts) by extensions ['colcon_meta']
[0.351s] Level 1:colcon.colcon_core.package_identification:_identify(scripts) by extension 'colcon_meta'
[0.351s] Level 1:colcon.colcon_core.package_identification:_identify(scripts) by extensions ['ros']
[0.351s] Level 1:colcon.colcon_core.package_identification:_identify(scripts) by extension 'ros'
[0.351s] Level 1:colcon.colcon_core.package_identification:_identify(scripts) by extensions ['cmake', 'python']
[0.351s] Level 1:colcon.colcon_core.package_identification:_identify(scripts) by extension 'cmake'
[0.351s] Level 1:colcon.colcon_core.package_identification:_identify(scripts) by extension 'python'
[0.351s] Level 1:colcon.colcon_core.package_identification:_identify(scripts) by extensions ['python_setup_py']
[0.351s] Level 1:colcon.colcon_core.package_identification:_identify(scripts) by extension 'python_setup_py'
[0.351s] Level 1:colcon.colcon_core.package_identification:_identify(src) by extensions ['ignore', 'ignore_ament_install']
[0.351s] Level 1:colcon.colcon_core.package_identification:_identify(src) by extension 'ignore'
[0.351s] Level 1:colcon.colcon_core.package_identification:_identify(src) by extension 'ignore_ament_install'
[0.351s] Level 1:colcon.colcon_core.package_identification:_identify(src) by extensions ['colcon_pkg']
[0.351s] Level 1:colcon.colcon_core.package_identification:_identify(src) by extension 'colcon_pkg'
[0.351s] Level 1:colcon.colcon_core.package_identification:_identify(src) by extensions ['colcon_meta']
[0.351s] Level 1:colcon.colcon_core.package_identification:_identify(src) by extension 'colcon_meta'
[0.351s] Level 1:colcon.colcon_core.package_identification:_identify(src) by extensions ['ros']
[0.351s] Level 1:colcon.colcon_core.package_identification:_identify(src) by extension 'ros'
[0.351s] Level 1:colcon.colcon_core.package_identification:_identify(src) by extensions ['cmake', 'python']
[0.351s] Level 1:colcon.colcon_core.package_identification:_identify(src) by extension 'cmake'
[0.351s] Level 1:colcon.colcon_core.package_identification:_identify(src) by extension 'python'
[0.352s] Level 1:colcon.colcon_core.package_identification:_identify(src) by extensions ['python_setup_py']
[0.352s] Level 1:colcon.colcon_core.package_identification:_identify(src) by extension 'python_setup_py'
[0.352s] Level 1:colcon.colcon_core.package_identification:_identify(src/isaac_visualization_bridge) by extensions ['ignore', 'ignore_ament_install']
[0.352s] Level 1:colcon.colcon_core.package_identification:_identify(src/isaac_visualization_bridge) by extension 'ignore'
[0.352s] Level 1:colcon.colcon_core.package_identification:_identify(src/isaac_visualization_bridge) by extension 'ignore_ament_install'
[0.352s] Level 1:colcon.colcon_core.package_identification:_identify(src/isaac_visualization_bridge) by extensions ['colcon_pkg']
[0.352s] Level 1:colcon.colcon_core.package_identification:_identify(src/isaac_visualization_bridge) by extension 'colcon_pkg'
[0.352s] Level 1:colcon.colcon_core.package_identification:_identify(src/isaac_visualization_bridge) by extensions ['colcon_meta']
[0.352s] Level 1:colcon.colcon_core.package_identification:_identify(src/isaac_visualization_bridge) by extension 'colcon_meta'
[0.352s] Level 1:colcon.colcon_core.package_identification:_identify(src/isaac_visualization_bridge) by extensions ['ros']
[0.352s] Level 1:colcon.colcon_core.package_identification:_identify(src/isaac_visualization_bridge) by extension 'ros'
[0.355s] DEBUG:colcon.colcon_core.package_identification:Package 'src/isaac_visualization_bridge' with type 'ros.ament_python' and name 'isaac_visualization_bridge'
[0.355s] Level 1:colcon.colcon_core.package_identification:_identify(src/robot_bringup) by extensions ['ignore', 'ignore_ament_install']
[0.355s] Level 1:colcon.colcon_core.package_identification:_identify(src/robot_bringup) by extension 'ignore'
[0.355s] Level 1:colcon.colcon_core.package_identification:_identify(src/robot_bringup) by extension 'ignore_ament_install'
[0.355s] Level 1:colcon.colcon_core.package_identification:_identify(src/robot_bringup) by extensions ['colcon_pkg']
[0.355s] Level 1:colcon.colcon_core.package_identification:_identify(src/robot_bringup) by extension 'colcon_pkg'
[0.355s] Level 1:colcon.colcon_core.package_identification:_identify(src/robot_bringup) by extensions ['colcon_meta']
[0.355s] Level 1:colcon.colcon_core.package_identification:_identify(src/robot_bringup) by extension 'colcon_meta'
[0.355s] Level 1:colcon.colcon_core.package_identification:_identify(src/robot_bringup) by extensions ['ros']
[0.355s] Level 1:colcon.colcon_core.package_identification:_identify(src/robot_bringup) by extension 'ros'
[0.356s] DEBUG:colcon.colcon_core.package_identification:Package 'src/robot_bringup' with type 'ros.ament_python' and name 'robot_bringup'
[0.356s] Level 1:colcon.colcon_core.package_identification:_identify(src/robot_msgs) by extensions ['ignore', 'ignore_ament_install']
[0.357s] Level 1:colcon.colcon_core.package_identification:_identify(src/robot_msgs) by extension 'ignore'
[0.357s] Level 1:colcon.colcon_core.package_identification:_identify(src/robot_msgs) by extension 'ignore_ament_install'
[0.357s] Level 1:colcon.colcon_core.package_identification:_identify(src/robot_msgs) by extensions ['colcon_pkg']
[0.357s] Level 1:colcon.colcon_core.package_identification:_identify(src/robot_msgs) by extension 'colcon_pkg'
[0.357s] Level 1:colcon.colcon_core.package_identification:_identify(src/robot_msgs) by extensions ['colcon_meta']
[0.357s] Level 1:colcon.colcon_core.package_identification:_identify(src/robot_msgs) by extension 'colcon_meta'
[0.357s] Level 1:colcon.colcon_core.package_identification:_identify(src/robot_msgs) by extensions ['ros']
[0.357s] Level 1:colcon.colcon_core.package_identification:_identify(src/robot_msgs) by extension 'ros'
[0.357s] DEBUG:colcon.colcon_core.package_identification:Package 'src/robot_msgs' with type 'ros.ament_cmake' and name 'robot_msgs'
[0.357s] Level 1:colcon.colcon_core.package_identification:_identify(src/robot_navigation) by extensions ['ignore', 'ignore_ament_install']
[0.358s] Level 1:colcon.colcon_core.package_identification:_identify(src/robot_navigation) by extension 'ignore'
[0.358s] Level 1:colcon.colcon_core.package_identification:_identify(src/robot_navigation) by extension 'ignore_ament_install'
[0.358s] Level 1:colcon.colcon_core.package_identification:_identify(src/robot_navigation) by extensions ['colcon_pkg']
[0.358s] Level 1:colcon.colcon_core.package_identification:_identify(src/robot_navigation) by extension 'colcon_pkg'
[0.358s] Level 1:colcon.colcon_core.package_identification:_identify(src/robot_navigation) by extensions ['colcon_meta']
[0.358s] Level 1:colcon.colcon_core.package_identification:_identify(src/robot_navigation) by extension 'colcon_meta'
[0.358s] Level 1:colcon.colcon_core.package_identification:_identify(src/robot_navigation) by extensions ['ros']
[0.358s] Level 1:colcon.colcon_core.package_identification:_identify(src/robot_navigation) by extension 'ros'
[0.358s] DEBUG:colcon.colcon_core.package_identification:Package 'src/robot_navigation' with type 'ros.ament_python' and name 'robot_navigation'
[0.358s] Level 1:colcon.colcon_core.package_identification:_identify(src/robot_state_machine) by extensions ['ignore', 'ignore_ament_install']
[0.358s] Level 1:colcon.colcon_core.package_identification:_identify(src/robot_state_machine) by extension 'ignore'
[0.358s] Level 1:colcon.colcon_core.package_identification:_identify(src/robot_state_machine) by extension 'ignore_ament_install'
[0.358s] Level 1:colcon.colcon_core.package_identification:_identify(src/robot_state_machine) by extensions ['colcon_pkg']
[0.358s] Level 1:colcon.colcon_core.package_identification:_identify(src/robot_state_machine) by extension 'colcon_pkg'
[0.358s] Level 1:colcon.colcon_core.package_identification:_identify(src/robot_state_machine) by extensions ['colcon_meta']
[0.358s] Level 1:colcon.colcon_core.package_identification:_identify(src/robot_state_machine) by extension 'colcon_meta'
[0.358s] Level 1:colcon.colcon_core.package_identification:_identify(src/robot_state_machine) by extensions ['ros']
[0.358s] Level 1:colcon.colcon_core.package_identification:_identify(src/robot_state_machine) by extension 'ros'
[0.359s] DEBUG:colcon.colcon_core.package_identification:Package 'src/robot_state_machine' with type 'ros.ament_python' and name 'robot_state_machine'
[0.359s] Level 1:colcon.colcon_core.package_discovery:discover_packages(recursive) using defaults
[0.359s] Level 1:colcon.colcon_core.package_discovery:discover_packages(ignore) discover
[0.359s] Level 1:colcon.colcon_core.package_discovery:discover_packages(ignore) using defaults
[0.359s] Level 1:colcon.colcon_core.package_discovery:discover_packages(path) discover
[0.359s] Level 1:colcon.colcon_core.package_discovery:discover_packages(path) using defaults
[0.383s] Level 1:colcon.colcon_core.package_discovery:discover_packages(prefix_path) check parameters
[0.383s] Level 1:colcon.colcon_core.package_discovery:discover_packages(prefix_path) discover
[0.390s] DEBUG:colcon.colcon_installed_package_information.package_discovery:Found 13 installed packages in /home/sevnova/projects/fsm_simulation_plan/alpha_fsm/fsm_ws/install
[0.390s] DEBUG:colcon.colcon_installed_package_information.package_discovery:Found 273 installed packages in /opt/ros/humble
[0.391s] Level 1:colcon.colcon_core.package_discovery:discover_packages(prefix_path) using defaults
[0.411s] Level 5:colcon.colcon_core.verb:set package 'isaac_visualization_bridge' build argument 'cmake_args' from command line to 'None'
[0.411s] Level 5:colcon.colcon_core.verb:set package 'isaac_visualization_bridge' build argument 'cmake_target' from command line to 'None'
[0.411s] Level 5:colcon.colcon_core.verb:set package 'isaac_visualization_bridge' build argument 'cmake_target_skip_unavailable' from command line to 'False'
[0.411s] Level 5:colcon.colcon_core.verb:set package 'isaac_visualization_bridge' build argument 'cmake_clean_cache' from command line to 'False'
[0.411s] Level 5:colcon.colcon_core.verb:set package 'isaac_visualization_bridge' build argument 'cmake_clean_first' from command line to 'False'
[0.411s] Level 5:colcon.colcon_core.verb:set package 'isaac_visualization_bridge' build argument 'cmake_force_configure' from command line to 'False'
[0.411s] Level 5:colcon.colcon_core.verb:set package 'isaac_visualization_bridge' build argument 'ament_cmake_args' from command line to 'None'
[0.411s] Level 5:colcon.colcon_core.verb:set package 'isaac_visualization_bridge' build argument 'catkin_cmake_args' from command line to 'None'
[0.411s] Level 5:colcon.colcon_core.verb:set package 'isaac_visualization_bridge' build argument 'catkin_skip_building_tests' from command line to 'False'
[0.411s] DEBUG:colcon.colcon_core.verb:Building package 'isaac_visualization_bridge' with the following arguments: {'ament_cmake_args': None, 'build_base': '/home/sevnova/ros2_ws/build/isaac_visualization_bridge', 'catkin_cmake_args': None, 'catkin_skip_building_tests': False, 'cmake_args': None, 'cmake_clean_cache': False, 'cmake_clean_first': False, 'cmake_force_configure': False, 'cmake_target': None, 'cmake_target_skip_unavailable': False, 'install_base': '/home/sevnova/ros2_ws/install/isaac_visualization_bridge', 'merge_install': False, 'path': '/home/sevnova/ros2_ws/src/isaac_visualization_bridge', 'symlink_install': True, 'test_result_base': None}
[0.411s] Level 5:colcon.colcon_core.verb:set package 'robot_msgs' build argument 'cmake_args' from command line to 'None'
[0.411s] Level 5:colcon.colcon_core.verb:set package 'robot_msgs' build argument 'cmake_target' from command line to 'None'
[0.411s] Level 5:colcon.colcon_core.verb:set package 'robot_msgs' build argument 'cmake_target_skip_unavailable' from command line to 'False'
[0.411s] Level 5:colcon.colcon_core.verb:set package 'robot_msgs' build argument 'cmake_clean_cache' from command line to 'False'
[0.411s] Level 5:colcon.colcon_core.verb:set package 'robot_msgs' build argument 'cmake_clean_first' from command line to 'False'
[0.412s] Level 5:colcon.colcon_core.verb:set package 'robot_msgs' build argument 'cmake_force_configure' from command line to 'False'
[0.412s] Level 5:colcon.colcon_core.verb:set package 'robot_msgs' build argument 'ament_cmake_args' from command line to 'None'
[0.412s] Level 5:colcon.colcon_core.verb:set package 'robot_msgs' build argument 'catkin_cmake_args' from command line to 'None'
[0.412s] Level 5:colcon.colcon_core.verb:set package 'robot_msgs' build argument 'catkin_skip_building_tests' from command line to 'False'
[0.412s] DEBUG:colcon.colcon_core.verb:Building package 'robot_msgs' with the following arguments: {'ament_cmake_args': None, 'build_base': '/home/sevnova/ros2_ws/build/robot_msgs', 'catkin_cmake_args': None, 'catkin_skip_building_tests': False, 'cmake_args': None, 'cmake_clean_cache': False, 'cmake_clean_first': False, 'cmake_force_configure': False, 'cmake_target': None, 'cmake_target_skip_unavailable': False, 'install_base': '/home/sevnova/ros2_ws/install/robot_msgs', 'merge_install': False, 'path': '/home/sevnova/ros2_ws/src/robot_msgs', 'symlink_install': True, 'test_result_base': None}
[0.412s] Level 5:colcon.colcon_core.verb:set package 'robot_navigation' build argument 'cmake_args' from command line to 'None'
[0.412s] Level 5:colcon.colcon_core.verb:set package 'robot_navigation' build argument 'cmake_target' from command line to 'None'
[0.412s] Level 5:colcon.colcon_core.verb:set package 'robot_navigation' build argument 'cmake_target_skip_unavailable' from command line to 'False'
[0.412s] Level 5:colcon.colcon_core.verb:set package 'robot_navigation' build argument 'cmake_clean_cache' from command line to 'False'
[0.412s] Level 5:colcon.colcon_core.verb:set package 'robot_navigation' build argument 'cmake_clean_first' from command line to 'False'
[0.412s] Level 5:colcon.colcon_core.verb:set package 'robot_navigation' build argument 'cmake_force_configure' from command line to 'False'
[0.412s] Level 5:colcon.colcon_core.verb:set package 'robot_navigation' build argument 'ament_cmake_args' from command line to 'None'
[0.412s] Level 5:colcon.colcon_core.verb:set package 'robot_navigation' build argument 'catkin_cmake_args' from command line to 'None'
[0.412s] Level 5:colcon.colcon_core.verb:set package 'robot_navigation' build argument 'catkin_skip_building_tests' from command line to 'False'
[0.412s] DEBUG:colcon.colcon_core.verb:Building package 'robot_navigation' with the following arguments: {'ament_cmake_args': None, 'build_base': '/home/sevnova/ros2_ws/build/robot_navigation', 'catkin_cmake_args': None, 'catkin_skip_building_tests': False, 'cmake_args': None, 'cmake_clean_cache': False, 'cmake_clean_first': False, 'cmake_force_configure': False, 'cmake_target': None, 'cmake_target_skip_unavailable': False, 'install_base': '/home/sevnova/ros2_ws/install/robot_navigation', 'merge_install': False, 'path': '/home/sevnova/ros2_ws/src/robot_navigation', 'symlink_install': True, 'test_result_base': None}
[0.412s] Level 5:colcon.colcon_core.verb:set package 'robot_state_machine' build argument 'cmake_args' from command line to 'None'
[0.412s] Level 5:colcon.colcon_core.verb:set package 'robot_state_machine' build argument 'cmake_target' from command line to 'None'
[0.412s] Level 5:colcon.colcon_core.verb:set package 'robot_state_machine' build argument 'cmake_target_skip_unavailable' from command line to 'False'
[0.412s] Level 5:colcon.colcon_core.verb:set package 'robot_state_machine' build argument 'cmake_clean_cache' from command line to 'False'
[0.412s] Level 5:colcon.colcon_core.verb:set package 'robot_state_machine' build argument 'cmake_clean_first' from command line to 'False'
[0.412s] Level 5:colcon.colcon_core.verb:set package 'robot_state_machine' build argument 'cmake_force_configure' from command line to 'False'
[0.412s] Level 5:colcon.colcon_core.verb:set package 'robot_state_machine' build argument 'ament_cmake_args' from command line to 'None'
[0.412s] Level 5:colcon.colcon_core.verb:set package 'robot_state_machine' build argument 'catkin_cmake_args' from command line to 'None'
[0.412s] Level 5:colcon.colcon_core.verb:set package 'robot_state_machine' build argument 'catkin_skip_building_tests' from command line to 'False'
[0.412s] DEBUG:colcon.colcon_core.verb:Building package 'robot_state_machine' with the following arguments: {'ament_cmake_args': None, 'build_base': '/home/sevnova/ros2_ws/build/robot_state_machine', 'catkin_cmake_args': None, 'catkin_skip_building_tests': False, 'cmake_args': None, 'cmake_clean_cache': False, 'cmake_clean_first': False, 'cmake_force_configure': False, 'cmake_target': None, 'cmake_target_skip_unavailable': False, 'install_base': '/home/sevnova/ros2_ws/install/robot_state_machine', 'merge_install': False, 'path': '/home/sevnova/ros2_ws/src/robot_state_machine', 'symlink_install': True, 'test_result_base': None}
[0.412s] Level 5:colcon.colcon_core.verb:set package 'robot_bringup' build argument 'cmake_args' from command line to 'None'
[0.412s] Level 5:colcon.colcon_core.verb:set package 'robot_bringup' build argument 'cmake_target' from command line to 'None'
[0.412s] Level 5:colcon.colcon_core.verb:set package 'robot_bringup' build argument 'cmake_target_skip_unavailable' from command line to 'False'
[0.412s] Level 5:colcon.colcon_core.verb:set package 'robot_bringup' build argument 'cmake_clean_cache' from command line to 'False'
[0.412s] Level 5:colcon.colcon_core.verb:set package 'robot_bringup' build argument 'cmake_clean_first' from command line to 'False'
[0.412s] Level 5:colcon.colcon_core.verb:set package 'robot_bringup' build argument 'cmake_force_configure' from command line to 'False'
[0.412s] Level 5:colcon.colcon_core.verb:set package 'robot_bringup' build argument 'ament_cmake_args' from command line to 'None'
[0.412s] Level 5:colcon.colcon_core.verb:set package 'robot_bringup' build argument 'catkin_cmake_args' from command line to 'None'
[0.412s] Level 5:colcon.colcon_core.verb:set package 'robot_bringup' build argument 'catkin_skip_building_tests' from command line to 'False'
[0.412s] DEBUG:colcon.colcon_core.verb:Building package 'robot_bringup' with the following arguments: {'ament_cmake_args': None, 'build_base': '/home/sevnova/ros2_ws/build/robot_bringup', 'catkin_cmake_args': None, 'catkin_skip_building_tests': False, 'cmake_args': None, 'cmake_clean_cache': False, 'cmake_clean_first': False, 'cmake_force_configure': False, 'cmake_target': None, 'cmake_target_skip_unavailable': False, 'install_base': '/home/sevnova/ros2_ws/install/robot_bringup', 'merge_install': False, 'path': '/home/sevnova/ros2_ws/src/robot_bringup', 'symlink_install': True, 'test_result_base': None}
[0.412s] INFO:colcon.colcon_core.executor:Executing jobs using 'parallel' executor
[0.413s] DEBUG:colcon.colcon_parallel_executor.executor.parallel:run_until_complete
[0.413s] INFO:colcon.colcon_ros.task.ament_cmake.build:Building ROS package in '/home/sevnova/ros2_ws/src/robot_msgs' with build type 'ament_cmake'
[0.413s] INFO:colcon.colcon_cmake.task.cmake.build:Building CMake package in '/home/sevnova/ros2_ws/src/robot_msgs'
[0.417s] INFO:colcon.colcon_core.plugin_system:Skipping extension 'colcon_core.shell.bat': Not used on non-Windows systems
[0.417s] INFO:colcon.colcon_core.shell:Skip shell extension 'powershell' for command environment: Not usable outside of PowerShell
[0.417s] DEBUG:colcon.colcon_core.shell:Skip shell extension 'dsv' for command environment
[0.419s] INFO:colcon.colcon_ros.task.ament_python.build:Building ROS package in '/home/sevnova/ros2_ws/src/isaac_visualization_bridge' with build type 'ament_python'
[0.419s] Level 1:colcon.colcon_core.shell:create_environment_hook('isaac_visualization_bridge', 'ament_prefix_path')
[0.419s] INFO:colcon.colcon_core.shell:Creating environment hook '/home/sevnova/ros2_ws/install/isaac_visualization_bridge/share/isaac_visualization_bridge/hook/ament_prefix_path.ps1'
[0.420s] INFO:colcon.colcon_core.shell:Creating environment descriptor '/home/sevnova/ros2_ws/install/isaac_visualization_bridge/share/isaac_visualization_bridge/hook/ament_prefix_path.dsv'
[0.421s] INFO:colcon.colcon_core.shell:Creating environment hook '/home/sevnova/ros2_ws/install/isaac_visualization_bridge/share/isaac_visualization_bridge/hook/ament_prefix_path.sh'
[0.421s] INFO:colcon.colcon_core.shell:Skip shell extension 'powershell' for command environment: Not usable outside of PowerShell
[0.421s] DEBUG:colcon.colcon_core.shell:Skip shell extension 'dsv' for command environment
[0.423s] INFO:colcon.colcon_ros.task.ament_python.build:Building ROS package in '/home/sevnova/ros2_ws/src/robot_navigation' with build type 'ament_python'
[0.423s] Level 1:colcon.colcon_core.shell:create_environment_hook('robot_navigation', 'ament_prefix_path')
[0.423s] INFO:colcon.colcon_core.shell:Creating environment hook '/home/sevnova/ros2_ws/install/robot_navigation/share/robot_navigation/hook/ament_prefix_path.ps1'
[0.423s] INFO:colcon.colcon_core.shell:Creating environment descriptor '/home/sevnova/ros2_ws/install/robot_navigation/share/robot_navigation/hook/ament_prefix_path.dsv'
[0.424s] INFO:colcon.colcon_core.shell:Creating environment hook '/home/sevnova/ros2_ws/install/robot_navigation/share/robot_navigation/hook/ament_prefix_path.sh'
[0.424s] INFO:colcon.colcon_core.shell:Skip shell extension 'powershell' for command environment: Not usable outside of PowerShell
[0.424s] DEBUG:colcon.colcon_core.shell:Skip shell extension 'dsv' for command environment
[0.429s] DEBUG:colcon.colcon_core.event_handler.log_command:Invoking command in '/home/sevnova/ros2_ws/build/robot_msgs': CMAKE_PREFIX_PATH=${CMAKE_PREFIX_PATH}:/home/sevnova/projects/fsm_simulation_plan/alpha_fsm/fsm_ws/install/fsm_config:/home/sevnova/projects/fsm_simulation_plan/alpha_fsm/fsm_ws/install/fsm_test:/home/sevnova/projects/fsm_simulation_plan/alpha_fsm/fsm_ws/install/wall_destacking_strategy:/home/sevnova/projects/fsm_simulation_plan/alpha_fsm/fsm_ws/install/vacuum_io:/home/sevnova/projects/fsm_simulation_plan/alpha_fsm/fsm_ws/install/task_manager:/home/sevnova/projects/fsm_simulation_plan/alpha_fsm/fsm_ws/install/safety_monitor:/home/sevnova/projects/fsm_simulation_plan/alpha_fsm/fsm_ws/install/perception_adapter:/home/sevnova/projects/fsm_simulation_plan/alpha_fsm/fsm_ws/install/pair_grasp_execution:/home/sevnova/projects/fsm_simulation_plan/alpha_fsm/fsm_ws/install/navigation_manager:/home/sevnova/projects/fsm_simulation_plan/alpha_fsm/fsm_ws/install/isaac_sim_bridge:/home/sevnova/projects/fsm_simulation_plan/alpha_fsm/fsm_ws/install/fsm_core:/opt/ros/humble CONDA_PROMPT_MODIFIER=(base) /usr/bin/cmake --build /home/sevnova/ros2_ws/build/robot_msgs -- -j32 -l32
[0.577s] INFO:colcon.colcon_core.task.python.build:Building Python package in '/home/sevnova/ros2_ws/src/isaac_visualization_bridge'
[0.578s] INFO:colcon.colcon_core.shell:Skip shell extension 'powershell' for command environment: Not usable outside of PowerShell
[0.578s] DEBUG:colcon.colcon_core.shell:Skip shell extension 'dsv' for command environment
[0.725s] INFO:colcon.colcon_core.task.python.build:Building Python package in '/home/sevnova/ros2_ws/src/robot_navigation'
[0.725s] INFO:colcon.colcon_core.shell:Skip shell extension 'powershell' for command environment: Not usable outside of PowerShell
[0.725s] DEBUG:colcon.colcon_core.shell:Skip shell extension 'dsv' for command environment
[0.728s] DEBUG:colcon.colcon_core.event_handler.log_command:Invoked command in '/home/sevnova/ros2_ws/build/robot_msgs' returned '0': CMAKE_PREFIX_PATH=${CMAKE_PREFIX_PATH}:/home/sevnova/projects/fsm_simulation_plan/alpha_fsm/fsm_ws/install/fsm_config:/home/sevnova/projects/fsm_simulation_plan/alpha_fsm/fsm_ws/install/fsm_test:/home/sevnova/projects/fsm_simulation_plan/alpha_fsm/fsm_ws/install/wall_destacking_strategy:/home/sevnova/projects/fsm_simulation_plan/alpha_fsm/fsm_ws/install/vacuum_io:/home/sevnova/projects/fsm_simulation_plan/alpha_fsm/fsm_ws/install/task_manager:/home/sevnova/projects/fsm_simulation_plan/alpha_fsm/fsm_ws/install/safety_monitor:/home/sevnova/projects/fsm_simulation_plan/alpha_fsm/fsm_ws/install/perception_adapter:/home/sevnova/projects/fsm_simulation_plan/alpha_fsm/fsm_ws/install/pair_grasp_execution:/home/sevnova/projects/fsm_simulation_plan/alpha_fsm/fsm_ws/install/navigation_manager:/home/sevnova/projects/fsm_simulation_plan/alpha_fsm/fsm_ws/install/isaac_sim_bridge:/home/sevnova/projects/fsm_simulation_plan/alpha_fsm/fsm_ws/install/fsm_core:/opt/ros/humble CONDA_PROMPT_MODIFIER=(base) /usr/bin/cmake --build /home/sevnova/ros2_ws/build/robot_msgs -- -j32 -l32
[0.734s] DEBUG:colcon.colcon_core.event_handler.log_command:Invoking command in '/home/sevnova/ros2_ws/build/robot_msgs': CMAKE_PREFIX_PATH=${CMAKE_PREFIX_PATH}:/home/sevnova/projects/fsm_simulation_plan/alpha_fsm/fsm_ws/install/fsm_config:/home/sevnova/projects/fsm_simulation_plan/alpha_fsm/fsm_ws/install/fsm_test:/home/sevnova/projects/fsm_simulation_plan/alpha_fsm/fsm_ws/install/wall_destacking_strategy:/home/sevnova/projects/fsm_simulation_plan/alpha_fsm/fsm_ws/install/vacuum_io:/home/sevnova/projects/fsm_simulation_plan/alpha_fsm/fsm_ws/install/task_manager:/home/sevnova/projects/fsm_simulation_plan/alpha_fsm/fsm_ws/install/safety_monitor:/home/sevnova/projects/fsm_simulation_plan/alpha_fsm/fsm_ws/install/perception_adapter:/home/sevnova/projects/fsm_simulation_plan/alpha_fsm/fsm_ws/install/pair_grasp_execution:/home/sevnova/projects/fsm_simulation_plan/alpha_fsm/fsm_ws/install/navigation_manager:/home/sevnova/projects/fsm_simulation_plan/alpha_fsm/fsm_ws/install/isaac_sim_bridge:/home/sevnova/projects/fsm_simulation_plan/alpha_fsm/fsm_ws/install/fsm_core:/opt/ros/humble CONDA_PROMPT_MODIFIER=(base) /usr/bin/cmake --install /home/sevnova/ros2_ws/build/robot_msgs
[0.802s] Level 1:colcon.colcon_core.environment:create_environment_scripts_only(robot_msgs)
[0.802s] DEBUG:colcon.colcon_core.event_handler.log_command:Invoked command in '/home/sevnova/ros2_ws/build/robot_msgs' returned '0': CMAKE_PREFIX_PATH=${CMAKE_PREFIX_PATH}:/home/sevnova/projects/fsm_simulation_plan/alpha_fsm/fsm_ws/install/fsm_config:/home/sevnova/projects/fsm_simulation_plan/alpha_fsm/fsm_ws/install/fsm_test:/home/sevnova/projects/fsm_simulation_plan/alpha_fsm/fsm_ws/install/wall_destacking_strategy:/home/sevnova/projects/fsm_simulation_plan/alpha_fsm/fsm_ws/install/vacuum_io:/home/sevnova/projects/fsm_simulation_plan/alpha_fsm/fsm_ws/install/task_manager:/home/sevnova/projects/fsm_simulation_plan/alpha_fsm/fsm_ws/install/safety_monitor:/home/sevnova/projects/fsm_simulation_plan/alpha_fsm/fsm_ws/install/perception_adapter:/home/sevnova/projects/fsm_simulation_plan/alpha_fsm/fsm_ws/install/pair_grasp_execution:/home/sevnova/projects/fsm_simulation_plan/alpha_fsm/fsm_ws/install/navigation_manager:/home/sevnova/projects/fsm_simulation_plan/alpha_fsm/fsm_ws/install/isaac_sim_bridge:/home/sevnova/projects/fsm_simulation_plan/alpha_fsm/fsm_ws/install/fsm_core:/opt/ros/humble CONDA_PROMPT_MODIFIER=(base) /usr/bin/cmake --install /home/sevnova/ros2_ws/build/robot_msgs
[0.807s] Level 1:colcon.colcon_core.environment:checking '/home/sevnova/ros2_ws/install/robot_msgs' for CMake module files
[0.808s] Level 1:colcon.colcon_core.environment:checking '/home/sevnova/ros2_ws/install/robot_msgs' for CMake config files
[0.809s] Level 1:colcon.colcon_core.shell:create_environment_hook('robot_msgs', 'cmake_prefix_path')
[0.809s] INFO:colcon.colcon_core.shell:Creating environment hook '/home/sevnova/ros2_ws/install/robot_msgs/share/robot_msgs/hook/cmake_prefix_path.ps1'
[0.810s] INFO:colcon.colcon_core.shell:Creating environment descriptor '/home/sevnova/ros2_ws/install/robot_msgs/share/robot_msgs/hook/cmake_prefix_path.dsv'
[0.810s] INFO:colcon.colcon_core.shell:Creating environment hook '/home/sevnova/ros2_ws/install/robot_msgs/share/robot_msgs/hook/cmake_prefix_path.sh'
[0.811s] Level 1:colcon.colcon_core.environment:checking '/home/sevnova/ros2_ws/install/robot_msgs/lib'
[0.811s] Level 1:colcon.colcon_core.shell:create_environment_hook('robot_msgs', 'ld_library_path_lib')
[0.811s] INFO:colcon.colcon_core.shell:Creating environment hook '/home/sevnova/ros2_ws/install/robot_msgs/share/robot_msgs/hook/ld_library_path_lib.ps1'
[0.811s] INFO:colcon.colcon_core.shell:Creating environment descriptor '/home/sevnova/ros2_ws/install/robot_msgs/share/robot_msgs/hook/ld_library_path_lib.dsv'
[0.811s] INFO:colcon.colcon_core.shell:Creating environment hook '/home/sevnova/ros2_ws/install/robot_msgs/share/robot_msgs/hook/ld_library_path_lib.sh'
[0.812s] Level 1:colcon.colcon_core.environment:checking '/home/sevnova/ros2_ws/install/robot_msgs/bin'
[0.812s] Level 1:colcon.colcon_core.environment:checking '/home/sevnova/ros2_ws/install/robot_msgs/lib/pkgconfig/robot_msgs.pc'
[0.812s] Level 1:colcon.colcon_core.environment:checking '/home/sevnova/ros2_ws/install/robot_msgs/lib/python3.10/site-packages'
[0.812s] Level 1:colcon.colcon_core.environment:checking '/home/sevnova/ros2_ws/install/robot_msgs/bin'
[0.812s] INFO:colcon.colcon_core.shell:Creating package script '/home/sevnova/ros2_ws/install/robot_msgs/share/robot_msgs/package.ps1'
[0.813s] INFO:colcon.colcon_core.shell:Creating package descriptor '/home/sevnova/ros2_ws/install/robot_msgs/share/robot_msgs/package.dsv'
[0.813s] INFO:colcon.colcon_core.shell:Creating package script '/home/sevnova/ros2_ws/install/robot_msgs/share/robot_msgs/package.sh'
[0.814s] INFO:colcon.colcon_core.shell:Creating package script '/home/sevnova/ros2_ws/install/robot_msgs/share/robot_msgs/package.bash'
[0.814s] INFO:colcon.colcon_core.shell:Creating package script '/home/sevnova/ros2_ws/install/robot_msgs/share/robot_msgs/package.zsh'
[0.815s] Level 1:colcon.colcon_core.environment:create_file_with_runtime_dependencies(/home/sevnova/ros2_ws/install/robot_msgs/share/colcon-core/packages/robot_msgs)
[0.815s] Level 1:colcon.colcon_core.environment:create_environment_scripts_only(robot_msgs)
[0.815s] Level 1:colcon.colcon_core.environment:checking '/home/sevnova/ros2_ws/install/robot_msgs' for CMake module files
[0.816s] Level 1:colcon.colcon_core.environment:checking '/home/sevnova/ros2_ws/install/robot_msgs' for CMake config files
[0.816s] Level 1:colcon.colcon_core.shell:create_environment_hook('robot_msgs', 'cmake_prefix_path')
[0.816s] INFO:colcon.colcon_core.shell:Creating environment hook '/home/sevnova/ros2_ws/install/robot_msgs/share/robot_msgs/hook/cmake_prefix_path.ps1'
[0.816s] INFO:colcon.colcon_core.shell:Creating environment descriptor '/home/sevnova/ros2_ws/install/robot_msgs/share/robot_msgs/hook/cmake_prefix_path.dsv'
[0.816s] INFO:colcon.colcon_core.shell:Creating environment hook '/home/sevnova/ros2_ws/install/robot_msgs/share/robot_msgs/hook/cmake_prefix_path.sh'
[0.816s] Level 1:colcon.colcon_core.environment:checking '/home/sevnova/ros2_ws/install/robot_msgs/lib'
[0.816s] Level 1:colcon.colcon_core.shell:create_environment_hook('robot_msgs', 'ld_library_path_lib')
[0.816s] INFO:colcon.colcon_core.shell:Creating environment hook '/home/sevnova/ros2_ws/install/robot_msgs/share/robot_msgs/hook/ld_library_path_lib.ps1'
[0.817s] INFO:colcon.colcon_core.shell:Creating environment descriptor '/home/sevnova/ros2_ws/install/robot_msgs/share/robot_msgs/hook/ld_library_path_lib.dsv'
[0.817s] INFO:colcon.colcon_core.shell:Creating environment hook '/home/sevnova/ros2_ws/install/robot_msgs/share/robot_msgs/hook/ld_library_path_lib.sh'
[0.817s] Level 1:colcon.colcon_core.environment:checking '/home/sevnova/ros2_ws/install/robot_msgs/bin'
[0.817s] Level 1:colcon.colcon_core.environment:checking '/home/sevnova/ros2_ws/install/robot_msgs/lib/pkgconfig/robot_msgs.pc'
[0.817s] Level 1:colcon.colcon_core.environment:checking '/home/sevnova/ros2_ws/install/robot_msgs/lib/python3.10/site-packages'
[0.817s] Level 1:colcon.colcon_core.environment:checking '/home/sevnova/ros2_ws/install/robot_msgs/bin'
[0.817s] INFO:colcon.colcon_core.shell:Creating package script '/home/sevnova/ros2_ws/install/robot_msgs/share/robot_msgs/package.ps1'
[0.818s] INFO:colcon.colcon_core.shell:Creating package descriptor '/home/sevnova/ros2_ws/install/robot_msgs/share/robot_msgs/package.dsv'
[0.818s] INFO:colcon.colcon_core.shell:Creating package script '/home/sevnova/ros2_ws/install/robot_msgs/share/robot_msgs/package.sh'
[0.818s] INFO:colcon.colcon_core.shell:Creating package script '/home/sevnova/ros2_ws/install/robot_msgs/share/robot_msgs/package.bash'
[0.818s] INFO:colcon.colcon_core.shell:Creating package script '/home/sevnova/ros2_ws/install/robot_msgs/share/robot_msgs/package.zsh'
[0.818s] Level 1:colcon.colcon_core.environment:create_file_with_runtime_dependencies(/home/sevnova/ros2_ws/install/robot_msgs/share/colcon-core/packages/robot_msgs)
[0.819s] INFO:colcon.colcon_ros.task.ament_python.build:Building ROS package in '/home/sevnova/ros2_ws/src/robot_state_machine' with build type 'ament_python'
[0.819s] Level 1:colcon.colcon_core.shell:create_environment_hook('robot_state_machine', 'ament_prefix_path')
[0.819s] INFO:colcon.colcon_core.shell:Creating environment hook '/home/sevnova/ros2_ws/install/robot_state_machine/share/robot_state_machine/hook/ament_prefix_path.ps1'
[0.820s] INFO:colcon.colcon_core.shell:Creating environment descriptor '/home/sevnova/ros2_ws/install/robot_state_machine/share/robot_state_machine/hook/ament_prefix_path.dsv'
[0.820s] INFO:colcon.colcon_core.shell:Creating environment hook '/home/sevnova/ros2_ws/install/robot_state_machine/share/robot_state_machine/hook/ament_prefix_path.sh'
[0.820s] INFO:colcon.colcon_core.shell:Skip shell extension 'powershell' for command environment: Not usable outside of PowerShell
[0.820s] DEBUG:colcon.colcon_core.shell:Skip shell extension 'dsv' for command environment
[0.969s] INFO:colcon.colcon_core.task.python.build:Building Python package in '/home/sevnova/ros2_ws/src/robot_state_machine'
[0.969s] INFO:colcon.colcon_core.shell:Skip shell extension 'powershell' for command environment: Not usable outside of PowerShell
[0.969s] DEBUG:colcon.colcon_core.shell:Skip shell extension 'dsv' for command environment
[1.020s] DEBUG:colcon.colcon_core.task.python.build:Available setuptools commands: symlink_data, sdist, clean, install_data, upload, develop, dist_info, upload_docs, bdist, check, update_catalog, build_clib, bdist_egg, build_scripts, bdist_rpm, alias, install_lib, install_scripts, install_headers, build, install_egg_info, saveopts, egg_info, init_catalog, extract_messages, bdist_wheel, register, easy_install, rotate, install, test, bdist_dumb, build_ext, build_py, setopt, compile_catalog
[1.020s] DEBUG:colcon.colcon_core.task.python.build:Available setuptools commands: symlink_data, sdist, clean, install_data, upload, develop, dist_info, upload_docs, bdist, check, update_catalog, build_clib, bdist_egg, build_scripts, bdist_rpm, alias, install_lib, install_scripts, install_headers, build, install_egg_info, saveopts, egg_info, init_catalog, extract_messages, bdist_wheel, register, easy_install, rotate, install, test, bdist_dumb, build_ext, build_py, setopt, compile_catalog
[1.168s] DEBUG:colcon.colcon_core.task.python.build:Available setuptools commands: symlink_data, sdist, clean, install_data, upload, develop, dist_info, upload_docs, bdist, check, update_catalog, build_clib, bdist_egg, build_scripts, bdist_rpm, alias, install_lib, install_scripts, install_headers, build, install_egg_info, saveopts, egg_info, init_catalog, extract_messages, bdist_wheel, register, easy_install, rotate, install, test, bdist_dumb, build_ext, build_py, setopt, compile_catalog
[1.173s] DEBUG:colcon.colcon_core.task.python.build:Available setuptools 'develop' options: --local-snapshots-ok, --dry-run, --user, --zip-ok, --help, --prefix, --always-unzip, --uninstall, --no-user-cfg, --index-url, --find-links, --quiet, --always-copy, --exclude-scripts, --build-directory, --version, --allow-hosts, --record, --verbose, --site-dirs, --optimize, --egg-path, --editable, --no-find-links, --install-layout, --multi-version, --upgrade, --script-dir, --install-dir, --force-installation-into-system-dir, --no-deps
[1.176s] DEBUG:colcon.colcon_core.event_handler.log_command:Invoking command in '/home/sevnova/ros2_ws/build/isaac_visualization_bridge': CONDA_PROMPT_MODIFIER=(base) PYTHONPATH=/home/sevnova/ros2_ws/build/isaac_visualization_bridge/prefix_override:/usr/lib/python3/dist-packages/colcon_core/task/python/colcon_distutils_commands:/home/sevnova/ros2_ws/install/isaac_visualization_bridge/lib/python3.10/site-packages:${PYTHONPATH} /usr/bin/python3 -W ignore:setup.py install is deprecated -W ignore:easy_install command is deprecated setup.py develop --editable --build-directory /home/sevnova/ros2_ws/build/isaac_visualization_bridge/build --no-deps symlink_data
[1.194s] DEBUG:colcon.colcon_core.task.python.build:Available setuptools 'develop' options: --local-snapshots-ok, --dry-run, --user, --zip-ok, --help, --prefix, --always-unzip, --uninstall, --no-user-cfg, --index-url, --find-links, --quiet, --always-copy, --exclude-scripts, --build-directory, --version, --allow-hosts, --record, --verbose, --site-dirs, --optimize, --egg-path, --editable, --no-find-links, --install-layout, --multi-version, --upgrade, --script-dir, --install-dir, --force-installation-into-system-dir, --no-deps
[1.196s] DEBUG:colcon.colcon_core.event_handler.log_command:Invoking command in '/home/sevnova/ros2_ws/build/robot_navigation': CONDA_PROMPT_MODIFIER=(base) PYTHONPATH=/home/sevnova/ros2_ws/build/robot_navigation/prefix_override:/usr/lib/python3/dist-packages/colcon_core/task/python/colcon_distutils_commands:/home/sevnova/ros2_ws/install/robot_navigation/lib/python3.10/site-packages:${PYTHONPATH} /usr/bin/python3 -W ignore:setup.py install is deprecated -W ignore:easy_install command is deprecated setup.py develop --editable --build-directory /home/sevnova/ros2_ws/build/robot_navigation/build --no-deps symlink_data
[1.323s] DEBUG:colcon.colcon_core.task.python.build:Available setuptools 'develop' options: --local-snapshots-ok, --dry-run, --user, --zip-ok, --help, --prefix, --always-unzip, --uninstall, --no-user-cfg, --index-url, --find-links, --quiet, --always-copy, --exclude-scripts, --build-directory, --version, --allow-hosts, --record, --verbose, --site-dirs, --optimize, --egg-path, --editable, --no-find-links, --install-layout, --multi-version, --upgrade, --script-dir, --install-dir, --force-installation-into-system-dir, --no-deps
[1.325s] DEBUG:colcon.colcon_core.event_handler.log_command:Invoking command in '/home/sevnova/ros2_ws/build/robot_state_machine': AMENT_PREFIX_PATH=/home/sevnova/ros2_ws/install/robot_msgs:${AMENT_PREFIX_PATH} CMAKE_PREFIX_PATH=/home/sevnova/ros2_ws/install/robot_msgs:${CMAKE_PREFIX_PATH} CONDA_PROMPT_MODIFIER=(base) LD_LIBRARY_PATH=/home/sevnova/ros2_ws/install/robot_msgs/lib:${LD_LIBRARY_PATH} PYTHONPATH=/home/sevnova/ros2_ws/build/robot_state_machine/prefix_override:/usr/lib/python3/dist-packages/colcon_core/task/python/colcon_distutils_commands:/home/sevnova/ros2_ws/install/robot_state_machine/lib/python3.10/site-packages:/home/sevnova/ros2_ws/install/robot_msgs/local/lib/python3.10/dist-packages:${PYTHONPATH} /usr/bin/python3 -W ignore:setup.py install is deprecated -W ignore:easy_install command is deprecated setup.py develop --editable --build-directory /home/sevnova/ros2_ws/build/robot_state_machine/build --no-deps symlink_data
[1.430s] Level 1:colcon.colcon_core.shell:create_environment_hook('isaac_visualization_bridge', 'pythonpath_develop')
[1.431s] INFO:colcon.colcon_core.shell:Creating environment hook '/home/sevnova/ros2_ws/build/isaac_visualization_bridge/share/isaac_visualization_bridge/hook/pythonpath_develop.ps1'
[1.431s] DEBUG:colcon.colcon_core.event_handler.log_command:Invoked command in '/home/sevnova/ros2_ws/build/isaac_visualization_bridge' returned '0': CONDA_PROMPT_MODIFIER=(base) PYTHONPATH=/home/sevnova/ros2_ws/build/isaac_visualization_bridge/prefix_override:/usr/lib/python3/dist-packages/colcon_core/task/python/colcon_distutils_commands:/home/sevnova/ros2_ws/install/isaac_visualization_bridge/lib/python3.10/site-packages:${PYTHONPATH} /usr/bin/python3 -W ignore:setup.py install is deprecated -W ignore:easy_install command is deprecated setup.py develop --editable --build-directory /home/sevnova/ros2_ws/build/isaac_visualization_bridge/build --no-deps symlink_data
[1.431s] INFO:colcon.colcon_core.shell:Creating environment descriptor '/home/sevnova/ros2_ws/build/isaac_visualization_bridge/share/isaac_visualization_bridge/hook/pythonpath_develop.dsv'
[1.432s] INFO:colcon.colcon_core.shell:Creating environment hook '/home/sevnova/ros2_ws/build/isaac_visualization_bridge/share/isaac_visualization_bridge/hook/pythonpath_develop.sh'
[1.432s] Level 1:colcon.colcon_core.environment:checking '/home/sevnova/ros2_ws/install/isaac_visualization_bridge' for CMake module files
[1.432s] Level 1:colcon.colcon_core.environment:checking '/home/sevnova/ros2_ws/install/isaac_visualization_bridge' for CMake config files
[1.434s] Level 1:colcon.colcon_core.environment:checking '/home/sevnova/ros2_ws/install/isaac_visualization_bridge/lib'
[1.434s] Level 1:colcon.colcon_core.environment:checking '/home/sevnova/ros2_ws/install/isaac_visualization_bridge/bin'
[1.434s] Level 1:colcon.colcon_core.environment:checking '/home/sevnova/ros2_ws/install/isaac_visualization_bridge/lib/pkgconfig/isaac_visualization_bridge.pc'
[1.434s] Level 1:colcon.colcon_core.environment:checking '/home/sevnova/ros2_ws/install/isaac_visualization_bridge/lib/python3.10/site-packages'
[1.434s] Level 1:colcon.colcon_core.shell:create_environment_hook('isaac_visualization_bridge', 'pythonpath')
[1.434s] INFO:colcon.colcon_core.shell:Creating environment hook '/home/sevnova/ros2_ws/install/isaac_visualization_bridge/share/isaac_visualization_bridge/hook/pythonpath.ps1'
[1.434s] INFO:colcon.colcon_core.shell:Creating environment descriptor '/home/sevnova/ros2_ws/install/isaac_visualization_bridge/share/isaac_visualization_bridge/hook/pythonpath.dsv'
[1.435s] INFO:colcon.colcon_core.shell:Creating environment hook '/home/sevnova/ros2_ws/install/isaac_visualization_bridge/share/isaac_visualization_bridge/hook/pythonpath.sh'
[1.435s] Level 1:colcon.colcon_core.environment:checking '/home/sevnova/ros2_ws/install/isaac_visualization_bridge/bin'
[1.435s] Level 1:colcon.colcon_core.environment:create_environment_scripts_only(isaac_visualization_bridge)
[1.435s] INFO:colcon.colcon_core.shell:Creating package script '/home/sevnova/ros2_ws/install/isaac_visualization_bridge/share/isaac_visualization_bridge/package.ps1'
[1.436s] INFO:colcon.colcon_core.shell:Creating package descriptor '/home/sevnova/ros2_ws/install/isaac_visualization_bridge/share/isaac_visualization_bridge/package.dsv'
[1.436s] INFO:colcon.colcon_core.shell:Creating package script '/home/sevnova/ros2_ws/install/isaac_visualization_bridge/share/isaac_visualization_bridge/package.sh'
[1.436s] INFO:colcon.colcon_core.shell:Creating package script '/home/sevnova/ros2_ws/install/isaac_visualization_bridge/share/isaac_visualization_bridge/package.bash'
[1.436s] INFO:colcon.colcon_core.shell:Creating package script '/home/sevnova/ros2_ws/install/isaac_visualization_bridge/share/isaac_visualization_bridge/package.zsh'
[1.436s] Level 1:colcon.colcon_core.environment:create_file_with_runtime_dependencies(/home/sevnova/ros2_ws/install/isaac_visualization_bridge/share/colcon-core/packages/isaac_visualization_bridge)
[1.443s] Level 1:colcon.colcon_core.shell:create_environment_hook('robot_navigation', 'pythonpath_develop')
[1.443s] DEBUG:colcon.colcon_core.event_handler.log_command:Invoked command in '/home/sevnova/ros2_ws/build/robot_navigation' returned '0': CONDA_PROMPT_MODIFIER=(base) PYTHONPATH=/home/sevnova/ros2_ws/build/robot_navigation/prefix_override:/usr/lib/python3/dist-packages/colcon_core/task/python/colcon_distutils_commands:/home/sevnova/ros2_ws/install/robot_navigation/lib/python3.10/site-packages:${PYTHONPATH} /usr/bin/python3 -W ignore:setup.py install is deprecated -W ignore:easy_install command is deprecated setup.py develop --editable --build-directory /home/sevnova/ros2_ws/build/robot_navigation/build --no-deps symlink_data
[1.444s] INFO:colcon.colcon_core.shell:Creating environment hook '/home/sevnova/ros2_ws/build/robot_navigation/share/robot_navigation/hook/pythonpath_develop.ps1'
[1.444s] INFO:colcon.colcon_core.shell:Creating environment descriptor '/home/sevnova/ros2_ws/build/robot_navigation/share/robot_navigation/hook/pythonpath_develop.dsv'
[1.444s] INFO:colcon.colcon_core.shell:Creating environment hook '/home/sevnova/ros2_ws/build/robot_navigation/share/robot_navigation/hook/pythonpath_develop.sh'
[1.444s] Level 1:colcon.colcon_core.environment:checking '/home/sevnova/ros2_ws/install/robot_navigation' for CMake module files
[1.445s] Level 1:colcon.colcon_core.environment:checking '/home/sevnova/ros2_ws/install/robot_navigation' for CMake config files
[1.447s] Level 1:colcon.colcon_core.environment:checking '/home/sevnova/ros2_ws/install/robot_navigation/lib'
[1.447s] Level 1:colcon.colcon_core.environment:checking '/home/sevnova/ros2_ws/install/robot_navigation/bin'
[1.447s] Level 1:colcon.colcon_core.environment:checking '/home/sevnova/ros2_ws/install/robot_navigation/lib/pkgconfig/robot_navigation.pc'
[1.447s] Level 1:colcon.colcon_core.environment:checking '/home/sevnova/ros2_ws/install/robot_navigation/lib/python3.10/site-packages'
[1.447s] Level 1:colcon.colcon_core.shell:create_environment_hook('robot_navigation', 'pythonpath')
[1.447s] INFO:colcon.colcon_core.shell:Creating environment hook '/home/sevnova/ros2_ws/install/robot_navigation/share/robot_navigation/hook/pythonpath.ps1'
[1.447s] INFO:colcon.colcon_core.shell:Creating environment descriptor '/home/sevnova/ros2_ws/install/robot_navigation/share/robot_navigation/hook/pythonpath.dsv'
[1.447s] INFO:colcon.colcon_core.shell:Creating environment hook '/home/sevnova/ros2_ws/install/robot_navigation/share/robot_navigation/hook/pythonpath.sh'
[1.448s] Level 1:colcon.colcon_core.environment:checking '/home/sevnova/ros2_ws/install/robot_navigation/bin'
[1.448s] Level 1:colcon.colcon_core.environment:create_environment_scripts_only(robot_navigation)
[1.448s] INFO:colcon.colcon_core.shell:Creating package script '/home/sevnova/ros2_ws/install/robot_navigation/share/robot_navigation/package.ps1'
[1.448s] INFO:colcon.colcon_core.shell:Creating package descriptor '/home/sevnova/ros2_ws/install/robot_navigation/share/robot_navigation/package.dsv'
[1.448s] INFO:colcon.colcon_core.shell:Creating package script '/home/sevnova/ros2_ws/install/robot_navigation/share/robot_navigation/package.sh'
[1.449s] INFO:colcon.colcon_core.shell:Creating package script '/home/sevnova/ros2_ws/install/robot_navigation/share/robot_navigation/package.bash'
[1.449s] INFO:colcon.colcon_core.shell:Creating package script '/home/sevnova/ros2_ws/install/robot_navigation/share/robot_navigation/package.zsh'
[1.449s] Level 1:colcon.colcon_core.environment:create_file_with_runtime_dependencies(/home/sevnova/ros2_ws/install/robot_navigation/share/colcon-core/packages/robot_navigation)
[1.560s] Level 1:colcon.colcon_core.shell:create_environment_hook('robot_state_machine', 'pythonpath_develop')
[1.561s] INFO:colcon.colcon_core.shell:Creating environment hook '/home/sevnova/ros2_ws/build/robot_state_machine/share/robot_state_machine/hook/pythonpath_develop.ps1'
[1.561s] DEBUG:colcon.colcon_core.event_handler.log_command:Invoked command in '/home/sevnova/ros2_ws/build/robot_state_machine' returned '0': AMENT_PREFIX_PATH=/home/sevnova/ros2_ws/install/robot_msgs:${AMENT_PREFIX_PATH} CMAKE_PREFIX_PATH=/home/sevnova/ros2_ws/install/robot_msgs:${CMAKE_PREFIX_PATH} CONDA_PROMPT_MODIFIER=(base) LD_LIBRARY_PATH=/home/sevnova/ros2_ws/install/robot_msgs/lib:${LD_LIBRARY_PATH} PYTHONPATH=/home/sevnova/ros2_ws/build/robot_state_machine/prefix_override:/usr/lib/python3/dist-packages/colcon_core/task/python/colcon_distutils_commands:/home/sevnova/ros2_ws/install/robot_state_machine/lib/python3.10/site-packages:/home/sevnova/ros2_ws/install/robot_msgs/local/lib/python3.10/dist-packages:${PYTHONPATH} /usr/bin/python3 -W ignore:setup.py install is deprecated -W ignore:easy_install command is deprecated setup.py develop --editable --build-directory /home/sevnova/ros2_ws/build/robot_state_machine/build --no-deps symlink_data
[1.561s] INFO:colcon.colcon_core.shell:Creating environment descriptor '/home/sevnova/ros2_ws/build/robot_state_machine/share/robot_state_machine/hook/pythonpath_develop.dsv'
[1.562s] INFO:colcon.colcon_core.shell:Creating environment hook '/home/sevnova/ros2_ws/build/robot_state_machine/share/robot_state_machine/hook/pythonpath_develop.sh'
[1.562s] Level 1:colcon.colcon_core.environment:checking '/home/sevnova/ros2_ws/install/robot_state_machine' for CMake module files
[1.562s] Level 1:colcon.colcon_core.environment:checking '/home/sevnova/ros2_ws/install/robot_state_machine' for CMake config files
[1.565s] Level 1:colcon.colcon_core.environment:checking '/home/sevnova/ros2_ws/install/robot_state_machine/lib'
[1.565s] Level 1:colcon.colcon_core.environment:checking '/home/sevnova/ros2_ws/install/robot_state_machine/bin'
[1.565s] Level 1:colcon.colcon_core.environment:checking '/home/sevnova/ros2_ws/install/robot_state_machine/lib/pkgconfig/robot_state_machine.pc'
[1.565s] Level 1:colcon.colcon_core.environment:checking '/home/sevnova/ros2_ws/install/robot_state_machine/lib/python3.10/site-packages'
[1.565s] Level 1:colcon.colcon_core.shell:create_environment_hook('robot_state_machine', 'pythonpath')
[1.566s] INFO:colcon.colcon_core.shell:Creating environment hook '/home/sevnova/ros2_ws/install/robot_state_machine/share/robot_state_machine/hook/pythonpath.ps1'
[1.566s] INFO:colcon.colcon_core.shell:Creating environment descriptor '/home/sevnova/ros2_ws/install/robot_state_machine/share/robot_state_machine/hook/pythonpath.dsv'
[1.566s] INFO:colcon.colcon_core.shell:Creating environment hook '/home/sevnova/ros2_ws/install/robot_state_machine/share/robot_state_machine/hook/pythonpath.sh'
[1.567s] Level 1:colcon.colcon_core.environment:checking '/home/sevnova/ros2_ws/install/robot_state_machine/bin'
[1.567s] Level 1:colcon.colcon_core.environment:create_environment_scripts_only(robot_state_machine)
[1.567s] INFO:colcon.colcon_core.shell:Creating package script '/home/sevnova/ros2_ws/install/robot_state_machine/share/robot_state_machine/package.ps1'
[1.567s] INFO:colcon.colcon_core.shell:Creating package descriptor '/home/sevnova/ros2_ws/install/robot_state_machine/share/robot_state_machine/package.dsv'
[1.567s] INFO:colcon.colcon_core.shell:Creating package script '/home/sevnova/ros2_ws/install/robot_state_machine/share/robot_state_machine/package.sh'
[1.568s] INFO:colcon.colcon_core.shell:Creating package script '/home/sevnova/ros2_ws/install/robot_state_machine/share/robot_state_machine/package.bash'
[1.568s] INFO:colcon.colcon_core.shell:Creating package script '/home/sevnova/ros2_ws/install/robot_state_machine/share/robot_state_machine/package.zsh'
[1.568s] Level 1:colcon.colcon_core.environment:create_file_with_runtime_dependencies(/home/sevnova/ros2_ws/install/robot_state_machine/share/colcon-core/packages/robot_state_machine)
[1.568s] INFO:colcon.colcon_ros.task.ament_python.build:Building ROS package in '/home/sevnova/ros2_ws/src/robot_bringup' with build type 'ament_python'
[1.568s] Level 1:colcon.colcon_core.shell:create_environment_hook('robot_bringup', 'ament_prefix_path')
[1.568s] INFO:colcon.colcon_core.shell:Creating environment hook '/home/sevnova/ros2_ws/install/robot_bringup/share/robot_bringup/hook/ament_prefix_path.ps1'
[1.569s] INFO:colcon.colcon_core.shell:Creating environment descriptor '/home/sevnova/ros2_ws/install/robot_bringup/share/robot_bringup/hook/ament_prefix_path.dsv'
[1.569s] INFO:colcon.colcon_core.shell:Creating environment hook '/home/sevnova/ros2_ws/install/robot_bringup/share/robot_bringup/hook/ament_prefix_path.sh'
[1.570s] INFO:colcon.colcon_core.shell:Skip shell extension 'powershell' for command environment: Not usable outside of PowerShell
[1.570s] DEBUG:colcon.colcon_core.shell:Skip shell extension 'dsv' for command environment
[1.714s] INFO:colcon.colcon_core.task.python.build:Building Python package in '/home/sevnova/ros2_ws/src/robot_bringup'
[1.714s] INFO:colcon.colcon_core.shell:Skip shell extension 'powershell' for command environment: Not usable outside of PowerShell
[1.714s] DEBUG:colcon.colcon_core.shell:Skip shell extension 'dsv' for command environment
[1.928s] DEBUG:colcon.colcon_core.task.python.build:Available setuptools commands: symlink_data, sdist, clean, install_data, upload, develop, dist_info, upload_docs, bdist, check, update_catalog, build_clib, bdist_egg, build_scripts, bdist_rpm, alias, install_lib, install_scripts, install_headers, build, install_egg_info, saveopts, egg_info, init_catalog, extract_messages, bdist_wheel, register, easy_install, rotate, install, test, bdist_dumb, build_ext, build_py, setopt, compile_catalog
[2.080s] DEBUG:colcon.colcon_core.task.python.build:Available setuptools 'develop' options: --local-snapshots-ok, --dry-run, --user, --zip-ok, --help, --prefix, --always-unzip, --uninstall, --no-user-cfg, --index-url, --find-links, --quiet, --always-copy, --exclude-scripts, --build-directory, --version, --allow-hosts, --record, --verbose, --site-dirs, --optimize, --egg-path, --editable, --no-find-links, --install-layout, --multi-version, --upgrade, --script-dir, --install-dir, --force-installation-into-system-dir, --no-deps
[2.082s] DEBUG:colcon.colcon_core.event_handler.log_command:Invoking command in '/home/sevnova/ros2_ws/build/robot_bringup': AMENT_PREFIX_PATH=/home/sevnova/ros2_ws/install/robot_state_machine:/home/sevnova/ros2_ws/install/robot_navigation:/home/sevnova/ros2_ws/install/robot_msgs:/home/sevnova/ros2_ws/install/isaac_visualization_bridge:${AMENT_PREFIX_PATH} CMAKE_PREFIX_PATH=/home/sevnova/ros2_ws/install/robot_msgs:${CMAKE_PREFIX_PATH} CONDA_PROMPT_MODIFIER=(base) LD_LIBRARY_PATH=/home/sevnova/ros2_ws/install/robot_msgs/lib:${LD_LIBRARY_PATH} PYTHONPATH=/home/sevnova/ros2_ws/build/robot_bringup/prefix_override:/usr/lib/python3/dist-packages/colcon_core/task/python/colcon_distutils_commands:/home/sevnova/ros2_ws/install/robot_bringup/lib/python3.10/site-packages:/home/sevnova/ros2_ws/build/robot_state_machine:/home/sevnova/ros2_ws/install/robot_state_machine/lib/python3.10/site-packages:/home/sevnova/ros2_ws/build/robot_navigation:/home/sevnova/ros2_ws/install/robot_navigation/lib/python3.10/site-packages:/home/sevnova/ros2_ws/install/robot_msgs/local/lib/python3.10/dist-packages:/home/sevnova/ros2_ws/build/isaac_visualization_bridge:/home/sevnova/ros2_ws/install/isaac_visualization_bridge/lib/python3.10/site-packages:${PYTHONPATH} /usr/bin/python3 -W ignore:setup.py install is deprecated -W ignore:easy_install command is deprecated setup.py develop --editable --build-directory /home/sevnova/ros2_ws/build/robot_bringup/build --no-deps symlink_data
[2.329s] Level 1:colcon.colcon_core.shell:create_environment_hook('robot_bringup', 'pythonpath_develop')
[2.330s] DEBUG:colcon.colcon_core.event_handler.log_command:Invoked command in '/home/sevnova/ros2_ws/build/robot_bringup' returned '0': AMENT_PREFIX_PATH=/home/sevnova/ros2_ws/install/robot_state_machine:/home/sevnova/ros2_ws/install/robot_navigation:/home/sevnova/ros2_ws/install/robot_msgs:/home/sevnova/ros2_ws/install/isaac_visualization_bridge:${AMENT_PREFIX_PATH} CMAKE_PREFIX_PATH=/home/sevnova/ros2_ws/install/robot_msgs:${CMAKE_PREFIX_PATH} CONDA_PROMPT_MODIFIER=(base) LD_LIBRARY_PATH=/home/sevnova/ros2_ws/install/robot_msgs/lib:${LD_LIBRARY_PATH} PYTHONPATH=/home/sevnova/ros2_ws/build/robot_bringup/prefix_override:/usr/lib/python3/dist-packages/colcon_core/task/python/colcon_distutils_commands:/home/sevnova/ros2_ws/install/robot_bringup/lib/python3.10/site-packages:/home/sevnova/ros2_ws/build/robot_state_machine:/home/sevnova/ros2_ws/install/robot_state_machine/lib/python3.10/site-packages:/home/sevnova/ros2_ws/build/robot_navigation:/home/sevnova/ros2_ws/install/robot_navigation/lib/python3.10/site-packages:/home/sevnova/ros2_ws/install/robot_msgs/local/lib/python3.10/dist-packages:/home/sevnova/ros2_ws/build/isaac_visualization_bridge:/home/sevnova/ros2_ws/install/isaac_visualization_bridge/lib/python3.10/site-packages:${PYTHONPATH} /usr/bin/python3 -W ignore:setup.py install is deprecated -W ignore:easy_install command is deprecated setup.py develop --editable --build-directory /home/sevnova/ros2_ws/build/robot_bringup/build --no-deps symlink_data
[2.330s] INFO:colcon.colcon_core.shell:Creating environment hook '/home/sevnova/ros2_ws/build/robot_bringup/share/robot_bringup/hook/pythonpath_develop.ps1'
[2.330s] INFO:colcon.colcon_core.shell:Creating environment descriptor '/home/sevnova/ros2_ws/build/robot_bringup/share/robot_bringup/hook/pythonpath_develop.dsv'
[2.330s] INFO:colcon.colcon_core.shell:Creating environment hook '/home/sevnova/ros2_ws/build/robot_bringup/share/robot_bringup/hook/pythonpath_develop.sh'
[2.331s] Level 1:colcon.colcon_core.environment:checking '/home/sevnova/ros2_ws/install/robot_bringup' for CMake module files
[2.331s] Level 1:colcon.colcon_core.environment:checking '/home/sevnova/ros2_ws/install/robot_bringup' for CMake config files
[2.332s] Level 1:colcon.colcon_core.environment:checking '/home/sevnova/ros2_ws/install/robot_bringup/lib'
[2.333s] Level 1:colcon.colcon_core.environment:checking '/home/sevnova/ros2_ws/install/robot_bringup/bin'
[2.333s] Level 1:colcon.colcon_core.environment:checking '/home/sevnova/ros2_ws/install/robot_bringup/lib/pkgconfig/robot_bringup.pc'
[2.333s] Level 1:colcon.colcon_core.environment:checking '/home/sevnova/ros2_ws/install/robot_bringup/lib/python3.10/site-packages'
[2.333s] Level 1:colcon.colcon_core.shell:create_environment_hook('robot_bringup', 'pythonpath')
[2.333s] INFO:colcon.colcon_core.shell:Creating environment hook '/home/sevnova/ros2_ws/install/robot_bringup/share/robot_bringup/hook/pythonpath.ps1'
[2.333s] INFO:colcon.colcon_core.shell:Creating environment descriptor '/home/sevnova/ros2_ws/install/robot_bringup/share/robot_bringup/hook/pythonpath.dsv'
[2.333s] INFO:colcon.colcon_core.shell:Creating environment hook '/home/sevnova/ros2_ws/install/robot_bringup/share/robot_bringup/hook/pythonpath.sh'
[2.333s] Level 1:colcon.colcon_core.environment:checking '/home/sevnova/ros2_ws/install/robot_bringup/bin'
[2.333s] Level 1:colcon.colcon_core.environment:create_environment_scripts_only(robot_bringup)
[2.334s] INFO:colcon.colcon_core.shell:Creating package script '/home/sevnova/ros2_ws/install/robot_bringup/share/robot_bringup/package.ps1'
[2.334s] INFO:colcon.colcon_core.shell:Creating package descriptor '/home/sevnova/ros2_ws/install/robot_bringup/share/robot_bringup/package.dsv'
[2.334s] INFO:colcon.colcon_core.shell:Creating package script '/home/sevnova/ros2_ws/install/robot_bringup/share/robot_bringup/package.sh'
[2.334s] INFO:colcon.colcon_core.shell:Creating package script '/home/sevnova/ros2_ws/install/robot_bringup/share/robot_bringup/package.bash'
[2.334s] INFO:colcon.colcon_core.shell:Creating package script '/home/sevnova/ros2_ws/install/robot_bringup/share/robot_bringup/package.zsh'
[2.335s] Level 1:colcon.colcon_core.environment:create_file_with_runtime_dependencies(/home/sevnova/ros2_ws/install/robot_bringup/share/colcon-core/packages/robot_bringup)
[2.335s] DEBUG:colcon.colcon_parallel_executor.executor.parallel:closing loop
[2.335s] DEBUG:colcon.colcon_parallel_executor.executor.parallel:loop closed
[2.335s] DEBUG:colcon.colcon_parallel_executor.executor.parallel:run_until_complete finished with '0'
[2.335s] DEBUG:colcon.colcon_core.event_reactor:joining thread
[2.342s] INFO:colcon.colcon_core.plugin_system:Skipping extension 'colcon_notification.desktop_notification.terminal_notifier': Not used on non-Darwin systems
[2.342s] INFO:colcon.colcon_core.plugin_system:Skipping extension 'colcon_notification.desktop_notification.win32': Not used on non-Windows systems
[2.342s] INFO:colcon.colcon_notification.desktop_notification:Sending desktop notification using 'notify2'
[2.438s] DEBUG:colcon.colcon_core.event_reactor:joined thread
[2.439s] INFO:colcon.colcon_core.shell:Creating prefix script '/home/sevnova/ros2_ws/install/local_setup.ps1'
[2.440s] INFO:colcon.colcon_core.shell:Creating prefix util module '/home/sevnova/ros2_ws/install/_local_setup_util_ps1.py'
[2.441s] INFO:colcon.colcon_core.shell:Creating prefix chain script '/home/sevnova/ros2_ws/install/setup.ps1'
[2.442s] INFO:colcon.colcon_core.shell:Creating prefix script '/home/sevnova/ros2_ws/install/local_setup.sh'
[2.442s] INFO:colcon.colcon_core.shell:Creating prefix util module '/home/sevnova/ros2_ws/install/_local_setup_util_sh.py'
[2.443s] INFO:colcon.colcon_core.shell:Creating prefix chain script '/home/sevnova/ros2_ws/install/setup.sh'
[2.444s] INFO:colcon.colcon_core.shell:Creating prefix script '/home/sevnova/ros2_ws/install/local_setup.bash'
[2.444s] INFO:colcon.colcon_core.shell:Creating prefix chain script '/home/sevnova/ros2_ws/install/setup.bash'
[2.445s] INFO:colcon.colcon_core.shell:Creating prefix script '/home/sevnova/ros2_ws/install/local_setup.zsh'
[2.446s] INFO:colcon.colcon_core.shell:Creating prefix chain script '/home/sevnova/ros2_ws/install/setup.zsh'
