[ 12%] Built target robot_msgs__rosidl_generator_c
[  7%] Built target robot_msgs__rs
[ 15%] Built target robot_msgs__cpp
[ 15%] Built target ament_cmake_python_symlink_robot_msgs
[ 35%] Built target robot_msgs__rosidl_typesupport_fastrtps_c
[ 35%] Built target robot_msgs__rosidl_typesupport_c
[ 55%] Built target robot_msgs__rosidl_typesupport_introspection_c
[ 55%] Built target robot_msgs__rosidl_typesupport_introspection_cpp
[ 65%] Built target robot_msgs__rosidl_typesupport_cpp
[ 75%] Built target robot_msgs__rosidl_typesupport_fastrtps_cpp
[ 75%] Built target robot_msgs
[ 77%] Built target robot_msgs__py
[ 85%] Built target robot_msgs__rosidl_generator_py
[ 95%] Built target robot_msgs__rosidl_typesupport_fastrtps_c__pyext
[ 95%] Built target robot_msgs__rosidl_typesupport_c__pyext
[100%] Built target robot_msgs__rosidl_typesupport_introspection_c__pyext
running egg_info
writing robot_msgs.egg-info/PKG-INFO
writing dependency_links to robot_msgs.egg-info/dependency_links.txt
writing top-level names to robot_msgs.egg-info/top_level.txt
reading manifest file 'robot_msgs.egg-info/SOURCES.txt'
writing manifest file 'robot_msgs.egg-info/SOURCES.txt'
[100%] Built target ament_cmake_python_build_robot_msgs_egg
-- Install configuration: ""
-- Execute custom install script
-- Up-to-date symlink: /home/sevnova/ros2_ws/install/robot_msgs/share/ament_index/resource_index/rosidl_interfaces/robot_msgs
-- Up-to-date symlink: /home/sevnova/ros2_ws/install/robot_msgs/include/robot_msgs/robot_msgs/msg/behavior_state.h
-- Up-to-date symlink: /home/sevnova/ros2_ws/install/robot_msgs/include/robot_msgs/robot_msgs/msg/detail/behavior_state__functions.h
-- Up-to-date symlink: /home/sevnova/ros2_ws/install/robot_msgs/include/robot_msgs/robot_msgs/msg/detail/behavior_state__struct.h
-- Up-to-date symlink: /home/sevnova/ros2_ws/install/robot_msgs/include/robot_msgs/robot_msgs/msg/detail/behavior_state__type_support.h
-- Up-to-date symlink: /home/sevnova/ros2_ws/install/robot_msgs/include/robot_msgs/robot_msgs/msg/detail/nav_debug__functions.h
-- Up-to-date symlink: /home/sevnova/ros2_ws/install/robot_msgs/include/robot_msgs/robot_msgs/msg/detail/nav_debug__struct.h
-- Up-to-date symlink: /home/sevnova/ros2_ws/install/robot_msgs/include/robot_msgs/robot_msgs/msg/detail/nav_debug__type_support.h
-- Up-to-date symlink: /home/sevnova/ros2_ws/install/robot_msgs/include/robot_msgs/robot_msgs/msg/nav_debug.h
-- Up-to-date symlink: /home/sevnova/ros2_ws/install/robot_msgs/include/robot_msgs/robot_msgs/msg/rosidl_generator_c__visibility_control.h
-- Up-to-date symlink: /home/sevnova/ros2_ws/install/robot_msgs/share/robot_msgs/environment/library_path.sh
-- Up-to-date symlink: /home/sevnova/ros2_ws/install/robot_msgs/share/robot_msgs/environment/library_path.dsv
-- Up-to-date symlink: /home/sevnova/ros2_ws/install/robot_msgs/include/robot_msgs/robot_msgs/msg/detail/behavior_state__rosidl_typesupport_fastrtps_c.h
-- Up-to-date symlink: /home/sevnova/ros2_ws/install/robot_msgs/include/robot_msgs/robot_msgs/msg/detail/nav_debug__rosidl_typesupport_fastrtps_c.h
-- Up-to-date symlink: /home/sevnova/ros2_ws/install/robot_msgs/include/robot_msgs/robot_msgs/msg/rosidl_typesupport_fastrtps_c__visibility_control.h
-- Up-to-date symlink: /home/sevnova/ros2_ws/install/robot_msgs/include/robot_msgs/robot_msgs/msg/behavior_state.hpp
-- Up-to-date symlink: /home/sevnova/ros2_ws/install/robot_msgs/include/robot_msgs/robot_msgs/msg/detail/behavior_state__builder.hpp
-- Up-to-date symlink: /home/sevnova/ros2_ws/install/robot_msgs/include/robot_msgs/robot_msgs/msg/detail/behavior_state__struct.hpp
-- Up-to-date symlink: /home/sevnova/ros2_ws/install/robot_msgs/include/robot_msgs/robot_msgs/msg/detail/behavior_state__traits.hpp
-- Up-to-date symlink: /home/sevnova/ros2_ws/install/robot_msgs/include/robot_msgs/robot_msgs/msg/detail/behavior_state__type_support.hpp
-- Up-to-date symlink: /home/sevnova/ros2_ws/install/robot_msgs/include/robot_msgs/robot_msgs/msg/detail/nav_debug__builder.hpp
-- Up-to-date symlink: /home/sevnova/ros2_ws/install/robot_msgs/include/robot_msgs/robot_msgs/msg/detail/nav_debug__struct.hpp
-- Up-to-date symlink: /home/sevnova/ros2_ws/install/robot_msgs/include/robot_msgs/robot_msgs/msg/detail/nav_debug__traits.hpp
-- Up-to-date symlink: /home/sevnova/ros2_ws/install/robot_msgs/include/robot_msgs/robot_msgs/msg/detail/nav_debug__type_support.hpp
-- Up-to-date symlink: /home/sevnova/ros2_ws/install/robot_msgs/include/robot_msgs/robot_msgs/msg/nav_debug.hpp
-- Up-to-date symlink: /home/sevnova/ros2_ws/install/robot_msgs/include/robot_msgs/robot_msgs/msg/rosidl_generator_cpp__visibility_control.hpp
-- Up-to-date symlink: /home/sevnova/ros2_ws/install/robot_msgs/include/robot_msgs/robot_msgs/msg/detail/behavior_state__rosidl_typesupport_fastrtps_cpp.hpp
-- Up-to-date symlink: /home/sevnova/ros2_ws/install/robot_msgs/include/robot_msgs/robot_msgs/msg/detail/nav_debug__rosidl_typesupport_fastrtps_cpp.hpp
-- Up-to-date symlink: /home/sevnova/ros2_ws/install/robot_msgs/include/robot_msgs/robot_msgs/msg/rosidl_typesupport_fastrtps_cpp__visibility_control.h
-- Up-to-date symlink: /home/sevnova/ros2_ws/install/robot_msgs/include/robot_msgs/robot_msgs/msg/detail/behavior_state__rosidl_typesupport_introspection_c.h
-- Up-to-date symlink: /home/sevnova/ros2_ws/install/robot_msgs/include/robot_msgs/robot_msgs/msg/detail/nav_debug__rosidl_typesupport_introspection_c.h
-- Up-to-date symlink: /home/sevnova/ros2_ws/install/robot_msgs/include/robot_msgs/robot_msgs/msg/rosidl_typesupport_introspection_c__visibility_control.h
-- Up-to-date symlink: /home/sevnova/ros2_ws/install/robot_msgs/include/robot_msgs/robot_msgs/msg/detail/behavior_state__rosidl_typesupport_introspection_cpp.hpp
-- Up-to-date symlink: /home/sevnova/ros2_ws/install/robot_msgs/include/robot_msgs/robot_msgs/msg/detail/nav_debug__rosidl_typesupport_introspection_cpp.hpp
-- Up-to-date symlink: /home/sevnova/ros2_ws/install/robot_msgs/share/robot_msgs/environment/pythonpath.sh
-- Up-to-date symlink: /home/sevnova/ros2_ws/install/robot_msgs/share/robot_msgs/environment/pythonpath.dsv
-- Up-to-date symlink: /home/sevnova/ros2_ws/install/robot_msgs/local/lib/python3.10/dist-packages/robot_msgs-0.1.0-py3.10.egg-info/PKG-INFO
-- Up-to-date symlink: /home/sevnova/ros2_ws/install/robot_msgs/local/lib/python3.10/dist-packages/robot_msgs-0.1.0-py3.10.egg-info/SOURCES.txt
-- Up-to-date symlink: /home/sevnova/ros2_ws/install/robot_msgs/local/lib/python3.10/dist-packages/robot_msgs-0.1.0-py3.10.egg-info/dependency_links.txt
-- Up-to-date symlink: /home/sevnova/ros2_ws/install/robot_msgs/local/lib/python3.10/dist-packages/robot_msgs-0.1.0-py3.10.egg-info/top_level.txt
-- Up-to-date symlink: /home/sevnova/ros2_ws/install/robot_msgs/local/lib/python3.10/dist-packages/robot_msgs/__init__.py
-- Up-to-date symlink: /home/sevnova/ros2_ws/install/robot_msgs/local/lib/python3.10/dist-packages/robot_msgs/_robot_msgs_s.ep.rosidl_typesupport_c.c
-- Up-to-date symlink: /home/sevnova/ros2_ws/install/robot_msgs/local/lib/python3.10/dist-packages/robot_msgs/_robot_msgs_s.ep.rosidl_typesupport_fastrtps_c.c
-- Up-to-date symlink: /home/sevnova/ros2_ws/install/robot_msgs/local/lib/python3.10/dist-packages/robot_msgs/_robot_msgs_s.ep.rosidl_typesupport_introspection_c.c
-- Up-to-date symlink: /home/sevnova/ros2_ws/install/robot_msgs/local/lib/python3.10/dist-packages/robot_msgs/librobot_msgs__rosidl_generator_py.so
-- Up-to-date symlink: /home/sevnova/ros2_ws/install/robot_msgs/local/lib/python3.10/dist-packages/robot_msgs/msg/__init__.py
-- Up-to-date symlink: /home/sevnova/ros2_ws/install/robot_msgs/local/lib/python3.10/dist-packages/robot_msgs/msg/_behavior_state.py
-- Up-to-date symlink: /home/sevnova/ros2_ws/install/robot_msgs/local/lib/python3.10/dist-packages/robot_msgs/msg/_behavior_state_s.c
-- Up-to-date symlink: /home/sevnova/ros2_ws/install/robot_msgs/local/lib/python3.10/dist-packages/robot_msgs/msg/_nav_debug.py
-- Up-to-date symlink: /home/sevnova/ros2_ws/install/robot_msgs/local/lib/python3.10/dist-packages/robot_msgs/msg/_nav_debug_s.c
-- Up-to-date symlink: /home/sevnova/ros2_ws/install/robot_msgs/local/lib/python3.10/dist-packages/robot_msgs/robot_msgs_s__rosidl_typesupport_c.cpython-310-x86_64-linux-gnu.so
-- Up-to-date symlink: /home/sevnova/ros2_ws/install/robot_msgs/local/lib/python3.10/dist-packages/robot_msgs/robot_msgs_s__rosidl_typesupport_fastrtps_c.cpython-310-x86_64-linux-gnu.so
-- Up-to-date symlink: /home/sevnova/ros2_ws/install/robot_msgs/local/lib/python3.10/dist-packages/robot_msgs/robot_msgs_s__rosidl_typesupport_introspection_c.cpython-310-x86_64-linux-gnu.so
-- Up-to-date symlink: /home/sevnova/ros2_ws/install/robot_msgs/local/lib/python3.10/dist-packages/robot_msgs/robot_msgs_s__rosidl_typesupport_fastrtps_c.cpython-310-x86_64-linux-gnu.so
-- Up-to-date symlink: /home/sevnova/ros2_ws/install/robot_msgs/local/lib/python3.10/dist-packages/robot_msgs/robot_msgs_s__rosidl_typesupport_introspection_c.cpython-310-x86_64-linux-gnu.so
-- Up-to-date symlink: /home/sevnova/ros2_ws/install/robot_msgs/local/lib/python3.10/dist-packages/robot_msgs/robot_msgs_s__rosidl_typesupport_c.cpython-310-x86_64-linux-gnu.so
-- Up-to-date symlink: /home/sevnova/ros2_ws/install/robot_msgs/share/ament_index/resource_index/rust_packages/robot_msgs
-- Up-to-date symlink: /home/sevnova/ros2_ws/install/robot_msgs/share/robot_msgs/rust/Cargo.toml
-- Up-to-date symlink: /home/sevnova/ros2_ws/install/robot_msgs/share/robot_msgs/rust/build.rs
-- Up-to-date symlink: /home/sevnova/ros2_ws/install/robot_msgs/share/robot_msgs/rust/src/lib.rs
-- Up-to-date symlink: /home/sevnova/ros2_ws/install/robot_msgs/share/robot_msgs/rust/src/msg.rs
-- Up-to-date symlink: /home/sevnova/ros2_ws/install/robot_msgs/share/robot_msgs/rust/src/msg/rmw.rs
-- Up-to-date symlink: /home/sevnova/ros2_ws/install/robot_msgs/share/robot_msgs/msg/BehaviorState.idl
-- Up-to-date symlink: /home/sevnova/ros2_ws/install/robot_msgs/share/robot_msgs/msg/NavDebug.idl
-- Up-to-date symlink: /home/sevnova/ros2_ws/install/robot_msgs/share/robot_msgs/msg/BehaviorState.msg
-- Up-to-date symlink: /home/sevnova/ros2_ws/install/robot_msgs/share/robot_msgs/msg/NavDebug.msg
-- Up-to-date symlink: /home/sevnova/ros2_ws/install/robot_msgs/share/ament_index/resource_index/package_run_dependencies/robot_msgs
-- Up-to-date symlink: /home/sevnova/ros2_ws/install/robot_msgs/share/ament_index/resource_index/parent_prefix_path/robot_msgs
-- Up-to-date symlink: /home/sevnova/ros2_ws/install/robot_msgs/share/robot_msgs/environment/ament_prefix_path.sh
-- Up-to-date symlink: /home/sevnova/ros2_ws/install/robot_msgs/share/robot_msgs/environment/ament_prefix_path.dsv
-- Up-to-date symlink: /home/sevnova/ros2_ws/install/robot_msgs/share/robot_msgs/environment/path.sh
-- Up-to-date symlink: /home/sevnova/ros2_ws/install/robot_msgs/share/robot_msgs/environment/path.dsv
-- Up-to-date symlink: /home/sevnova/ros2_ws/install/robot_msgs/share/robot_msgs/local_setup.bash
-- Up-to-date symlink: /home/sevnova/ros2_ws/install/robot_msgs/share/robot_msgs/local_setup.sh
-- Up-to-date symlink: /home/sevnova/ros2_ws/install/robot_msgs/share/robot_msgs/local_setup.zsh
-- Up-to-date symlink: /home/sevnova/ros2_ws/install/robot_msgs/share/robot_msgs/local_setup.dsv
-- Symlinking: /home/sevnova/ros2_ws/install/robot_msgs/share/robot_msgs/package.dsv
-- Up-to-date symlink: /home/sevnova/ros2_ws/install/robot_msgs/share/ament_index/resource_index/packages/robot_msgs
-- Up-to-date symlink: /home/sevnova/ros2_ws/install/robot_msgs/share/robot_msgs/cmake/rosidl_cmake-extras.cmake
-- Up-to-date symlink: /home/sevnova/ros2_ws/install/robot_msgs/share/robot_msgs/cmake/ament_cmake_export_dependencies-extras.cmake
-- Up-to-date symlink: /home/sevnova/ros2_ws/install/robot_msgs/share/robot_msgs/cmake/ament_cmake_export_include_directories-extras.cmake
-- Up-to-date symlink: /home/sevnova/ros2_ws/install/robot_msgs/share/robot_msgs/cmake/ament_cmake_export_libraries-extras.cmake
-- Up-to-date symlink: /home/sevnova/ros2_ws/install/robot_msgs/share/robot_msgs/cmake/ament_cmake_export_targets-extras.cmake
-- Up-to-date symlink: /home/sevnova/ros2_ws/install/robot_msgs/share/robot_msgs/cmake/rosidl_cmake_export_typesupport_targets-extras.cmake
-- Up-to-date symlink: /home/sevnova/ros2_ws/install/robot_msgs/share/robot_msgs/cmake/rosidl_cmake_export_typesupport_libraries-extras.cmake
-- Up-to-date symlink: /home/sevnova/ros2_ws/install/robot_msgs/share/robot_msgs/cmake/rosidl_cmake_aggregate_target-extras.cmake
-- Up-to-date symlink: /home/sevnova/ros2_ws/install/robot_msgs/share/robot_msgs/cmake/robot_msgsConfig.cmake
-- Up-to-date symlink: /home/sevnova/ros2_ws/install/robot_msgs/share/robot_msgs/cmake/robot_msgsConfig-version.cmake
-- Up-to-date symlink: /home/sevnova/ros2_ws/install/robot_msgs/share/robot_msgs/package.xml
-- Up-to-date: /home/sevnova/ros2_ws/install/robot_msgs/lib/librobot_msgs__rosidl_generator_c.so
-- Up-to-date: /home/sevnova/ros2_ws/install/robot_msgs/lib/librobot_msgs__rosidl_typesupport_fastrtps_c.so
-- Up-to-date: /home/sevnova/ros2_ws/install/robot_msgs/lib/librobot_msgs__rosidl_typesupport_fastrtps_cpp.so
-- Up-to-date: /home/sevnova/ros2_ws/install/robot_msgs/lib/librobot_msgs__rosidl_typesupport_introspection_c.so
-- Up-to-date: /home/sevnova/ros2_ws/install/robot_msgs/lib/librobot_msgs__rosidl_typesupport_c.so
-- Up-to-date: /home/sevnova/ros2_ws/install/robot_msgs/lib/librobot_msgs__rosidl_typesupport_introspection_cpp.so
-- Up-to-date: /home/sevnova/ros2_ws/install/robot_msgs/lib/librobot_msgs__rosidl_typesupport_cpp.so
Listing '/home/sevnova/ros2_ws/install/robot_msgs/local/lib/python3.10/dist-packages/robot_msgs'...
Listing '/home/sevnova/ros2_ws/install/robot_msgs/local/lib/python3.10/dist-packages/robot_msgs/msg'...
-- Up-to-date: /home/sevnova/ros2_ws/install/robot_msgs/lib/librobot_msgs__rosidl_generator_py.so
-- Up-to-date: /home/sevnova/ros2_ws/install/robot_msgs/share/robot_msgs/cmake/export_robot_msgs__rosidl_generator_cExport.cmake
-- Up-to-date: /home/sevnova/ros2_ws/install/robot_msgs/share/robot_msgs/cmake/export_robot_msgs__rosidl_generator_cExport-noconfig.cmake
-- Up-to-date: /home/sevnova/ros2_ws/install/robot_msgs/share/robot_msgs/cmake/export_robot_msgs__rosidl_typesupport_fastrtps_cExport.cmake
-- Up-to-date: /home/sevnova/ros2_ws/install/robot_msgs/share/robot_msgs/cmake/export_robot_msgs__rosidl_typesupport_fastrtps_cExport-noconfig.cmake
-- Up-to-date: /home/sevnova/ros2_ws/install/robot_msgs/share/robot_msgs/cmake/export_robot_msgs__rosidl_generator_cppExport.cmake
-- Up-to-date: /home/sevnova/ros2_ws/install/robot_msgs/share/robot_msgs/cmake/export_robot_msgs__rosidl_typesupport_fastrtps_cppExport.cmake
-- Up-to-date: /home/sevnova/ros2_ws/install/robot_msgs/share/robot_msgs/cmake/export_robot_msgs__rosidl_typesupport_fastrtps_cppExport-noconfig.cmake
-- Up-to-date: /home/sevnova/ros2_ws/install/robot_msgs/share/robot_msgs/cmake/robot_msgs__rosidl_typesupport_introspection_cExport.cmake
-- Up-to-date: /home/sevnova/ros2_ws/install/robot_msgs/share/robot_msgs/cmake/robot_msgs__rosidl_typesupport_introspection_cExport-noconfig.cmake
-- Up-to-date: /home/sevnova/ros2_ws/install/robot_msgs/share/robot_msgs/cmake/robot_msgs__rosidl_typesupport_cExport.cmake
-- Up-to-date: /home/sevnova/ros2_ws/install/robot_msgs/share/robot_msgs/cmake/robot_msgs__rosidl_typesupport_cExport-noconfig.cmake
-- Up-to-date: /home/sevnova/ros2_ws/install/robot_msgs/share/robot_msgs/cmake/robot_msgs__rosidl_typesupport_introspection_cppExport.cmake
-- Up-to-date: /home/sevnova/ros2_ws/install/robot_msgs/share/robot_msgs/cmake/robot_msgs__rosidl_typesupport_introspection_cppExport-noconfig.cmake
-- Up-to-date: /home/sevnova/ros2_ws/install/robot_msgs/share/robot_msgs/cmake/robot_msgs__rosidl_typesupport_cppExport.cmake
-- Up-to-date: /home/sevnova/ros2_ws/install/robot_msgs/share/robot_msgs/cmake/robot_msgs__rosidl_typesupport_cppExport-noconfig.cmake
-- Up-to-date: /home/sevnova/ros2_ws/install/robot_msgs/share/robot_msgs/cmake/export_robot_msgs__rosidl_generator_pyExport.cmake
-- Up-to-date: /home/sevnova/ros2_ws/install/robot_msgs/share/robot_msgs/cmake/export_robot_msgs__rosidl_generator_pyExport-noconfig.cmake
