[0.465s] Invoking command in '/home/sevnova/ros2_ws/build/robot_bringup': AMENT_PREFIX_PATH=/home/sevnova/ros2_ws/install/robot_state_machine:/home/sevnova/ros2_ws/install/robot_navigation:/home/sevnova/ros2_ws/install/robot_msgs:/home/sevnova/ros2_ws/install/isaac_visualization_bridge:${AMENT_PREFIX_PATH} CMAKE_PREFIX_PATH=/home/sevnova/ros2_ws/install/robot_msgs:${CMAKE_PREFIX_PATH} CONDA_PROMPT_MODIFIER=(base) LD_LIBRARY_PATH=/home/sevnova/ros2_ws/install/robot_msgs/lib:${LD_LIBRARY_PATH} PYTHONPATH=/home/sevnova/ros2_ws/build/robot_bringup/prefix_override:/usr/lib/python3/dist-packages/colcon_core/task/python/colcon_distutils_commands:/home/sevnova/ros2_ws/install/robot_bringup/lib/python3.10/site-packages:/home/sevnova/ros2_ws/build/robot_state_machine:/home/sevnova/ros2_ws/install/robot_state_machine/lib/python3.10/site-packages:/home/sevnova/ros2_ws/build/robot_navigation:/home/sevnova/ros2_ws/install/robot_navigation/lib/python3.10/site-packages:/home/sevnova/ros2_ws/install/robot_msgs/local/lib/python3.10/dist-packages:/home/sevnova/ros2_ws/build/isaac_visualization_bridge:/home/sevnova/ros2_ws/install/isaac_visualization_bridge/lib/python3.10/site-packages:${PYTHONPATH} /usr/bin/python3 -W ignore:setup.py install is deprecated -W ignore:easy_install command is deprecated setup.py develop --editable --build-directory /home/sevnova/ros2_ws/build/robot_bringup/build --no-deps symlink_data
[0.595s] running develop
[0.665s] running egg_info
[0.665s] creating robot_bringup.egg-info
[0.665s] writing robot_bringup.egg-info/PKG-INFO
[0.665s] writing dependency_links to robot_bringup.egg-info/dependency_links.txt
[0.665s] writing requirements to robot_bringup.egg-info/requires.txt
[0.665s] writing top-level names to robot_bringup.egg-info/top_level.txt
[0.665s] writing manifest file 'robot_bringup.egg-info/SOURCES.txt'
[0.666s] reading manifest file 'robot_bringup.egg-info/SOURCES.txt'
[0.666s] writing manifest file 'robot_bringup.egg-info/SOURCES.txt'
[0.667s] running build_ext
[0.667s] Creating /home/sevnova/ros2_ws/install/robot_bringup/lib/python3.10/site-packages/robot-bringup.egg-link (link to .)
[0.668s] 
[0.668s] Installed /home/sevnova/ros2_ws/build/robot_bringup
[0.668s] running symlink_data
[0.668s] creating /home/sevnova/ros2_ws/install/robot_bringup/share/ament_index
[0.668s] creating /home/sevnova/ros2_ws/install/robot_bringup/share/ament_index/resource_index
[0.668s] creating /home/sevnova/ros2_ws/install/robot_bringup/share/ament_index/resource_index/packages
[0.668s] symbolically linking /home/sevnova/ros2_ws/build/robot_bringup/resource/robot_bringup -> /home/sevnova/ros2_ws/install/robot_bringup/share/ament_index/resource_index/packages
[0.668s] symbolically linking /home/sevnova/ros2_ws/build/robot_bringup/package.xml -> /home/sevnova/ros2_ws/install/robot_bringup/share/robot_bringup
[0.668s] creating /home/sevnova/ros2_ws/install/robot_bringup/share/robot_bringup/launch
[0.668s] symbolically linking /home/sevnova/ros2_ws/build/robot_bringup/launch/alfa_wsl_bringup.launch.py -> /home/sevnova/ros2_ws/install/robot_bringup/share/robot_bringup/launch
[0.682s] Invoked command in '/home/sevnova/ros2_ws/build/robot_bringup' returned '0': AMENT_PREFIX_PATH=/home/sevnova/ros2_ws/install/robot_state_machine:/home/sevnova/ros2_ws/install/robot_navigation:/home/sevnova/ros2_ws/install/robot_msgs:/home/sevnova/ros2_ws/install/isaac_visualization_bridge:${AMENT_PREFIX_PATH} CMAKE_PREFIX_PATH=/home/sevnova/ros2_ws/install/robot_msgs:${CMAKE_PREFIX_PATH} CONDA_PROMPT_MODIFIER=(base) LD_LIBRARY_PATH=/home/sevnova/ros2_ws/install/robot_msgs/lib:${LD_LIBRARY_PATH} PYTHONPATH=/home/sevnova/ros2_ws/build/robot_bringup/prefix_override:/usr/lib/python3/dist-packages/colcon_core/task/python/colcon_distutils_commands:/home/sevnova/ros2_ws/install/robot_bringup/lib/python3.10/site-packages:/home/sevnova/ros2_ws/build/robot_state_machine:/home/sevnova/ros2_ws/install/robot_state_machine/lib/python3.10/site-packages:/home/sevnova/ros2_ws/build/robot_navigation:/home/sevnova/ros2_ws/install/robot_navigation/lib/python3.10/site-packages:/home/sevnova/ros2_ws/install/robot_msgs/local/lib/python3.10/dist-packages:/home/sevnova/ros2_ws/build/isaac_visualization_bridge:/home/sevnova/ros2_ws/install/isaac_visualization_bridge/lib/python3.10/site-packages:${PYTHONPATH} /usr/bin/python3 -W ignore:setup.py install is deprecated -W ignore:easy_install command is deprecated setup.py develop --editable --build-directory /home/sevnova/ros2_ws/build/robot_bringup/build --no-deps symlink_data
