running develop
running egg_info
creating robot_navigation.egg-info
writing robot_navigation.egg-info/PKG-INFO
writing dependency_links to robot_navigation.egg-info/dependency_links.txt
writing entry points to robot_navigation.egg-info/entry_points.txt
writing requirements to robot_navigation.egg-info/requires.txt
writing top-level names to robot_navigation.egg-info/top_level.txt
writing manifest file 'robot_navigation.egg-info/SOURCES.txt'
reading manifest file 'robot_navigation.egg-info/SOURCES.txt'
writing manifest file 'robot_navigation.egg-info/SOURCES.txt'
running build_ext
Creating /home/sevnova/ros2_ws/install/robot_navigation/lib/python3.10/site-packages/robot-navigation.egg-link (link to .)
Installing cmd_vel_to_alfa_node script to /home/sevnova/ros2_ws/install/robot_navigation/lib/robot_navigation
Installing nav_goal_sender script to /home/sevnova/ros2_ws/install/robot_navigation/lib/robot_navigation

Installed /home/sevnova/ros2_ws/build/robot_navigation
running symlink_data
creating /home/sevnova/ros2_ws/install/robot_navigation/share/ament_index
creating /home/sevnova/ros2_ws/install/robot_navigation/share/ament_index/resource_index
creating /home/sevnova/ros2_ws/install/robot_navigation/share/ament_index/resource_index/packages
symbolically linking /home/sevnova/ros2_ws/build/robot_navigation/resource/robot_navigation -> /home/sevnova/ros2_ws/install/robot_navigation/share/ament_index/resource_index/packages
symbolically linking /home/sevnova/ros2_ws/build/robot_navigation/package.xml -> /home/sevnova/ros2_ws/install/robot_navigation/share/robot_navigation
creating /home/sevnova/ros2_ws/install/robot_navigation/share/robot_navigation/launch
symbolically linking /home/sevnova/ros2_ws/build/robot_navigation/launch/cmd_vel_bridge.launch.py -> /home/sevnova/ros2_ws/install/robot_navigation/share/robot_navigation/launch
