[0.669s] Invoking command in '/home/sevnova/ros2_ws/build/robot_navigation': CONDA_PROMPT_MODIFIER=(base) PYTHONPATH=/home/sevnova/ros2_ws/build/robot_navigation/prefix_override:/usr/lib/python3/dist-packages/colcon_core/task/python/colcon_distutils_commands:/home/sevnova/ros2_ws/install/robot_navigation/lib/python3.10/site-packages:${PYTHONPATH} /usr/bin/python3 -W ignore:setup.py install is deprecated -W ignore:easy_install command is deprecated setup.py develop --editable --build-directory /home/sevnova/ros2_ws/build/robot_navigation/build --no-deps symlink_data
[0.799s] running develop
[0.866s] running egg_info
[0.866s] creating robot_navigation.egg-info
[0.866s] writing robot_navigation.egg-info/PKG-INFO
[0.866s] writing dependency_links to robot_navigation.egg-info/dependency_links.txt
[0.866s] writing entry points to robot_navigation.egg-info/entry_points.txt
[0.866s] writing requirements to robot_navigation.egg-info/requires.txt
[0.866s] writing top-level names to robot_navigation.egg-info/top_level.txt
[0.867s] writing manifest file 'robot_navigation.egg-info/SOURCES.txt'
[0.867s] reading manifest file 'robot_navigation.egg-info/SOURCES.txt'
[0.867s] writing manifest file 'robot_navigation.egg-info/SOURCES.txt'
[0.868s] running build_ext
[0.868s] Creating /home/sevnova/ros2_ws/install/robot_navigation/lib/python3.10/site-packages/robot-navigation.egg-link (link to .)
[0.869s] Installing cmd_vel_to_alfa_node script to /home/sevnova/ros2_ws/install/robot_navigation/lib/robot_navigation
[0.869s] Installing nav_goal_sender script to /home/sevnova/ros2_ws/install/robot_navigation/lib/robot_navigation
[0.870s] 
[0.870s] Installed /home/sevnova/ros2_ws/build/robot_navigation
[0.870s] running symlink_data
[0.870s] creating /home/sevnova/ros2_ws/install/robot_navigation/share/ament_index
[0.870s] creating /home/sevnova/ros2_ws/install/robot_navigation/share/ament_index/resource_index
[0.870s] creating /home/sevnova/ros2_ws/install/robot_navigation/share/ament_index/resource_index/packages
[0.871s] symbolically linking /home/sevnova/ros2_ws/build/robot_navigation/resource/robot_navigation -> /home/sevnova/ros2_ws/install/robot_navigation/share/ament_index/resource_index/packages
[0.871s] symbolically linking /home/sevnova/ros2_ws/build/robot_navigation/package.xml -> /home/sevnova/ros2_ws/install/robot_navigation/share/robot_navigation
[0.871s] creating /home/sevnova/ros2_ws/install/robot_navigation/share/robot_navigation/launch
[0.871s] symbolically linking /home/sevnova/ros2_ws/build/robot_navigation/launch/cmd_vel_bridge.launch.py -> /home/sevnova/ros2_ws/install/robot_navigation/share/robot_navigation/launch
[0.886s] Invoked command in '/home/sevnova/ros2_ws/build/robot_navigation' returned '0': CONDA_PROMPT_MODIFIER=(base) PYTHONPATH=/home/sevnova/ros2_ws/build/robot_navigation/prefix_override:/usr/lib/python3/dist-packages/colcon_core/task/python/colcon_distutils_commands:/home/sevnova/ros2_ws/install/robot_navigation/lib/python3.10/site-packages:${PYTHONPATH} /usr/bin/python3 -W ignore:setup.py install is deprecated -W ignore:easy_install command is deprecated setup.py develop --editable --build-directory /home/sevnova/ros2_ws/build/robot_navigation/build --no-deps symlink_data
