[0.088s] DEBUG:colcon:Command line arguments: ['/usr/bin/colcon', 'build', '--symlink-install']
[0.088s] DEBUG:colcon:Parsed command line arguments: Namespace(log_base=None, log_level=None, verb_name='build', build_base='build', install_base='install', merge_install=False, symlink_install=True, test_result_base=None, continue_on_error=False, executor='parallel', parallel_workers=32, event_handlers=None, ignore_user_meta=False, metas=['./colcon.meta'], base_paths=['.'], packages_ignore=None, packages_ignore_regex=None, paths=None, packages_up_to=None, packages_up_to_regex=None, packages_above=None, packages_above_and_dependencies=None, packages_above_depth=None, packages_select_by_dep=None, packages_skip_by_dep=None, packages_skip_up_to=None, packages_select_build_failed=False, packages_skip_build_finished=False, packages_select_test_failures=False, packages_skip_test_passed=False, packages_select=None, packages_skip=None, packages_select_regex=None, packages_skip_regex=None, packages_start=None, packages_end=None, allow_overriding=[], cmake_args=None, cmake_target=None, cmake_target_skip_unavailable=False, cmake_clean_cache=False, cmake_clean_first=False, cmake_force_configure=False, ament_cmake_args=None, catkin_cmake_args=None, catkin_skip_building_tests=False, mixin_files=None, mixin=None, verb_parser=<colcon_mixin.mixin.mixin_argument.MixinArgumentDecorator object at 0x73d324365c90>, verb_extension=<colcon_core.verb.build.BuildVerb object at 0x73d324365720>, main=<bound method BuildVerb.main of <colcon_core.verb.build.BuildVerb object at 0x73d324365720>>, mixin_verb=('build',))
[0.277s] Level 1:colcon.colcon_core.package_discovery:discover_packages(colcon_meta) check parameters
[0.277s] Level 1:colcon.colcon_core.package_discovery:discover_packages(recursive) check parameters
[0.277s] Level 1:colcon.colcon_core.package_discovery:discover_packages(ignore) check parameters
[0.277s] Level 1:colcon.colcon_core.package_discovery:discover_packages(path) check parameters
[0.277s] Level 1:colcon.colcon_core.package_discovery:discover_packages(colcon_meta) discover
[0.277s] Level 1:colcon.colcon_core.package_discovery:discover_packages(recursive) discover
[0.277s] INFO:colcon.colcon_core.package_discovery:Crawling recursively for packages in '/home/sevnova/ros2_ws'
[0.278s] Level 1:colcon.colcon_core.package_identification:_identify(.) by extensions ['ignore', 'ignore_ament_install']
[0.278s] Level 1:colcon.colcon_core.package_identification:_identify(.) by extension 'ignore'
[0.278s] Level 1:colcon.colcon_core.package_identification:_identify(.) by extension 'ignore_ament_install'
[0.278s] Level 1:colcon.colcon_core.package_identification:_identify(.) by extensions ['colcon_pkg']
[0.278s] Level 1:colcon.colcon_core.package_identification:_identify(.) by extension 'colcon_pkg'
[0.278s] Level 1:colcon.colcon_core.package_identification:_identify(.) by extensions ['colcon_meta']
[0.278s] Level 1:colcon.colcon_core.package_identification:_identify(.) by extension 'colcon_meta'
[0.278s] Level 1:colcon.colcon_core.package_identification:_identify(.) by extensions ['ros']
[0.278s] Level 1:colcon.colcon_core.package_identification:_identify(.) by extension 'ros'
[0.288s] Level 1:colcon.colcon_core.package_identification:_identify(.) by extensions ['cmake', 'python']
[0.288s] Level 1:colcon.colcon_core.package_identification:_identify(.) by extension 'cmake'
[0.288s] Level 1:colcon.colcon_core.package_identification:_identify(.) by extension 'python'
[0.288s] Level 1:colcon.colcon_core.package_identification:_identify(.) by extensions ['python_setup_py']
[0.288s] Level 1:colcon.colcon_core.package_identification:_identify(.) by extension 'python_setup_py'
[0.288s] Level 1:colcon.colcon_core.package_identification:_identify(build) by extensions ['ignore', 'ignore_ament_install']
[0.288s] Level 1:colcon.colcon_core.package_identification:_identify(build) by extension 'ignore'
[0.288s] Level 1:colcon.colcon_core.package_identification:_identify(build) ignored
[0.288s] Level 1:colcon.colcon_core.package_identification:_identify(install) by extensions ['ignore', 'ignore_ament_install']
[0.288s] Level 1:colcon.colcon_core.package_identification:_identify(install) by extension 'ignore'
[0.288s] Level 1:colcon.colcon_core.package_identification:_identify(install) ignored
[0.288s] Level 1:colcon.colcon_core.package_identification:_identify(log) by extensions ['ignore', 'ignore_ament_install']
[0.288s] Level 1:colcon.colcon_core.package_identification:_identify(log) by extension 'ignore'
[0.288s] Level 1:colcon.colcon_core.package_identification:_identify(log) ignored
[0.288s] Level 1:colcon.colcon_core.package_identification:_identify(scripts) by extensions ['ignore', 'ignore_ament_install']
[0.288s] Level 1:colcon.colcon_core.package_identification:_identify(scripts) by extension 'ignore'
[0.288s] Level 1:colcon.colcon_core.package_identification:_identify(scripts) by extension 'ignore_ament_install'
[0.288s] Level 1:colcon.colcon_core.package_identification:_identify(scripts) by extensions ['colcon_pkg']
[0.288s] Level 1:colcon.colcon_core.package_identification:_identify(scripts) by extension 'colcon_pkg'
[0.288s] Level 1:colcon.colcon_core.package_identification:_identify(scripts) by extensions ['colcon_meta']
[0.288s] Level 1:colcon.colcon_core.package_identification:_identify(scripts) by extension 'colcon_meta'
[0.288s] Level 1:colcon.colcon_core.package_identification:_identify(scripts) by extensions ['ros']
[0.288s] Level 1:colcon.colcon_core.package_identification:_identify(scripts) by extension 'ros'
[0.288s] Level 1:colcon.colcon_core.package_identification:_identify(scripts) by extensions ['cmake', 'python']
[0.288s] Level 1:colcon.colcon_core.package_identification:_identify(scripts) by extension 'cmake'
[0.289s] Level 1:colcon.colcon_core.package_identification:_identify(scripts) by extension 'python'
[0.289s] Level 1:colcon.colcon_core.package_identification:_identify(scripts) by extensions ['python_setup_py']
[0.289s] Level 1:colcon.colcon_core.package_identification:_identify(scripts) by extension 'python_setup_py'
[0.289s] Level 1:colcon.colcon_core.package_identification:_identify(src) by extensions ['ignore', 'ignore_ament_install']
[0.289s] Level 1:colcon.colcon_core.package_identification:_identify(src) by extension 'ignore'
[0.289s] Level 1:colcon.colcon_core.package_identification:_identify(src) by extension 'ignore_ament_install'
[0.289s] Level 1:colcon.colcon_core.package_identification:_identify(src) by extensions ['colcon_pkg']
[0.289s] Level 1:colcon.colcon_core.package_identification:_identify(src) by extension 'colcon_pkg'
[0.289s] Level 1:colcon.colcon_core.package_identification:_identify(src) by extensions ['colcon_meta']
[0.289s] Level 1:colcon.colcon_core.package_identification:_identify(src) by extension 'colcon_meta'
[0.289s] Level 1:colcon.colcon_core.package_identification:_identify(src) by extensions ['ros']
[0.289s] Level 1:colcon.colcon_core.package_identification:_identify(src) by extension 'ros'
[0.289s] Level 1:colcon.colcon_core.package_identification:_identify(src) by extensions ['cmake', 'python']
[0.289s] Level 1:colcon.colcon_core.package_identification:_identify(src) by extension 'cmake'
[0.289s] Level 1:colcon.colcon_core.package_identification:_identify(src) by extension 'python'
[0.289s] Level 1:colcon.colcon_core.package_identification:_identify(src) by extensions ['python_setup_py']
[0.289s] Level 1:colcon.colcon_core.package_identification:_identify(src) by extension 'python_setup_py'
[0.289s] Level 1:colcon.colcon_core.package_identification:_identify(src/isaac_visualization_bridge) by extensions ['ignore', 'ignore_ament_install']
[0.289s] Level 1:colcon.colcon_core.package_identification:_identify(src/isaac_visualization_bridge) by extension 'ignore'
[0.289s] Level 1:colcon.colcon_core.package_identification:_identify(src/isaac_visualization_bridge) by extension 'ignore_ament_install'
[0.289s] Level 1:colcon.colcon_core.package_identification:_identify(src/isaac_visualization_bridge) by extensions ['colcon_pkg']
[0.289s] Level 1:colcon.colcon_core.package_identification:_identify(src/isaac_visualization_bridge) by extension 'colcon_pkg'
[0.289s] Level 1:colcon.colcon_core.package_identification:_identify(src/isaac_visualization_bridge) by extensions ['colcon_meta']
[0.289s] Level 1:colcon.colcon_core.package_identification:_identify(src/isaac_visualization_bridge) by extension 'colcon_meta'
[0.289s] Level 1:colcon.colcon_core.package_identification:_identify(src/isaac_visualization_bridge) by extensions ['ros']
[0.289s] Level 1:colcon.colcon_core.package_identification:_identify(src/isaac_visualization_bridge) by extension 'ros'
[0.291s] DEBUG:colcon.colcon_core.package_identification:Package 'src/isaac_visualization_bridge' with type 'ros.ament_python' and name 'isaac_visualization_bridge'
[0.291s] Level 1:colcon.colcon_core.package_identification:_identify(src/robot_bringup) by extensions ['ignore', 'ignore_ament_install']
[0.291s] Level 1:colcon.colcon_core.package_identification:_identify(src/robot_bringup) by extension 'ignore'
[0.291s] Level 1:colcon.colcon_core.package_identification:_identify(src/robot_bringup) by extension 'ignore_ament_install'
[0.291s] Level 1:colcon.colcon_core.package_identification:_identify(src/robot_bringup) by extensions ['colcon_pkg']
[0.291s] Level 1:colcon.colcon_core.package_identification:_identify(src/robot_bringup) by extension 'colcon_pkg'
[0.291s] Level 1:colcon.colcon_core.package_identification:_identify(src/robot_bringup) by extensions ['colcon_meta']
[0.291s] Level 1:colcon.colcon_core.package_identification:_identify(src/robot_bringup) by extension 'colcon_meta'
[0.291s] Level 1:colcon.colcon_core.package_identification:_identify(src/robot_bringup) by extensions ['ros']
[0.291s] Level 1:colcon.colcon_core.package_identification:_identify(src/robot_bringup) by extension 'ros'
[0.292s] DEBUG:colcon.colcon_core.package_identification:Package 'src/robot_bringup' with type 'ros.ament_python' and name 'robot_bringup'
[0.292s] Level 1:colcon.colcon_core.package_identification:_identify(src/robot_msgs) by extensions ['ignore', 'ignore_ament_install']
[0.292s] Level 1:colcon.colcon_core.package_identification:_identify(src/robot_msgs) by extension 'ignore'
[0.292s] Level 1:colcon.colcon_core.package_identification:_identify(src/robot_msgs) by extension 'ignore_ament_install'
[0.292s] Level 1:colcon.colcon_core.package_identification:_identify(src/robot_msgs) by extensions ['colcon_pkg']
[0.292s] Level 1:colcon.colcon_core.package_identification:_identify(src/robot_msgs) by extension 'colcon_pkg'
[0.292s] Level 1:colcon.colcon_core.package_identification:_identify(src/robot_msgs) by extensions ['colcon_meta']
[0.292s] Level 1:colcon.colcon_core.package_identification:_identify(src/robot_msgs) by extension 'colcon_meta'
[0.292s] Level 1:colcon.colcon_core.package_identification:_identify(src/robot_msgs) by extensions ['ros']
[0.292s] Level 1:colcon.colcon_core.package_identification:_identify(src/robot_msgs) by extension 'ros'
[0.293s] DEBUG:colcon.colcon_core.package_identification:Package 'src/robot_msgs' with type 'ros.ament_cmake' and name 'robot_msgs'
[0.293s] Level 1:colcon.colcon_core.package_identification:_identify(src/robot_navigation) by extensions ['ignore', 'ignore_ament_install']
[0.293s] Level 1:colcon.colcon_core.package_identification:_identify(src/robot_navigation) by extension 'ignore'
[0.293s] Level 1:colcon.colcon_core.package_identification:_identify(src/robot_navigation) by extension 'ignore_ament_install'
[0.293s] Level 1:colcon.colcon_core.package_identification:_identify(src/robot_navigation) by extensions ['colcon_pkg']
[0.293s] Level 1:colcon.colcon_core.package_identification:_identify(src/robot_navigation) by extension 'colcon_pkg'
[0.293s] Level 1:colcon.colcon_core.package_identification:_identify(src/robot_navigation) by extensions ['colcon_meta']
[0.293s] Level 1:colcon.colcon_core.package_identification:_identify(src/robot_navigation) by extension 'colcon_meta'
[0.293s] Level 1:colcon.colcon_core.package_identification:_identify(src/robot_navigation) by extensions ['ros']
[0.293s] Level 1:colcon.colcon_core.package_identification:_identify(src/robot_navigation) by extension 'ros'
[0.293s] DEBUG:colcon.colcon_core.package_identification:Package 'src/robot_navigation' with type 'ros.ament_python' and name 'robot_navigation'
[0.293s] Level 1:colcon.colcon_core.package_identification:_identify(src/robot_state_machine) by extensions ['ignore', 'ignore_ament_install']
[0.294s] Level 1:colcon.colcon_core.package_identification:_identify(src/robot_state_machine) by extension 'ignore'
[0.294s] Level 1:colcon.colcon_core.package_identification:_identify(src/robot_state_machine) by extension 'ignore_ament_install'
[0.294s] Level 1:colcon.colcon_core.package_identification:_identify(src/robot_state_machine) by extensions ['colcon_pkg']
[0.294s] Level 1:colcon.colcon_core.package_identification:_identify(src/robot_state_machine) by extension 'colcon_pkg'
[0.294s] Level 1:colcon.colcon_core.package_identification:_identify(src/robot_state_machine) by extensions ['colcon_meta']
[0.294s] Level 1:colcon.colcon_core.package_identification:_identify(src/robot_state_machine) by extension 'colcon_meta'
[0.294s] Level 1:colcon.colcon_core.package_identification:_identify(src/robot_state_machine) by extensions ['ros']
[0.294s] Level 1:colcon.colcon_core.package_identification:_identify(src/robot_state_machine) by extension 'ros'
[0.294s] DEBUG:colcon.colcon_core.package_identification:Package 'src/robot_state_machine' with type 'ros.ament_python' and name 'robot_state_machine'
[0.294s] Level 1:colcon.colcon_core.package_discovery:discover_packages(recursive) using defaults
[0.294s] Level 1:colcon.colcon_core.package_discovery:discover_packages(ignore) discover
[0.294s] Level 1:colcon.colcon_core.package_discovery:discover_packages(ignore) using defaults
[0.294s] Level 1:colcon.colcon_core.package_discovery:discover_packages(path) discover
[0.294s] Level 1:colcon.colcon_core.package_discovery:discover_packages(path) using defaults
[0.315s] Level 1:colcon.colcon_core.package_discovery:discover_packages(prefix_path) check parameters
[0.315s] Level 1:colcon.colcon_core.package_discovery:discover_packages(prefix_path) discover
[0.319s] DEBUG:colcon.colcon_installed_package_information.package_discovery:Found 13 installed packages in /home/sevnova/projects/fsm_simulation_plan/alpha_fsm/fsm_ws/install
[0.320s] DEBUG:colcon.colcon_installed_package_information.package_discovery:Found 273 installed packages in /opt/ros/humble
[0.320s] Level 1:colcon.colcon_core.package_discovery:discover_packages(prefix_path) using defaults
[0.339s] Level 5:colcon.colcon_core.verb:set package 'isaac_visualization_bridge' build argument 'cmake_args' from command line to 'None'
[0.339s] Level 5:colcon.colcon_core.verb:set package 'isaac_visualization_bridge' build argument 'cmake_target' from command line to 'None'
[0.339s] Level 5:colcon.colcon_core.verb:set package 'isaac_visualization_bridge' build argument 'cmake_target_skip_unavailable' from command line to 'False'
[0.339s] Level 5:colcon.colcon_core.verb:set package 'isaac_visualization_bridge' build argument 'cmake_clean_cache' from command line to 'False'
[0.339s] Level 5:colcon.colcon_core.verb:set package 'isaac_visualization_bridge' build argument 'cmake_clean_first' from command line to 'False'
[0.339s] Level 5:colcon.colcon_core.verb:set package 'isaac_visualization_bridge' build argument 'cmake_force_configure' from command line to 'False'
[0.339s] Level 5:colcon.colcon_core.verb:set package 'isaac_visualization_bridge' build argument 'ament_cmake_args' from command line to 'None'
[0.339s] Level 5:colcon.colcon_core.verb:set package 'isaac_visualization_bridge' build argument 'catkin_cmake_args' from command line to 'None'
[0.339s] Level 5:colcon.colcon_core.verb:set package 'isaac_visualization_bridge' build argument 'catkin_skip_building_tests' from command line to 'False'
[0.339s] DEBUG:colcon.colcon_core.verb:Building package 'isaac_visualization_bridge' with the following arguments: {'ament_cmake_args': None, 'build_base': '/home/sevnova/ros2_ws/build/isaac_visualization_bridge', 'catkin_cmake_args': None, 'catkin_skip_building_tests': False, 'cmake_args': None, 'cmake_clean_cache': False, 'cmake_clean_first': False, 'cmake_force_configure': False, 'cmake_target': None, 'cmake_target_skip_unavailable': False, 'install_base': '/home/sevnova/ros2_ws/install/isaac_visualization_bridge', 'merge_install': False, 'path': '/home/sevnova/ros2_ws/src/isaac_visualization_bridge', 'symlink_install': True, 'test_result_base': None}
[0.339s] Level 5:colcon.colcon_core.verb:set package 'robot_msgs' build argument 'cmake_args' from command line to 'None'
[0.339s] Level 5:colcon.colcon_core.verb:set package 'robot_msgs' build argument 'cmake_target' from command line to 'None'
[0.339s] Level 5:colcon.colcon_core.verb:set package 'robot_msgs' build argument 'cmake_target_skip_unavailable' from command line to 'False'
[0.339s] Level 5:colcon.colcon_core.verb:set package 'robot_msgs' build argument 'cmake_clean_cache' from command line to 'False'
[0.339s] Level 5:colcon.colcon_core.verb:set package 'robot_msgs' build argument 'cmake_clean_first' from command line to 'False'
[0.339s] Level 5:colcon.colcon_core.verb:set package 'robot_msgs' build argument 'cmake_force_configure' from command line to 'False'
[0.339s] Level 5:colcon.colcon_core.verb:set package 'robot_msgs' build argument 'ament_cmake_args' from command line to 'None'
[0.339s] Level 5:colcon.colcon_core.verb:set package 'robot_msgs' build argument 'catkin_cmake_args' from command line to 'None'
[0.339s] Level 5:colcon.colcon_core.verb:set package 'robot_msgs' build argument 'catkin_skip_building_tests' from command line to 'False'
[0.339s] DEBUG:colcon.colcon_core.verb:Building package 'robot_msgs' with the following arguments: {'ament_cmake_args': None, 'build_base': '/home/sevnova/ros2_ws/build/robot_msgs', 'catkin_cmake_args': None, 'catkin_skip_building_tests': False, 'cmake_args': None, 'cmake_clean_cache': False, 'cmake_clean_first': False, 'cmake_force_configure': False, 'cmake_target': None, 'cmake_target_skip_unavailable': False, 'install_base': '/home/sevnova/ros2_ws/install/robot_msgs', 'merge_install': False, 'path': '/home/sevnova/ros2_ws/src/robot_msgs', 'symlink_install': True, 'test_result_base': None}
[0.340s] Level 5:colcon.colcon_core.verb:set package 'robot_navigation' build argument 'cmake_args' from command line to 'None'
[0.340s] Level 5:colcon.colcon_core.verb:set package 'robot_navigation' build argument 'cmake_target' from command line to 'None'
[0.340s] Level 5:colcon.colcon_core.verb:set package 'robot_navigation' build argument 'cmake_target_skip_unavailable' from command line to 'False'
[0.340s] Level 5:colcon.colcon_core.verb:set package 'robot_navigation' build argument 'cmake_clean_cache' from command line to 'False'
[0.340s] Level 5:colcon.colcon_core.verb:set package 'robot_navigation' build argument 'cmake_clean_first' from command line to 'False'
[0.340s] Level 5:colcon.colcon_core.verb:set package 'robot_navigation' build argument 'cmake_force_configure' from command line to 'False'
[0.340s] Level 5:colcon.colcon_core.verb:set package 'robot_navigation' build argument 'ament_cmake_args' from command line to 'None'
[0.340s] Level 5:colcon.colcon_core.verb:set package 'robot_navigation' build argument 'catkin_cmake_args' from command line to 'None'
[0.340s] Level 5:colcon.colcon_core.verb:set package 'robot_navigation' build argument 'catkin_skip_building_tests' from command line to 'False'
[0.340s] DEBUG:colcon.colcon_core.verb:Building package 'robot_navigation' with the following arguments: {'ament_cmake_args': None, 'build_base': '/home/sevnova/ros2_ws/build/robot_navigation', 'catkin_cmake_args': None, 'catkin_skip_building_tests': False, 'cmake_args': None, 'cmake_clean_cache': False, 'cmake_clean_first': False, 'cmake_force_configure': False, 'cmake_target': None, 'cmake_target_skip_unavailable': False, 'install_base': '/home/sevnova/ros2_ws/install/robot_navigation', 'merge_install': False, 'path': '/home/sevnova/ros2_ws/src/robot_navigation', 'symlink_install': True, 'test_result_base': None}
[0.340s] Level 5:colcon.colcon_core.verb:set package 'robot_state_machine' build argument 'cmake_args' from command line to 'None'
[0.340s] Level 5:colcon.colcon_core.verb:set package 'robot_state_machine' build argument 'cmake_target' from command line to 'None'
[0.340s] Level 5:colcon.colcon_core.verb:set package 'robot_state_machine' build argument 'cmake_target_skip_unavailable' from command line to 'False'
[0.340s] Level 5:colcon.colcon_core.verb:set package 'robot_state_machine' build argument 'cmake_clean_cache' from command line to 'False'
[0.340s] Level 5:colcon.colcon_core.verb:set package 'robot_state_machine' build argument 'cmake_clean_first' from command line to 'False'
[0.340s] Level 5:colcon.colcon_core.verb:set package 'robot_state_machine' build argument 'cmake_force_configure' from command line to 'False'
[0.340s] Level 5:colcon.colcon_core.verb:set package 'robot_state_machine' build argument 'ament_cmake_args' from command line to 'None'
[0.340s] Level 5:colcon.colcon_core.verb:set package 'robot_state_machine' build argument 'catkin_cmake_args' from command line to 'None'
[0.340s] Level 5:colcon.colcon_core.verb:set package 'robot_state_machine' build argument 'catkin_skip_building_tests' from command line to 'False'
[0.340s] DEBUG:colcon.colcon_core.verb:Building package 'robot_state_machine' with the following arguments: {'ament_cmake_args': None, 'build_base': '/home/sevnova/ros2_ws/build/robot_state_machine', 'catkin_cmake_args': None, 'catkin_skip_building_tests': False, 'cmake_args': None, 'cmake_clean_cache': False, 'cmake_clean_first': False, 'cmake_force_configure': False, 'cmake_target': None, 'cmake_target_skip_unavailable': False, 'install_base': '/home/sevnova/ros2_ws/install/robot_state_machine', 'merge_install': False, 'path': '/home/sevnova/ros2_ws/src/robot_state_machine', 'symlink_install': True, 'test_result_base': None}
[0.340s] Level 5:colcon.colcon_core.verb:set package 'robot_bringup' build argument 'cmake_args' from command line to 'None'
[0.340s] Level 5:colcon.colcon_core.verb:set package 'robot_bringup' build argument 'cmake_target' from command line to 'None'
[0.340s] Level 5:colcon.colcon_core.verb:set package 'robot_bringup' build argument 'cmake_target_skip_unavailable' from command line to 'False'
[0.340s] Level 5:colcon.colcon_core.verb:set package 'robot_bringup' build argument 'cmake_clean_cache' from command line to 'False'
[0.340s] Level 5:colcon.colcon_core.verb:set package 'robot_bringup' build argument 'cmake_clean_first' from command line to 'False'
[0.340s] Level 5:colcon.colcon_core.verb:set package 'robot_bringup' build argument 'cmake_force_configure' from command line to 'False'
[0.340s] Level 5:colcon.colcon_core.verb:set package 'robot_bringup' build argument 'ament_cmake_args' from command line to 'None'
[0.340s] Level 5:colcon.colcon_core.verb:set package 'robot_bringup' build argument 'catkin_cmake_args' from command line to 'None'
[0.340s] Level 5:colcon.colcon_core.verb:set package 'robot_bringup' build argument 'catkin_skip_building_tests' from command line to 'False'
[0.340s] DEBUG:colcon.colcon_core.verb:Building package 'robot_bringup' with the following arguments: {'ament_cmake_args': None, 'build_base': '/home/sevnova/ros2_ws/build/robot_bringup', 'catkin_cmake_args': None, 'catkin_skip_building_tests': False, 'cmake_args': None, 'cmake_clean_cache': False, 'cmake_clean_first': False, 'cmake_force_configure': False, 'cmake_target': None, 'cmake_target_skip_unavailable': False, 'install_base': '/home/sevnova/ros2_ws/install/robot_bringup', 'merge_install': False, 'path': '/home/sevnova/ros2_ws/src/robot_bringup', 'symlink_install': True, 'test_result_base': None}
[0.340s] INFO:colcon.colcon_core.executor:Executing jobs using 'parallel' executor
[0.341s] DEBUG:colcon.colcon_parallel_executor.executor.parallel:run_until_complete
[0.341s] INFO:colcon.colcon_ros.task.ament_cmake.build:Building ROS package in '/home/sevnova/ros2_ws/src/robot_msgs' with build type 'ament_cmake'
[0.341s] INFO:colcon.colcon_cmake.task.cmake.build:Building CMake package in '/home/sevnova/ros2_ws/src/robot_msgs'
[0.345s] INFO:colcon.colcon_core.plugin_system:Skipping extension 'colcon_core.shell.bat': Not used on non-Windows systems
[0.345s] INFO:colcon.colcon_core.shell:Skip shell extension 'powershell' for command environment: Not usable outside of PowerShell
[0.345s] DEBUG:colcon.colcon_core.shell:Skip shell extension 'dsv' for command environment
[0.347s] INFO:colcon.colcon_ros.task.ament_python.build:Building ROS package in '/home/sevnova/ros2_ws/src/isaac_visualization_bridge' with build type 'ament_python'
[0.348s] Level 1:colcon.colcon_core.shell:create_environment_hook('isaac_visualization_bridge', 'ament_prefix_path')
[0.348s] INFO:colcon.colcon_core.shell:Creating environment hook '/home/sevnova/ros2_ws/install/isaac_visualization_bridge/share/isaac_visualization_bridge/hook/ament_prefix_path.ps1'
[0.349s] INFO:colcon.colcon_core.shell:Creating environment descriptor '/home/sevnova/ros2_ws/install/isaac_visualization_bridge/share/isaac_visualization_bridge/hook/ament_prefix_path.dsv'
[0.349s] INFO:colcon.colcon_core.shell:Creating environment hook '/home/sevnova/ros2_ws/install/isaac_visualization_bridge/share/isaac_visualization_bridge/hook/ament_prefix_path.sh'
[0.350s] INFO:colcon.colcon_core.shell:Skip shell extension 'powershell' for command environment: Not usable outside of PowerShell
[0.350s] DEBUG:colcon.colcon_core.shell:Skip shell extension 'dsv' for command environment
[0.351s] INFO:colcon.colcon_ros.task.ament_python.build:Building ROS package in '/home/sevnova/ros2_ws/src/robot_navigation' with build type 'ament_python'
[0.351s] Level 1:colcon.colcon_core.shell:create_environment_hook('robot_navigation', 'ament_prefix_path')
[0.351s] INFO:colcon.colcon_core.shell:Creating environment hook '/home/sevnova/ros2_ws/install/robot_navigation/share/robot_navigation/hook/ament_prefix_path.ps1'
[0.352s] INFO:colcon.colcon_core.shell:Creating environment descriptor '/home/sevnova/ros2_ws/install/robot_navigation/share/robot_navigation/hook/ament_prefix_path.dsv'
[0.352s] INFO:colcon.colcon_core.shell:Creating environment hook '/home/sevnova/ros2_ws/install/robot_navigation/share/robot_navigation/hook/ament_prefix_path.sh'
[0.352s] INFO:colcon.colcon_core.shell:Skip shell extension 'powershell' for command environment: Not usable outside of PowerShell
[0.352s] DEBUG:colcon.colcon_core.shell:Skip shell extension 'dsv' for command environment
[0.357s] DEBUG:colcon.colcon_core.event_handler.log_command:Invoking command in '/home/sevnova/ros2_ws/build/robot_msgs': CMAKE_PREFIX_PATH=${CMAKE_PREFIX_PATH}:/home/sevnova/projects/fsm_simulation_plan/alpha_fsm/fsm_ws/install/fsm_config:/home/sevnova/projects/fsm_simulation_plan/alpha_fsm/fsm_ws/install/fsm_test:/home/sevnova/projects/fsm_simulation_plan/alpha_fsm/fsm_ws/install/wall_destacking_strategy:/home/sevnova/projects/fsm_simulation_plan/alpha_fsm/fsm_ws/install/vacuum_io:/home/sevnova/projects/fsm_simulation_plan/alpha_fsm/fsm_ws/install/task_manager:/home/sevnova/projects/fsm_simulation_plan/alpha_fsm/fsm_ws/install/safety_monitor:/home/sevnova/projects/fsm_simulation_plan/alpha_fsm/fsm_ws/install/perception_adapter:/home/sevnova/projects/fsm_simulation_plan/alpha_fsm/fsm_ws/install/pair_grasp_execution:/home/sevnova/projects/fsm_simulation_plan/alpha_fsm/fsm_ws/install/navigation_manager:/home/sevnova/projects/fsm_simulation_plan/alpha_fsm/fsm_ws/install/isaac_sim_bridge:/home/sevnova/projects/fsm_simulation_plan/alpha_fsm/fsm_ws/install/fsm_core:/opt/ros/humble CONDA_PROMPT_MODIFIER=(base) /usr/bin/cmake --build /home/sevnova/ros2_ws/build/robot_msgs -- -j32 -l32
[0.489s] INFO:colcon.colcon_core.task.python.build:Building Python package in '/home/sevnova/ros2_ws/src/isaac_visualization_bridge'
[0.489s] INFO:colcon.colcon_core.shell:Skip shell extension 'powershell' for command environment: Not usable outside of PowerShell
[0.489s] DEBUG:colcon.colcon_core.shell:Skip shell extension 'dsv' for command environment
[0.618s] INFO:colcon.colcon_core.task.python.build:Building Python package in '/home/sevnova/ros2_ws/src/robot_navigation'
[0.618s] INFO:colcon.colcon_core.shell:Skip shell extension 'powershell' for command environment: Not usable outside of PowerShell
[0.618s] DEBUG:colcon.colcon_core.shell:Skip shell extension 'dsv' for command environment
[0.621s] DEBUG:colcon.colcon_core.event_handler.log_command:Invoked command in '/home/sevnova/ros2_ws/build/robot_msgs' returned '0': CMAKE_PREFIX_PATH=${CMAKE_PREFIX_PATH}:/home/sevnova/projects/fsm_simulation_plan/alpha_fsm/fsm_ws/install/fsm_config:/home/sevnova/projects/fsm_simulation_plan/alpha_fsm/fsm_ws/install/fsm_test:/home/sevnova/projects/fsm_simulation_plan/alpha_fsm/fsm_ws/install/wall_destacking_strategy:/home/sevnova/projects/fsm_simulation_plan/alpha_fsm/fsm_ws/install/vacuum_io:/home/sevnova/projects/fsm_simulation_plan/alpha_fsm/fsm_ws/install/task_manager:/home/sevnova/projects/fsm_simulation_plan/alpha_fsm/fsm_ws/install/safety_monitor:/home/sevnova/projects/fsm_simulation_plan/alpha_fsm/fsm_ws/install/perception_adapter:/home/sevnova/projects/fsm_simulation_plan/alpha_fsm/fsm_ws/install/pair_grasp_execution:/home/sevnova/projects/fsm_simulation_plan/alpha_fsm/fsm_ws/install/navigation_manager:/home/sevnova/projects/fsm_simulation_plan/alpha_fsm/fsm_ws/install/isaac_sim_bridge:/home/sevnova/projects/fsm_simulation_plan/alpha_fsm/fsm_ws/install/fsm_core:/opt/ros/humble CONDA_PROMPT_MODIFIER=(base) /usr/bin/cmake --build /home/sevnova/ros2_ws/build/robot_msgs -- -j32 -l32
[0.626s] DEBUG:colcon.colcon_core.event_handler.log_command:Invoking command in '/home/sevnova/ros2_ws/build/robot_msgs': CMAKE_PREFIX_PATH=${CMAKE_PREFIX_PATH}:/home/sevnova/projects/fsm_simulation_plan/alpha_fsm/fsm_ws/install/fsm_config:/home/sevnova/projects/fsm_simulation_plan/alpha_fsm/fsm_ws/install/fsm_test:/home/sevnova/projects/fsm_simulation_plan/alpha_fsm/fsm_ws/install/wall_destacking_strategy:/home/sevnova/projects/fsm_simulation_plan/alpha_fsm/fsm_ws/install/vacuum_io:/home/sevnova/projects/fsm_simulation_plan/alpha_fsm/fsm_ws/install/task_manager:/home/sevnova/projects/fsm_simulation_plan/alpha_fsm/fsm_ws/install/safety_monitor:/home/sevnova/projects/fsm_simulation_plan/alpha_fsm/fsm_ws/install/perception_adapter:/home/sevnova/projects/fsm_simulation_plan/alpha_fsm/fsm_ws/install/pair_grasp_execution:/home/sevnova/projects/fsm_simulation_plan/alpha_fsm/fsm_ws/install/navigation_manager:/home/sevnova/projects/fsm_simulation_plan/alpha_fsm/fsm_ws/install/isaac_sim_bridge:/home/sevnova/projects/fsm_simulation_plan/alpha_fsm/fsm_ws/install/fsm_core:/opt/ros/humble CONDA_PROMPT_MODIFIER=(base) /usr/bin/cmake --install /home/sevnova/ros2_ws/build/robot_msgs
[0.683s] Level 1:colcon.colcon_core.environment:create_environment_scripts_only(robot_msgs)
[0.683s] DEBUG:colcon.colcon_core.event_handler.log_command:Invoked command in '/home/sevnova/ros2_ws/build/robot_msgs' returned '0': CMAKE_PREFIX_PATH=${CMAKE_PREFIX_PATH}:/home/sevnova/projects/fsm_simulation_plan/alpha_fsm/fsm_ws/install/fsm_config:/home/sevnova/projects/fsm_simulation_plan/alpha_fsm/fsm_ws/install/fsm_test:/home/sevnova/projects/fsm_simulation_plan/alpha_fsm/fsm_ws/install/wall_destacking_strategy:/home/sevnova/projects/fsm_simulation_plan/alpha_fsm/fsm_ws/install/vacuum_io:/home/sevnova/projects/fsm_simulation_plan/alpha_fsm/fsm_ws/install/task_manager:/home/sevnova/projects/fsm_simulation_plan/alpha_fsm/fsm_ws/install/safety_monitor:/home/sevnova/projects/fsm_simulation_plan/alpha_fsm/fsm_ws/install/perception_adapter:/home/sevnova/projects/fsm_simulation_plan/alpha_fsm/fsm_ws/install/pair_grasp_execution:/home/sevnova/projects/fsm_simulation_plan/alpha_fsm/fsm_ws/install/navigation_manager:/home/sevnova/projects/fsm_simulation_plan/alpha_fsm/fsm_ws/install/isaac_sim_bridge:/home/sevnova/projects/fsm_simulation_plan/alpha_fsm/fsm_ws/install/fsm_core:/opt/ros/humble CONDA_PROMPT_MODIFIER=(base) /usr/bin/cmake --install /home/sevnova/ros2_ws/build/robot_msgs
[0.687s] Level 1:colcon.colcon_core.environment:checking '/home/sevnova/ros2_ws/install/robot_msgs' for CMake module files
[0.687s] Level 1:colcon.colcon_core.environment:checking '/home/sevnova/ros2_ws/install/robot_msgs' for CMake config files
[0.688s] Level 1:colcon.colcon_core.shell:create_environment_hook('robot_msgs', 'cmake_prefix_path')
[0.688s] INFO:colcon.colcon_core.shell:Creating environment hook '/home/sevnova/ros2_ws/install/robot_msgs/share/robot_msgs/hook/cmake_prefix_path.ps1'
[0.688s] INFO:colcon.colcon_core.shell:Creating environment descriptor '/home/sevnova/ros2_ws/install/robot_msgs/share/robot_msgs/hook/cmake_prefix_path.dsv'
[0.688s] INFO:colcon.colcon_core.shell:Creating environment hook '/home/sevnova/ros2_ws/install/robot_msgs/share/robot_msgs/hook/cmake_prefix_path.sh'
[0.689s] Level 1:colcon.colcon_core.environment:checking '/home/sevnova/ros2_ws/install/robot_msgs/lib'
[0.689s] Level 1:colcon.colcon_core.shell:create_environment_hook('robot_msgs', 'ld_library_path_lib')
[0.689s] INFO:colcon.colcon_core.shell:Creating environment hook '/home/sevnova/ros2_ws/install/robot_msgs/share/robot_msgs/hook/ld_library_path_lib.ps1'
[0.689s] INFO:colcon.colcon_core.shell:Creating environment descriptor '/home/sevnova/ros2_ws/install/robot_msgs/share/robot_msgs/hook/ld_library_path_lib.dsv'
[0.690s] INFO:colcon.colcon_core.shell:Creating environment hook '/home/sevnova/ros2_ws/install/robot_msgs/share/robot_msgs/hook/ld_library_path_lib.sh'
[0.690s] Level 1:colcon.colcon_core.environment:checking '/home/sevnova/ros2_ws/install/robot_msgs/bin'
[0.690s] Level 1:colcon.colcon_core.environment:checking '/home/sevnova/ros2_ws/install/robot_msgs/lib/pkgconfig/robot_msgs.pc'
[0.690s] Level 1:colcon.colcon_core.environment:checking '/home/sevnova/ros2_ws/install/robot_msgs/lib/python3.10/site-packages'
[0.690s] Level 1:colcon.colcon_core.environment:checking '/home/sevnova/ros2_ws/install/robot_msgs/bin'
[0.690s] INFO:colcon.colcon_core.shell:Creating package script '/home/sevnova/ros2_ws/install/robot_msgs/share/robot_msgs/package.ps1'
[0.691s] INFO:colcon.colcon_core.shell:Creating package descriptor '/home/sevnova/ros2_ws/install/robot_msgs/share/robot_msgs/package.dsv'
[0.691s] INFO:colcon.colcon_core.shell:Creating package script '/home/sevnova/ros2_ws/install/robot_msgs/share/robot_msgs/package.sh'
[0.692s] INFO:colcon.colcon_core.shell:Creating package script '/home/sevnova/ros2_ws/install/robot_msgs/share/robot_msgs/package.bash'
[0.692s] INFO:colcon.colcon_core.shell:Creating package script '/home/sevnova/ros2_ws/install/robot_msgs/share/robot_msgs/package.zsh'
[0.693s] Level 1:colcon.colcon_core.environment:create_file_with_runtime_dependencies(/home/sevnova/ros2_ws/install/robot_msgs/share/colcon-core/packages/robot_msgs)
[0.693s] Level 1:colcon.colcon_core.environment:create_environment_scripts_only(robot_msgs)
[0.693s] Level 1:colcon.colcon_core.environment:checking '/home/sevnova/ros2_ws/install/robot_msgs' for CMake module files
[0.693s] Level 1:colcon.colcon_core.environment:checking '/home/sevnova/ros2_ws/install/robot_msgs' for CMake config files
[0.693s] Level 1:colcon.colcon_core.shell:create_environment_hook('robot_msgs', 'cmake_prefix_path')
[0.693s] INFO:colcon.colcon_core.shell:Creating environment hook '/home/sevnova/ros2_ws/install/robot_msgs/share/robot_msgs/hook/cmake_prefix_path.ps1'
[0.694s] INFO:colcon.colcon_core.shell:Creating environment descriptor '/home/sevnova/ros2_ws/install/robot_msgs/share/robot_msgs/hook/cmake_prefix_path.dsv'
[0.694s] INFO:colcon.colcon_core.shell:Creating environment hook '/home/sevnova/ros2_ws/install/robot_msgs/share/robot_msgs/hook/cmake_prefix_path.sh'
[0.694s] Level 1:colcon.colcon_core.environment:checking '/home/sevnova/ros2_ws/install/robot_msgs/lib'
[0.694s] Level 1:colcon.colcon_core.shell:create_environment_hook('robot_msgs', 'ld_library_path_lib')
[0.694s] INFO:colcon.colcon_core.shell:Creating environment hook '/home/sevnova/ros2_ws/install/robot_msgs/share/robot_msgs/hook/ld_library_path_lib.ps1'
[0.694s] INFO:colcon.colcon_core.shell:Creating environment descriptor '/home/sevnova/ros2_ws/install/robot_msgs/share/robot_msgs/hook/ld_library_path_lib.dsv'
[0.695s] INFO:colcon.colcon_core.shell:Creating environment hook '/home/sevnova/ros2_ws/install/robot_msgs/share/robot_msgs/hook/ld_library_path_lib.sh'
[0.695s] Level 1:colcon.colcon_core.environment:checking '/home/sevnova/ros2_ws/install/robot_msgs/bin'
[0.695s] Level 1:colcon.colcon_core.environment:checking '/home/sevnova/ros2_ws/install/robot_msgs/lib/pkgconfig/robot_msgs.pc'
[0.695s] Level 1:colcon.colcon_core.environment:checking '/home/sevnova/ros2_ws/install/robot_msgs/lib/python3.10/site-packages'
[0.695s] Level 1:colcon.colcon_core.environment:checking '/home/sevnova/ros2_ws/install/robot_msgs/bin'
[0.695s] INFO:colcon.colcon_core.shell:Creating package script '/home/sevnova/ros2_ws/install/robot_msgs/share/robot_msgs/package.ps1'
[0.695s] INFO:colcon.colcon_core.shell:Creating package descriptor '/home/sevnova/ros2_ws/install/robot_msgs/share/robot_msgs/package.dsv'
[0.696s] INFO:colcon.colcon_core.shell:Creating package script '/home/sevnova/ros2_ws/install/robot_msgs/share/robot_msgs/package.sh'
[0.696s] INFO:colcon.colcon_core.shell:Creating package script '/home/sevnova/ros2_ws/install/robot_msgs/share/robot_msgs/package.bash'
[0.696s] INFO:colcon.colcon_core.shell:Creating package script '/home/sevnova/ros2_ws/install/robot_msgs/share/robot_msgs/package.zsh'
[0.696s] Level 1:colcon.colcon_core.environment:create_file_with_runtime_dependencies(/home/sevnova/ros2_ws/install/robot_msgs/share/colcon-core/packages/robot_msgs)
[0.697s] INFO:colcon.colcon_ros.task.ament_python.build:Building ROS package in '/home/sevnova/ros2_ws/src/robot_state_machine' with build type 'ament_python'
[0.697s] Level 1:colcon.colcon_core.shell:create_environment_hook('robot_state_machine', 'ament_prefix_path')
[0.697s] INFO:colcon.colcon_core.shell:Creating environment hook '/home/sevnova/ros2_ws/install/robot_state_machine/share/robot_state_machine/hook/ament_prefix_path.ps1'
[0.697s] INFO:colcon.colcon_core.shell:Creating environment descriptor '/home/sevnova/ros2_ws/install/robot_state_machine/share/robot_state_machine/hook/ament_prefix_path.dsv'
[0.698s] INFO:colcon.colcon_core.shell:Creating environment hook '/home/sevnova/ros2_ws/install/robot_state_machine/share/robot_state_machine/hook/ament_prefix_path.sh'
[0.698s] INFO:colcon.colcon_core.shell:Skip shell extension 'powershell' for command environment: Not usable outside of PowerShell
[0.698s] DEBUG:colcon.colcon_core.shell:Skip shell extension 'dsv' for command environment
[0.828s] INFO:colcon.colcon_core.task.python.build:Building Python package in '/home/sevnova/ros2_ws/src/robot_state_machine'
[0.828s] INFO:colcon.colcon_core.shell:Skip shell extension 'powershell' for command environment: Not usable outside of PowerShell
[0.828s] DEBUG:colcon.colcon_core.shell:Skip shell extension 'dsv' for command environment
[0.876s] DEBUG:colcon.colcon_core.task.python.build:Available setuptools commands: easy_install, register, build_ext, install_headers, saveopts, test, bdist_rpm, sdist, build, install_scripts, bdist_dumb, build_scripts, egg_info, bdist, install_egg_info, build_clib, install_lib, setopt, build_py, develop, update_catalog, bdist_egg, install_data, compile_catalog, extract_messages, bdist_wheel, check, clean, dist_info, alias, init_catalog, install, upload, symlink_data, rotate, upload_docs
[0.877s] DEBUG:colcon.colcon_core.task.python.build:Available setuptools commands: easy_install, register, build_ext, install_headers, saveopts, test, bdist_rpm, sdist, build, install_scripts, bdist_dumb, build_scripts, egg_info, bdist, install_egg_info, build_clib, install_lib, setopt, build_py, develop, update_catalog, bdist_egg, install_data, compile_catalog, extract_messages, bdist_wheel, check, clean, dist_info, alias, init_catalog, install, upload, symlink_data, rotate, upload_docs
[1.008s] DEBUG:colcon.colcon_core.task.python.build:Available setuptools commands: easy_install, register, build_ext, install_headers, saveopts, test, bdist_rpm, sdist, build, install_scripts, bdist_dumb, build_scripts, egg_info, bdist, install_egg_info, build_clib, install_lib, setopt, build_py, develop, update_catalog, bdist_egg, install_data, compile_catalog, extract_messages, bdist_wheel, check, clean, dist_info, alias, init_catalog, install, upload, symlink_data, rotate, upload_docs
[1.013s] DEBUG:colcon.colcon_core.task.python.build:Available setuptools 'develop' options: --no-user-cfg, --upgrade, --index-url, --install-layout, --user, --install-dir, --always-copy, --allow-hosts, --verbose, --force-installation-into-system-dir, --no-find-links, --multi-version, --editable, --version, --always-unzip, --site-dirs, --optimize, --local-snapshots-ok, --uninstall, --build-directory, --find-links, --dry-run, --record, --help, --quiet, --no-deps, --script-dir, --prefix, --egg-path, --zip-ok, --exclude-scripts
[1.016s] DEBUG:colcon.colcon_core.event_handler.log_command:Invoking command in '/home/sevnova/ros2_ws/build/robot_navigation': CONDA_PROMPT_MODIFIER=(base) PYTHONPATH=/home/sevnova/ros2_ws/build/robot_navigation/prefix_override:/usr/lib/python3/dist-packages/colcon_core/task/python/colcon_distutils_commands:/home/sevnova/ros2_ws/install/robot_navigation/lib/python3.10/site-packages:${PYTHONPATH} /usr/bin/python3 -W ignore:setup.py install is deprecated -W ignore:easy_install command is deprecated setup.py develop --editable --build-directory /home/sevnova/ros2_ws/build/robot_navigation/build --no-deps symlink_data
[1.018s] DEBUG:colcon.colcon_core.task.python.build:Available setuptools 'develop' options: --no-user-cfg, --upgrade, --index-url, --install-layout, --user, --install-dir, --always-copy, --allow-hosts, --verbose, --force-installation-into-system-dir, --no-find-links, --multi-version, --editable, --version, --always-unzip, --site-dirs, --optimize, --local-snapshots-ok, --uninstall, --build-directory, --find-links, --dry-run, --record, --help, --quiet, --no-deps, --script-dir, --prefix, --egg-path, --zip-ok, --exclude-scripts
[1.019s] DEBUG:colcon.colcon_core.event_handler.log_command:Invoking command in '/home/sevnova/ros2_ws/build/isaac_visualization_bridge': CONDA_PROMPT_MODIFIER=(base) PYTHONPATH=/home/sevnova/ros2_ws/build/isaac_visualization_bridge/prefix_override:/usr/lib/python3/dist-packages/colcon_core/task/python/colcon_distutils_commands:/home/sevnova/ros2_ws/install/isaac_visualization_bridge/lib/python3.10/site-packages:${PYTHONPATH} /usr/bin/python3 -W ignore:setup.py install is deprecated -W ignore:easy_install command is deprecated setup.py develop --editable --build-directory /home/sevnova/ros2_ws/build/isaac_visualization_bridge/build --no-deps symlink_data
[1.144s] DEBUG:colcon.colcon_core.task.python.build:Available setuptools 'develop' options: --no-user-cfg, --upgrade, --index-url, --install-layout, --user, --install-dir, --always-copy, --allow-hosts, --verbose, --force-installation-into-system-dir, --no-find-links, --multi-version, --editable, --version, --always-unzip, --site-dirs, --optimize, --local-snapshots-ok, --uninstall, --build-directory, --find-links, --dry-run, --record, --help, --quiet, --no-deps, --script-dir, --prefix, --egg-path, --zip-ok, --exclude-scripts
[1.146s] DEBUG:colcon.colcon_core.event_handler.log_command:Invoking command in '/home/sevnova/ros2_ws/build/robot_state_machine': AMENT_PREFIX_PATH=/home/sevnova/ros2_ws/install/robot_msgs:${AMENT_PREFIX_PATH} CMAKE_PREFIX_PATH=/home/sevnova/ros2_ws/install/robot_msgs:${CMAKE_PREFIX_PATH} CONDA_PROMPT_MODIFIER=(base) LD_LIBRARY_PATH=/home/sevnova/ros2_ws/install/robot_msgs/lib:${LD_LIBRARY_PATH} PYTHONPATH=/home/sevnova/ros2_ws/build/robot_state_machine/prefix_override:/usr/lib/python3/dist-packages/colcon_core/task/python/colcon_distutils_commands:/home/sevnova/ros2_ws/install/robot_state_machine/lib/python3.10/site-packages:/home/sevnova/ros2_ws/install/robot_msgs/local/lib/python3.10/dist-packages:${PYTHONPATH} /usr/bin/python3 -W ignore:setup.py install is deprecated -W ignore:easy_install command is deprecated setup.py develop --editable --build-directory /home/sevnova/ros2_ws/build/robot_state_machine/build --no-deps symlink_data
[1.228s] Level 1:colcon.colcon_core.shell:create_environment_hook('robot_navigation', 'pythonpath_develop')
[1.228s] INFO:colcon.colcon_core.shell:Creating environment hook '/home/sevnova/ros2_ws/build/robot_navigation/share/robot_navigation/hook/pythonpath_develop.ps1'
[1.228s] DEBUG:colcon.colcon_core.event_handler.log_command:Invoked command in '/home/sevnova/ros2_ws/build/robot_navigation' returned '0': CONDA_PROMPT_MODIFIER=(base) PYTHONPATH=/home/sevnova/ros2_ws/build/robot_navigation/prefix_override:/usr/lib/python3/dist-packages/colcon_core/task/python/colcon_distutils_commands:/home/sevnova/ros2_ws/install/robot_navigation/lib/python3.10/site-packages:${PYTHONPATH} /usr/bin/python3 -W ignore:setup.py install is deprecated -W ignore:easy_install command is deprecated setup.py develop --editable --build-directory /home/sevnova/ros2_ws/build/robot_navigation/build --no-deps symlink_data
[1.228s] INFO:colcon.colcon_core.shell:Creating environment descriptor '/home/sevnova/ros2_ws/build/robot_navigation/share/robot_navigation/hook/pythonpath_develop.dsv'
[1.229s] INFO:colcon.colcon_core.shell:Creating environment hook '/home/sevnova/ros2_ws/build/robot_navigation/share/robot_navigation/hook/pythonpath_develop.sh'
[1.229s] Level 1:colcon.colcon_core.environment:checking '/home/sevnova/ros2_ws/install/robot_navigation' for CMake module files
[1.229s] Level 1:colcon.colcon_core.environment:checking '/home/sevnova/ros2_ws/install/robot_navigation' for CMake config files
[1.231s] Level 1:colcon.colcon_core.environment:checking '/home/sevnova/ros2_ws/install/robot_navigation/lib'
[1.231s] Level 1:colcon.colcon_core.environment:checking '/home/sevnova/ros2_ws/install/robot_navigation/bin'
[1.231s] Level 1:colcon.colcon_core.environment:checking '/home/sevnova/ros2_ws/install/robot_navigation/lib/pkgconfig/robot_navigation.pc'
[1.231s] Level 1:colcon.colcon_core.environment:checking '/home/sevnova/ros2_ws/install/robot_navigation/lib/python3.10/site-packages'
[1.231s] Level 1:colcon.colcon_core.shell:create_environment_hook('robot_navigation', 'pythonpath')
[1.231s] INFO:colcon.colcon_core.shell:Creating environment hook '/home/sevnova/ros2_ws/install/robot_navigation/share/robot_navigation/hook/pythonpath.ps1'
[1.231s] INFO:colcon.colcon_core.shell:Creating environment descriptor '/home/sevnova/ros2_ws/install/robot_navigation/share/robot_navigation/hook/pythonpath.dsv'
[1.232s] INFO:colcon.colcon_core.shell:Creating environment hook '/home/sevnova/ros2_ws/install/robot_navigation/share/robot_navigation/hook/pythonpath.sh'
[1.232s] Level 1:colcon.colcon_core.environment:checking '/home/sevnova/ros2_ws/install/robot_navigation/bin'
[1.232s] Level 1:colcon.colcon_core.environment:create_environment_scripts_only(robot_navigation)
[1.232s] INFO:colcon.colcon_core.shell:Creating package script '/home/sevnova/ros2_ws/install/robot_navigation/share/robot_navigation/package.ps1'
[1.232s] INFO:colcon.colcon_core.shell:Creating package descriptor '/home/sevnova/ros2_ws/install/robot_navigation/share/robot_navigation/package.dsv'
[1.233s] INFO:colcon.colcon_core.shell:Creating package script '/home/sevnova/ros2_ws/install/robot_navigation/share/robot_navigation/package.sh'
[1.233s] INFO:colcon.colcon_core.shell:Creating package script '/home/sevnova/ros2_ws/install/robot_navigation/share/robot_navigation/package.bash'
[1.233s] INFO:colcon.colcon_core.shell:Creating package script '/home/sevnova/ros2_ws/install/robot_navigation/share/robot_navigation/package.zsh'
[1.233s] Level 1:colcon.colcon_core.environment:create_file_with_runtime_dependencies(/home/sevnova/ros2_ws/install/robot_navigation/share/colcon-core/packages/robot_navigation)
[1.234s] Level 1:colcon.colcon_core.shell:create_environment_hook('isaac_visualization_bridge', 'pythonpath_develop')
[1.234s] INFO:colcon.colcon_core.shell:Creating environment hook '/home/sevnova/ros2_ws/build/isaac_visualization_bridge/share/isaac_visualization_bridge/hook/pythonpath_develop.ps1'
[1.234s] DEBUG:colcon.colcon_core.event_handler.log_command:Invoked command in '/home/sevnova/ros2_ws/build/isaac_visualization_bridge' returned '0': CONDA_PROMPT_MODIFIER=(base) PYTHONPATH=/home/sevnova/ros2_ws/build/isaac_visualization_bridge/prefix_override:/usr/lib/python3/dist-packages/colcon_core/task/python/colcon_distutils_commands:/home/sevnova/ros2_ws/install/isaac_visualization_bridge/lib/python3.10/site-packages:${PYTHONPATH} /usr/bin/python3 -W ignore:setup.py install is deprecated -W ignore:easy_install command is deprecated setup.py develop --editable --build-directory /home/sevnova/ros2_ws/build/isaac_visualization_bridge/build --no-deps symlink_data
[1.234s] INFO:colcon.colcon_core.shell:Creating environment descriptor '/home/sevnova/ros2_ws/build/isaac_visualization_bridge/share/isaac_visualization_bridge/hook/pythonpath_develop.dsv'
[1.235s] INFO:colcon.colcon_core.shell:Creating environment hook '/home/sevnova/ros2_ws/build/isaac_visualization_bridge/share/isaac_visualization_bridge/hook/pythonpath_develop.sh'
[1.235s] Level 1:colcon.colcon_core.environment:checking '/home/sevnova/ros2_ws/install/isaac_visualization_bridge' for CMake module files
[1.235s] Level 1:colcon.colcon_core.environment:checking '/home/sevnova/ros2_ws/install/isaac_visualization_bridge' for CMake config files
[1.237s] Level 1:colcon.colcon_core.environment:checking '/home/sevnova/ros2_ws/install/isaac_visualization_bridge/lib'
[1.237s] Level 1:colcon.colcon_core.environment:checking '/home/sevnova/ros2_ws/install/isaac_visualization_bridge/bin'
[1.237s] Level 1:colcon.colcon_core.environment:checking '/home/sevnova/ros2_ws/install/isaac_visualization_bridge/lib/pkgconfig/isaac_visualization_bridge.pc'
[1.237s] Level 1:colcon.colcon_core.environment:checking '/home/sevnova/ros2_ws/install/isaac_visualization_bridge/lib/python3.10/site-packages'
[1.237s] Level 1:colcon.colcon_core.shell:create_environment_hook('isaac_visualization_bridge', 'pythonpath')
[1.237s] INFO:colcon.colcon_core.shell:Creating environment hook '/home/sevnova/ros2_ws/install/isaac_visualization_bridge/share/isaac_visualization_bridge/hook/pythonpath.ps1'
[1.237s] INFO:colcon.colcon_core.shell:Creating environment descriptor '/home/sevnova/ros2_ws/install/isaac_visualization_bridge/share/isaac_visualization_bridge/hook/pythonpath.dsv'
[1.238s] INFO:colcon.colcon_core.shell:Creating environment hook '/home/sevnova/ros2_ws/install/isaac_visualization_bridge/share/isaac_visualization_bridge/hook/pythonpath.sh'
[1.238s] Level 1:colcon.colcon_core.environment:checking '/home/sevnova/ros2_ws/install/isaac_visualization_bridge/bin'
[1.238s] Level 1:colcon.colcon_core.environment:create_environment_scripts_only(isaac_visualization_bridge)
[1.238s] INFO:colcon.colcon_core.shell:Creating package script '/home/sevnova/ros2_ws/install/isaac_visualization_bridge/share/isaac_visualization_bridge/package.ps1'
[1.238s] INFO:colcon.colcon_core.shell:Creating package descriptor '/home/sevnova/ros2_ws/install/isaac_visualization_bridge/share/isaac_visualization_bridge/package.dsv'
[1.238s] INFO:colcon.colcon_core.shell:Creating package script '/home/sevnova/ros2_ws/install/isaac_visualization_bridge/share/isaac_visualization_bridge/package.sh'
[1.239s] INFO:colcon.colcon_core.shell:Creating package script '/home/sevnova/ros2_ws/install/isaac_visualization_bridge/share/isaac_visualization_bridge/package.bash'
[1.239s] INFO:colcon.colcon_core.shell:Creating package script '/home/sevnova/ros2_ws/install/isaac_visualization_bridge/share/isaac_visualization_bridge/package.zsh'
[1.239s] Level 1:colcon.colcon_core.environment:create_file_with_runtime_dependencies(/home/sevnova/ros2_ws/install/isaac_visualization_bridge/share/colcon-core/packages/isaac_visualization_bridge)
[1.361s] Level 1:colcon.colcon_core.shell:create_environment_hook('robot_state_machine', 'pythonpath_develop')
[1.362s] INFO:colcon.colcon_core.shell:Creating environment hook '/home/sevnova/ros2_ws/build/robot_state_machine/share/robot_state_machine/hook/pythonpath_develop.ps1'
[1.362s] DEBUG:colcon.colcon_core.event_handler.log_command:Invoked command in '/home/sevnova/ros2_ws/build/robot_state_machine' returned '0': AMENT_PREFIX_PATH=/home/sevnova/ros2_ws/install/robot_msgs:${AMENT_PREFIX_PATH} CMAKE_PREFIX_PATH=/home/sevnova/ros2_ws/install/robot_msgs:${CMAKE_PREFIX_PATH} CONDA_PROMPT_MODIFIER=(base) LD_LIBRARY_PATH=/home/sevnova/ros2_ws/install/robot_msgs/lib:${LD_LIBRARY_PATH} PYTHONPATH=/home/sevnova/ros2_ws/build/robot_state_machine/prefix_override:/usr/lib/python3/dist-packages/colcon_core/task/python/colcon_distutils_commands:/home/sevnova/ros2_ws/install/robot_state_machine/lib/python3.10/site-packages:/home/sevnova/ros2_ws/install/robot_msgs/local/lib/python3.10/dist-packages:${PYTHONPATH} /usr/bin/python3 -W ignore:setup.py install is deprecated -W ignore:easy_install command is deprecated setup.py develop --editable --build-directory /home/sevnova/ros2_ws/build/robot_state_machine/build --no-deps symlink_data
[1.362s] INFO:colcon.colcon_core.shell:Creating environment descriptor '/home/sevnova/ros2_ws/build/robot_state_machine/share/robot_state_machine/hook/pythonpath_develop.dsv'
[1.362s] INFO:colcon.colcon_core.shell:Creating environment hook '/home/sevnova/ros2_ws/build/robot_state_machine/share/robot_state_machine/hook/pythonpath_develop.sh'
[1.363s] Level 1:colcon.colcon_core.environment:checking '/home/sevnova/ros2_ws/install/robot_state_machine' for CMake module files
[1.363s] Level 1:colcon.colcon_core.environment:checking '/home/sevnova/ros2_ws/install/robot_state_machine' for CMake config files
[1.364s] Level 1:colcon.colcon_core.environment:checking '/home/sevnova/ros2_ws/install/robot_state_machine/lib'
[1.364s] Level 1:colcon.colcon_core.environment:checking '/home/sevnova/ros2_ws/install/robot_state_machine/bin'
[1.364s] Level 1:colcon.colcon_core.environment:checking '/home/sevnova/ros2_ws/install/robot_state_machine/lib/pkgconfig/robot_state_machine.pc'
[1.364s] Level 1:colcon.colcon_core.environment:checking '/home/sevnova/ros2_ws/install/robot_state_machine/lib/python3.10/site-packages'
[1.364s] Level 1:colcon.colcon_core.shell:create_environment_hook('robot_state_machine', 'pythonpath')
[1.364s] INFO:colcon.colcon_core.shell:Creating environment hook '/home/sevnova/ros2_ws/install/robot_state_machine/share/robot_state_machine/hook/pythonpath.ps1'
[1.365s] INFO:colcon.colcon_core.shell:Creating environment descriptor '/home/sevnova/ros2_ws/install/robot_state_machine/share/robot_state_machine/hook/pythonpath.dsv'
[1.365s] INFO:colcon.colcon_core.shell:Creating environment hook '/home/sevnova/ros2_ws/install/robot_state_machine/share/robot_state_machine/hook/pythonpath.sh'
[1.365s] Level 1:colcon.colcon_core.environment:checking '/home/sevnova/ros2_ws/install/robot_state_machine/bin'
[1.365s] Level 1:colcon.colcon_core.environment:create_environment_scripts_only(robot_state_machine)
[1.365s] INFO:colcon.colcon_core.shell:Creating package script '/home/sevnova/ros2_ws/install/robot_state_machine/share/robot_state_machine/package.ps1'
[1.366s] INFO:colcon.colcon_core.shell:Creating package descriptor '/home/sevnova/ros2_ws/install/robot_state_machine/share/robot_state_machine/package.dsv'
[1.366s] INFO:colcon.colcon_core.shell:Creating package script '/home/sevnova/ros2_ws/install/robot_state_machine/share/robot_state_machine/package.sh'
[1.366s] INFO:colcon.colcon_core.shell:Creating package script '/home/sevnova/ros2_ws/install/robot_state_machine/share/robot_state_machine/package.bash'
[1.366s] INFO:colcon.colcon_core.shell:Creating package script '/home/sevnova/ros2_ws/install/robot_state_machine/share/robot_state_machine/package.zsh'
[1.366s] Level 1:colcon.colcon_core.environment:create_file_with_runtime_dependencies(/home/sevnova/ros2_ws/install/robot_state_machine/share/colcon-core/packages/robot_state_machine)
[1.366s] INFO:colcon.colcon_ros.task.ament_python.build:Building ROS package in '/home/sevnova/ros2_ws/src/robot_bringup' with build type 'ament_python'
[1.366s] Level 1:colcon.colcon_core.shell:create_environment_hook('robot_bringup', 'ament_prefix_path')
[1.367s] INFO:colcon.colcon_core.shell:Creating environment hook '/home/sevnova/ros2_ws/install/robot_bringup/share/robot_bringup/hook/ament_prefix_path.ps1'
[1.367s] INFO:colcon.colcon_core.shell:Creating environment descriptor '/home/sevnova/ros2_ws/install/robot_bringup/share/robot_bringup/hook/ament_prefix_path.dsv'
[1.368s] INFO:colcon.colcon_core.shell:Creating environment hook '/home/sevnova/ros2_ws/install/robot_bringup/share/robot_bringup/hook/ament_prefix_path.sh'
[1.368s] INFO:colcon.colcon_core.shell:Skip shell extension 'powershell' for command environment: Not usable outside of PowerShell
[1.368s] DEBUG:colcon.colcon_core.shell:Skip shell extension 'dsv' for command environment
[1.504s] INFO:colcon.colcon_core.task.python.build:Building Python package in '/home/sevnova/ros2_ws/src/robot_bringup'
[1.504s] INFO:colcon.colcon_core.shell:Skip shell extension 'powershell' for command environment: Not usable outside of PowerShell
[1.504s] DEBUG:colcon.colcon_core.shell:Skip shell extension 'dsv' for command environment
[1.689s] DEBUG:colcon.colcon_core.task.python.build:Available setuptools commands: easy_install, register, build_ext, install_headers, saveopts, test, bdist_rpm, sdist, build, install_scripts, bdist_dumb, build_scripts, egg_info, bdist, install_egg_info, build_clib, install_lib, setopt, build_py, develop, update_catalog, bdist_egg, install_data, compile_catalog, extract_messages, bdist_wheel, check, clean, dist_info, alias, init_catalog, install, upload, symlink_data, rotate, upload_docs
[1.831s] DEBUG:colcon.colcon_core.task.python.build:Available setuptools 'develop' options: --no-user-cfg, --upgrade, --index-url, --install-layout, --user, --install-dir, --always-copy, --allow-hosts, --verbose, --force-installation-into-system-dir, --no-find-links, --multi-version, --editable, --version, --always-unzip, --site-dirs, --optimize, --local-snapshots-ok, --uninstall, --build-directory, --find-links, --dry-run, --record, --help, --quiet, --no-deps, --script-dir, --prefix, --egg-path, --zip-ok, --exclude-scripts
[1.832s] DEBUG:colcon.colcon_core.event_handler.log_command:Invoking command in '/home/sevnova/ros2_ws/build/robot_bringup': AMENT_PREFIX_PATH=/home/sevnova/ros2_ws/install/robot_state_machine:/home/sevnova/ros2_ws/install/robot_navigation:/home/sevnova/ros2_ws/install/robot_msgs:/home/sevnova/ros2_ws/install/isaac_visualization_bridge:${AMENT_PREFIX_PATH} CMAKE_PREFIX_PATH=/home/sevnova/ros2_ws/install/robot_msgs:${CMAKE_PREFIX_PATH} CONDA_PROMPT_MODIFIER=(base) LD_LIBRARY_PATH=/home/sevnova/ros2_ws/install/robot_msgs/lib:${LD_LIBRARY_PATH} PYTHONPATH=/home/sevnova/ros2_ws/build/robot_bringup/prefix_override:/usr/lib/python3/dist-packages/colcon_core/task/python/colcon_distutils_commands:/home/sevnova/ros2_ws/install/robot_bringup/lib/python3.10/site-packages:/home/sevnova/ros2_ws/build/robot_state_machine:/home/sevnova/ros2_ws/install/robot_state_machine/lib/python3.10/site-packages:/home/sevnova/ros2_ws/build/robot_navigation:/home/sevnova/ros2_ws/install/robot_navigation/lib/python3.10/site-packages:/home/sevnova/ros2_ws/install/robot_msgs/local/lib/python3.10/dist-packages:/home/sevnova/ros2_ws/build/isaac_visualization_bridge:/home/sevnova/ros2_ws/install/isaac_visualization_bridge/lib/python3.10/site-packages:${PYTHONPATH} /usr/bin/python3 -W ignore:setup.py install is deprecated -W ignore:easy_install command is deprecated setup.py develop --editable --build-directory /home/sevnova/ros2_ws/build/robot_bringup/build --no-deps symlink_data
[2.051s] Level 1:colcon.colcon_core.shell:create_environment_hook('robot_bringup', 'pythonpath_develop')
[2.051s] INFO:colcon.colcon_core.shell:Creating environment hook '/home/sevnova/ros2_ws/build/robot_bringup/share/robot_bringup/hook/pythonpath_develop.ps1'
[2.051s] DEBUG:colcon.colcon_core.event_handler.log_command:Invoked command in '/home/sevnova/ros2_ws/build/robot_bringup' returned '0': AMENT_PREFIX_PATH=/home/sevnova/ros2_ws/install/robot_state_machine:/home/sevnova/ros2_ws/install/robot_navigation:/home/sevnova/ros2_ws/install/robot_msgs:/home/sevnova/ros2_ws/install/isaac_visualization_bridge:${AMENT_PREFIX_PATH} CMAKE_PREFIX_PATH=/home/sevnova/ros2_ws/install/robot_msgs:${CMAKE_PREFIX_PATH} CONDA_PROMPT_MODIFIER=(base) LD_LIBRARY_PATH=/home/sevnova/ros2_ws/install/robot_msgs/lib:${LD_LIBRARY_PATH} PYTHONPATH=/home/sevnova/ros2_ws/build/robot_bringup/prefix_override:/usr/lib/python3/dist-packages/colcon_core/task/python/colcon_distutils_commands:/home/sevnova/ros2_ws/install/robot_bringup/lib/python3.10/site-packages:/home/sevnova/ros2_ws/build/robot_state_machine:/home/sevnova/ros2_ws/install/robot_state_machine/lib/python3.10/site-packages:/home/sevnova/ros2_ws/build/robot_navigation:/home/sevnova/ros2_ws/install/robot_navigation/lib/python3.10/site-packages:/home/sevnova/ros2_ws/install/robot_msgs/local/lib/python3.10/dist-packages:/home/sevnova/ros2_ws/build/isaac_visualization_bridge:/home/sevnova/ros2_ws/install/isaac_visualization_bridge/lib/python3.10/site-packages:${PYTHONPATH} /usr/bin/python3 -W ignore:setup.py install is deprecated -W ignore:easy_install command is deprecated setup.py develop --editable --build-directory /home/sevnova/ros2_ws/build/robot_bringup/build --no-deps symlink_data
[2.052s] INFO:colcon.colcon_core.shell:Creating environment descriptor '/home/sevnova/ros2_ws/build/robot_bringup/share/robot_bringup/hook/pythonpath_develop.dsv'
[2.052s] INFO:colcon.colcon_core.shell:Creating environment hook '/home/sevnova/ros2_ws/build/robot_bringup/share/robot_bringup/hook/pythonpath_develop.sh'
[2.052s] Level 1:colcon.colcon_core.environment:checking '/home/sevnova/ros2_ws/install/robot_bringup' for CMake module files
[2.052s] Level 1:colcon.colcon_core.environment:checking '/home/sevnova/ros2_ws/install/robot_bringup' for CMake config files
[2.053s] Level 1:colcon.colcon_core.environment:checking '/home/sevnova/ros2_ws/install/robot_bringup/lib'
[2.054s] Level 1:colcon.colcon_core.environment:checking '/home/sevnova/ros2_ws/install/robot_bringup/bin'
[2.054s] Level 1:colcon.colcon_core.environment:checking '/home/sevnova/ros2_ws/install/robot_bringup/lib/pkgconfig/robot_bringup.pc'
[2.054s] Level 1:colcon.colcon_core.environment:checking '/home/sevnova/ros2_ws/install/robot_bringup/lib/python3.10/site-packages'
[2.054s] Level 1:colcon.colcon_core.shell:create_environment_hook('robot_bringup', 'pythonpath')
[2.054s] INFO:colcon.colcon_core.shell:Creating environment hook '/home/sevnova/ros2_ws/install/robot_bringup/share/robot_bringup/hook/pythonpath.ps1'
[2.054s] INFO:colcon.colcon_core.shell:Creating environment descriptor '/home/sevnova/ros2_ws/install/robot_bringup/share/robot_bringup/hook/pythonpath.dsv'
[2.054s] INFO:colcon.colcon_core.shell:Creating environment hook '/home/sevnova/ros2_ws/install/robot_bringup/share/robot_bringup/hook/pythonpath.sh'
[2.054s] Level 1:colcon.colcon_core.environment:checking '/home/sevnova/ros2_ws/install/robot_bringup/bin'
[2.054s] Level 1:colcon.colcon_core.environment:create_environment_scripts_only(robot_bringup)
[2.055s] INFO:colcon.colcon_core.shell:Creating package script '/home/sevnova/ros2_ws/install/robot_bringup/share/robot_bringup/package.ps1'
[2.055s] INFO:colcon.colcon_core.shell:Creating package descriptor '/home/sevnova/ros2_ws/install/robot_bringup/share/robot_bringup/package.dsv'
[2.055s] INFO:colcon.colcon_core.shell:Creating package script '/home/sevnova/ros2_ws/install/robot_bringup/share/robot_bringup/package.sh'
[2.055s] INFO:colcon.colcon_core.shell:Creating package script '/home/sevnova/ros2_ws/install/robot_bringup/share/robot_bringup/package.bash'
[2.055s] INFO:colcon.colcon_core.shell:Creating package script '/home/sevnova/ros2_ws/install/robot_bringup/share/robot_bringup/package.zsh'
[2.055s] Level 1:colcon.colcon_core.environment:create_file_with_runtime_dependencies(/home/sevnova/ros2_ws/install/robot_bringup/share/colcon-core/packages/robot_bringup)
[2.056s] DEBUG:colcon.colcon_parallel_executor.executor.parallel:closing loop
[2.056s] DEBUG:colcon.colcon_parallel_executor.executor.parallel:loop closed
[2.056s] DEBUG:colcon.colcon_parallel_executor.executor.parallel:run_until_complete finished with '0'
[2.056s] DEBUG:colcon.colcon_core.event_reactor:joining thread
[2.062s] INFO:colcon.colcon_core.plugin_system:Skipping extension 'colcon_notification.desktop_notification.terminal_notifier': Not used on non-Darwin systems
[2.062s] INFO:colcon.colcon_core.plugin_system:Skipping extension 'colcon_notification.desktop_notification.win32': Not used on non-Windows systems
[2.062s] INFO:colcon.colcon_notification.desktop_notification:Sending desktop notification using 'notify2'
[2.149s] DEBUG:colcon.colcon_core.event_reactor:joined thread
[2.149s] INFO:colcon.colcon_core.shell:Creating prefix script '/home/sevnova/ros2_ws/install/local_setup.ps1'
[2.150s] INFO:colcon.colcon_core.shell:Creating prefix util module '/home/sevnova/ros2_ws/install/_local_setup_util_ps1.py'
[2.151s] INFO:colcon.colcon_core.shell:Creating prefix chain script '/home/sevnova/ros2_ws/install/setup.ps1'
[2.152s] INFO:colcon.colcon_core.shell:Creating prefix script '/home/sevnova/ros2_ws/install/local_setup.sh'
[2.153s] INFO:colcon.colcon_core.shell:Creating prefix util module '/home/sevnova/ros2_ws/install/_local_setup_util_sh.py'
[2.153s] INFO:colcon.colcon_core.shell:Creating prefix chain script '/home/sevnova/ros2_ws/install/setup.sh'
[2.154s] INFO:colcon.colcon_core.shell:Creating prefix script '/home/sevnova/ros2_ws/install/local_setup.bash'
[2.154s] INFO:colcon.colcon_core.shell:Creating prefix chain script '/home/sevnova/ros2_ws/install/setup.bash'
[2.155s] INFO:colcon.colcon_core.shell:Creating prefix script '/home/sevnova/ros2_ws/install/local_setup.zsh'
[2.155s] INFO:colcon.colcon_core.shell:Creating prefix chain script '/home/sevnova/ros2_ws/install/setup.zsh'
