[0.100s] DEBUG:colcon:Command line arguments: ['/usr/bin/colcon', 'build', '--symlink-install']
[0.100s] DEBUG:colcon:Parsed command line arguments: Namespace(log_base=None, log_level=None, verb_name='build', build_base='build', install_base='install', merge_install=False, symlink_install=True, test_result_base=None, continue_on_error=False, executor='parallel', parallel_workers=32, event_handlers=None, ignore_user_meta=False, metas=['./colcon.meta'], base_paths=['.'], packages_ignore=None, packages_ignore_regex=None, paths=None, packages_up_to=None, packages_up_to_regex=None, packages_above=None, packages_above_and_dependencies=None, packages_above_depth=None, packages_select_by_dep=None, packages_skip_by_dep=None, packages_skip_up_to=None, packages_select_build_failed=False, packages_skip_build_finished=False, packages_select_test_failures=False, packages_skip_test_passed=False, packages_select=None, packages_skip=None, packages_select_regex=None, packages_skip_regex=None, packages_start=None, packages_end=None, allow_overriding=[], cmake_args=None, cmake_target=None, cmake_target_skip_unavailable=False, cmake_clean_cache=False, cmake_clean_first=False, cmake_force_configure=False, ament_cmake_args=None, catkin_cmake_args=None, catkin_skip_building_tests=False, mixin_files=None, mixin=None, verb_parser=<colcon_mixin.mixin.mixin_argument.MixinArgumentDecorator object at 0x771be8179c90>, verb_extension=<colcon_core.verb.build.BuildVerb object at 0x771be8179720>, main=<bound method BuildVerb.main of <colcon_core.verb.build.BuildVerb object at 0x771be8179720>>, mixin_verb=('build',))
[0.302s] Level 1:colcon.colcon_core.package_discovery:discover_packages(colcon_meta) check parameters
[0.302s] Level 1:colcon.colcon_core.package_discovery:discover_packages(recursive) check parameters
[0.302s] Level 1:colcon.colcon_core.package_discovery:discover_packages(ignore) check parameters
[0.302s] Level 1:colcon.colcon_core.package_discovery:discover_packages(path) check parameters
[0.302s] Level 1:colcon.colcon_core.package_discovery:discover_packages(colcon_meta) discover
[0.302s] Level 1:colcon.colcon_core.package_discovery:discover_packages(recursive) discover
[0.302s] INFO:colcon.colcon_core.package_discovery:Crawling recursively for packages in '/home/sevnova/ros2_ws'
[0.303s] Level 1:colcon.colcon_core.package_identification:_identify(.) by extensions ['ignore', 'ignore_ament_install']
[0.303s] Level 1:colcon.colcon_core.package_identification:_identify(.) by extension 'ignore'
[0.303s] Level 1:colcon.colcon_core.package_identification:_identify(.) by extension 'ignore_ament_install'
[0.303s] Level 1:colcon.colcon_core.package_identification:_identify(.) by extensions ['colcon_pkg']
[0.303s] Level 1:colcon.colcon_core.package_identification:_identify(.) by extension 'colcon_pkg'
[0.303s] Level 1:colcon.colcon_core.package_identification:_identify(.) by extensions ['colcon_meta']
[0.303s] Level 1:colcon.colcon_core.package_identification:_identify(.) by extension 'colcon_meta'
[0.303s] Level 1:colcon.colcon_core.package_identification:_identify(.) by extensions ['ros']
[0.303s] Level 1:colcon.colcon_core.package_identification:_identify(.) by extension 'ros'
[0.311s] Level 1:colcon.colcon_core.package_identification:_identify(.) by extensions ['cmake', 'python']
[0.311s] Level 1:colcon.colcon_core.package_identification:_identify(.) by extension 'cmake'
[0.311s] Level 1:colcon.colcon_core.package_identification:_identify(.) by extension 'python'
[0.311s] Level 1:colcon.colcon_core.package_identification:_identify(.) by extensions ['python_setup_py']
[0.311s] Level 1:colcon.colcon_core.package_identification:_identify(.) by extension 'python_setup_py'
[0.311s] Level 1:colcon.colcon_core.package_identification:_identify(build) by extensions ['ignore', 'ignore_ament_install']
[0.311s] Level 1:colcon.colcon_core.package_identification:_identify(build) by extension 'ignore'
[0.311s] Level 1:colcon.colcon_core.package_identification:_identify(build) ignored
[0.311s] Level 1:colcon.colcon_core.package_identification:_identify(install) by extensions ['ignore', 'ignore_ament_install']
[0.311s] Level 1:colcon.colcon_core.package_identification:_identify(install) by extension 'ignore'
[0.311s] Level 1:colcon.colcon_core.package_identification:_identify(install) ignored
[0.312s] Level 1:colcon.colcon_core.package_identification:_identify(log) by extensions ['ignore', 'ignore_ament_install']
[0.312s] Level 1:colcon.colcon_core.package_identification:_identify(log) by extension 'ignore'
[0.312s] Level 1:colcon.colcon_core.package_identification:_identify(log) ignored
[0.312s] Level 1:colcon.colcon_core.package_identification:_identify(scripts) by extensions ['ignore', 'ignore_ament_install']
[0.312s] Level 1:colcon.colcon_core.package_identification:_identify(scripts) by extension 'ignore'
[0.312s] Level 1:colcon.colcon_core.package_identification:_identify(scripts) by extension 'ignore_ament_install'
[0.312s] Level 1:colcon.colcon_core.package_identification:_identify(scripts) by extensions ['colcon_pkg']
[0.312s] Level 1:colcon.colcon_core.package_identification:_identify(scripts) by extension 'colcon_pkg'
[0.312s] Level 1:colcon.colcon_core.package_identification:_identify(scripts) by extensions ['colcon_meta']
[0.312s] Level 1:colcon.colcon_core.package_identification:_identify(scripts) by extension 'colcon_meta'
[0.312s] Level 1:colcon.colcon_core.package_identification:_identify(scripts) by extensions ['ros']
[0.312s] Level 1:colcon.colcon_core.package_identification:_identify(scripts) by extension 'ros'
[0.312s] Level 1:colcon.colcon_core.package_identification:_identify(scripts) by extensions ['cmake', 'python']
[0.312s] Level 1:colcon.colcon_core.package_identification:_identify(scripts) by extension 'cmake'
[0.312s] Level 1:colcon.colcon_core.package_identification:_identify(scripts) by extension 'python'
[0.312s] Level 1:colcon.colcon_core.package_identification:_identify(scripts) by extensions ['python_setup_py']
[0.312s] Level 1:colcon.colcon_core.package_identification:_identify(scripts) by extension 'python_setup_py'
[0.312s] Level 1:colcon.colcon_core.package_identification:_identify(src) by extensions ['ignore', 'ignore_ament_install']
[0.312s] Level 1:colcon.colcon_core.package_identification:_identify(src) by extension 'ignore'
[0.312s] Level 1:colcon.colcon_core.package_identification:_identify(src) by extension 'ignore_ament_install'
[0.312s] Level 1:colcon.colcon_core.package_identification:_identify(src) by extensions ['colcon_pkg']
[0.312s] Level 1:colcon.colcon_core.package_identification:_identify(src) by extension 'colcon_pkg'
[0.312s] Level 1:colcon.colcon_core.package_identification:_identify(src) by extensions ['colcon_meta']
[0.312s] Level 1:colcon.colcon_core.package_identification:_identify(src) by extension 'colcon_meta'
[0.312s] Level 1:colcon.colcon_core.package_identification:_identify(src) by extensions ['ros']
[0.312s] Level 1:colcon.colcon_core.package_identification:_identify(src) by extension 'ros'
[0.312s] Level 1:colcon.colcon_core.package_identification:_identify(src) by extensions ['cmake', 'python']
[0.312s] Level 1:colcon.colcon_core.package_identification:_identify(src) by extension 'cmake'
[0.312s] Level 1:colcon.colcon_core.package_identification:_identify(src) by extension 'python'
[0.312s] Level 1:colcon.colcon_core.package_identification:_identify(src) by extensions ['python_setup_py']
[0.312s] Level 1:colcon.colcon_core.package_identification:_identify(src) by extension 'python_setup_py'
[0.313s] Level 1:colcon.colcon_core.package_identification:_identify(src/isaac_visualization_bridge) by extensions ['ignore', 'ignore_ament_install']
[0.313s] Level 1:colcon.colcon_core.package_identification:_identify(src/isaac_visualization_bridge) by extension 'ignore'
[0.313s] Level 1:colcon.colcon_core.package_identification:_identify(src/isaac_visualization_bridge) by extension 'ignore_ament_install'
[0.313s] Level 1:colcon.colcon_core.package_identification:_identify(src/isaac_visualization_bridge) by extensions ['colcon_pkg']
[0.313s] Level 1:colcon.colcon_core.package_identification:_identify(src/isaac_visualization_bridge) by extension 'colcon_pkg'
[0.313s] Level 1:colcon.colcon_core.package_identification:_identify(src/isaac_visualization_bridge) by extensions ['colcon_meta']
[0.313s] Level 1:colcon.colcon_core.package_identification:_identify(src/isaac_visualization_bridge) by extension 'colcon_meta'
[0.313s] Level 1:colcon.colcon_core.package_identification:_identify(src/isaac_visualization_bridge) by extensions ['ros']
[0.313s] Level 1:colcon.colcon_core.package_identification:_identify(src/isaac_visualization_bridge) by extension 'ros'
[0.315s] DEBUG:colcon.colcon_core.package_identification:Package 'src/isaac_visualization_bridge' with type 'ros.ament_python' and name 'isaac_visualization_bridge'
[0.316s] Level 1:colcon.colcon_core.package_identification:_identify(src/robot_bringup) by extensions ['ignore', 'ignore_ament_install']
[0.316s] Level 1:colcon.colcon_core.package_identification:_identify(src/robot_bringup) by extension 'ignore'
[0.316s] Level 1:colcon.colcon_core.package_identification:_identify(src/robot_bringup) by extension 'ignore_ament_install'
[0.316s] Level 1:colcon.colcon_core.package_identification:_identify(src/robot_bringup) by extensions ['colcon_pkg']
[0.316s] Level 1:colcon.colcon_core.package_identification:_identify(src/robot_bringup) by extension 'colcon_pkg'
[0.316s] Level 1:colcon.colcon_core.package_identification:_identify(src/robot_bringup) by extensions ['colcon_meta']
[0.316s] Level 1:colcon.colcon_core.package_identification:_identify(src/robot_bringup) by extension 'colcon_meta'
[0.316s] Level 1:colcon.colcon_core.package_identification:_identify(src/robot_bringup) by extensions ['ros']
[0.316s] Level 1:colcon.colcon_core.package_identification:_identify(src/robot_bringup) by extension 'ros'
[0.316s] DEBUG:colcon.colcon_core.package_identification:Package 'src/robot_bringup' with type 'ros.ament_python' and name 'robot_bringup'
[0.317s] Level 1:colcon.colcon_core.package_identification:_identify(src/robot_msgs) by extensions ['ignore', 'ignore_ament_install']
[0.317s] Level 1:colcon.colcon_core.package_identification:_identify(src/robot_msgs) by extension 'ignore'
[0.317s] Level 1:colcon.colcon_core.package_identification:_identify(src/robot_msgs) by extension 'ignore_ament_install'
[0.317s] Level 1:colcon.colcon_core.package_identification:_identify(src/robot_msgs) by extensions ['colcon_pkg']
[0.317s] Level 1:colcon.colcon_core.package_identification:_identify(src/robot_msgs) by extension 'colcon_pkg'
[0.317s] Level 1:colcon.colcon_core.package_identification:_identify(src/robot_msgs) by extensions ['colcon_meta']
[0.317s] Level 1:colcon.colcon_core.package_identification:_identify(src/robot_msgs) by extension 'colcon_meta'
[0.317s] Level 1:colcon.colcon_core.package_identification:_identify(src/robot_msgs) by extensions ['ros']
[0.317s] Level 1:colcon.colcon_core.package_identification:_identify(src/robot_msgs) by extension 'ros'
[0.317s] DEBUG:colcon.colcon_core.package_identification:Package 'src/robot_msgs' with type 'ros.ament_cmake' and name 'robot_msgs'
[0.318s] Level 1:colcon.colcon_core.package_identification:_identify(src/robot_navigation) by extensions ['ignore', 'ignore_ament_install']
[0.318s] Level 1:colcon.colcon_core.package_identification:_identify(src/robot_navigation) by extension 'ignore'
[0.318s] Level 1:colcon.colcon_core.package_identification:_identify(src/robot_navigation) by extension 'ignore_ament_install'
[0.318s] Level 1:colcon.colcon_core.package_identification:_identify(src/robot_navigation) by extensions ['colcon_pkg']
[0.318s] Level 1:colcon.colcon_core.package_identification:_identify(src/robot_navigation) by extension 'colcon_pkg'
[0.318s] Level 1:colcon.colcon_core.package_identification:_identify(src/robot_navigation) by extensions ['colcon_meta']
[0.318s] Level 1:colcon.colcon_core.package_identification:_identify(src/robot_navigation) by extension 'colcon_meta'
[0.318s] Level 1:colcon.colcon_core.package_identification:_identify(src/robot_navigation) by extensions ['ros']
[0.318s] Level 1:colcon.colcon_core.package_identification:_identify(src/robot_navigation) by extension 'ros'
[0.318s] DEBUG:colcon.colcon_core.package_identification:Package 'src/robot_navigation' with type 'ros.ament_python' and name 'robot_navigation'
[0.318s] Level 1:colcon.colcon_core.package_identification:_identify(src/robot_state_machine) by extensions ['ignore', 'ignore_ament_install']
[0.318s] Level 1:colcon.colcon_core.package_identification:_identify(src/robot_state_machine) by extension 'ignore'
[0.318s] Level 1:colcon.colcon_core.package_identification:_identify(src/robot_state_machine) by extension 'ignore_ament_install'
[0.319s] Level 1:colcon.colcon_core.package_identification:_identify(src/robot_state_machine) by extensions ['colcon_pkg']
[0.319s] Level 1:colcon.colcon_core.package_identification:_identify(src/robot_state_machine) by extension 'colcon_pkg'
[0.319s] Level 1:colcon.colcon_core.package_identification:_identify(src/robot_state_machine) by extensions ['colcon_meta']
[0.319s] Level 1:colcon.colcon_core.package_identification:_identify(src/robot_state_machine) by extension 'colcon_meta'
[0.319s] Level 1:colcon.colcon_core.package_identification:_identify(src/robot_state_machine) by extensions ['ros']
[0.319s] Level 1:colcon.colcon_core.package_identification:_identify(src/robot_state_machine) by extension 'ros'
[0.319s] DEBUG:colcon.colcon_core.package_identification:Package 'src/robot_state_machine' with type 'ros.ament_python' and name 'robot_state_machine'
[0.319s] Level 1:colcon.colcon_core.package_discovery:discover_packages(recursive) using defaults
[0.319s] Level 1:colcon.colcon_core.package_discovery:discover_packages(ignore) discover
[0.319s] Level 1:colcon.colcon_core.package_discovery:discover_packages(ignore) using defaults
[0.319s] Level 1:colcon.colcon_core.package_discovery:discover_packages(path) discover
[0.319s] Level 1:colcon.colcon_core.package_discovery:discover_packages(path) using defaults
[0.340s] Level 1:colcon.colcon_core.package_discovery:discover_packages(prefix_path) check parameters
[0.340s] Level 1:colcon.colcon_core.package_discovery:discover_packages(prefix_path) discover
[0.344s] DEBUG:colcon.colcon_installed_package_information.package_discovery:Found 13 installed packages in /home/sevnova/projects/fsm_simulation_plan/alpha_fsm/fsm_ws/install
[0.344s] DEBUG:colcon.colcon_installed_package_information.package_discovery:Found 273 installed packages in /opt/ros/humble
[0.345s] Level 1:colcon.colcon_core.package_discovery:discover_packages(prefix_path) using defaults
[0.368s] Level 5:colcon.colcon_core.verb:set package 'isaac_visualization_bridge' build argument 'cmake_args' from command line to 'None'
[0.368s] Level 5:colcon.colcon_core.verb:set package 'isaac_visualization_bridge' build argument 'cmake_target' from command line to 'None'
[0.368s] Level 5:colcon.colcon_core.verb:set package 'isaac_visualization_bridge' build argument 'cmake_target_skip_unavailable' from command line to 'False'
[0.368s] Level 5:colcon.colcon_core.verb:set package 'isaac_visualization_bridge' build argument 'cmake_clean_cache' from command line to 'False'
[0.368s] Level 5:colcon.colcon_core.verb:set package 'isaac_visualization_bridge' build argument 'cmake_clean_first' from command line to 'False'
[0.368s] Level 5:colcon.colcon_core.verb:set package 'isaac_visualization_bridge' build argument 'cmake_force_configure' from command line to 'False'
[0.368s] Level 5:colcon.colcon_core.verb:set package 'isaac_visualization_bridge' build argument 'ament_cmake_args' from command line to 'None'
[0.368s] Level 5:colcon.colcon_core.verb:set package 'isaac_visualization_bridge' build argument 'catkin_cmake_args' from command line to 'None'
[0.368s] Level 5:colcon.colcon_core.verb:set package 'isaac_visualization_bridge' build argument 'catkin_skip_building_tests' from command line to 'False'
[0.368s] DEBUG:colcon.colcon_core.verb:Building package 'isaac_visualization_bridge' with the following arguments: {'ament_cmake_args': None, 'build_base': '/home/sevnova/ros2_ws/build/isaac_visualization_bridge', 'catkin_cmake_args': None, 'catkin_skip_building_tests': False, 'cmake_args': None, 'cmake_clean_cache': False, 'cmake_clean_first': False, 'cmake_force_configure': False, 'cmake_target': None, 'cmake_target_skip_unavailable': False, 'install_base': '/home/sevnova/ros2_ws/install/isaac_visualization_bridge', 'merge_install': False, 'path': '/home/sevnova/ros2_ws/src/isaac_visualization_bridge', 'symlink_install': True, 'test_result_base': None}
[0.368s] Level 5:colcon.colcon_core.verb:set package 'robot_msgs' build argument 'cmake_args' from command line to 'None'
[0.368s] Level 5:colcon.colcon_core.verb:set package 'robot_msgs' build argument 'cmake_target' from command line to 'None'
[0.368s] Level 5:colcon.colcon_core.verb:set package 'robot_msgs' build argument 'cmake_target_skip_unavailable' from command line to 'False'
[0.368s] Level 5:colcon.colcon_core.verb:set package 'robot_msgs' build argument 'cmake_clean_cache' from command line to 'False'
[0.368s] Level 5:colcon.colcon_core.verb:set package 'robot_msgs' build argument 'cmake_clean_first' from command line to 'False'
[0.368s] Level 5:colcon.colcon_core.verb:set package 'robot_msgs' build argument 'cmake_force_configure' from command line to 'False'
[0.368s] Level 5:colcon.colcon_core.verb:set package 'robot_msgs' build argument 'ament_cmake_args' from command line to 'None'
[0.368s] Level 5:colcon.colcon_core.verb:set package 'robot_msgs' build argument 'catkin_cmake_args' from command line to 'None'
[0.368s] Level 5:colcon.colcon_core.verb:set package 'robot_msgs' build argument 'catkin_skip_building_tests' from command line to 'False'
[0.368s] DEBUG:colcon.colcon_core.verb:Building package 'robot_msgs' with the following arguments: {'ament_cmake_args': None, 'build_base': '/home/sevnova/ros2_ws/build/robot_msgs', 'catkin_cmake_args': None, 'catkin_skip_building_tests': False, 'cmake_args': None, 'cmake_clean_cache': False, 'cmake_clean_first': False, 'cmake_force_configure': False, 'cmake_target': None, 'cmake_target_skip_unavailable': False, 'install_base': '/home/sevnova/ros2_ws/install/robot_msgs', 'merge_install': False, 'path': '/home/sevnova/ros2_ws/src/robot_msgs', 'symlink_install': True, 'test_result_base': None}
[0.369s] Level 5:colcon.colcon_core.verb:set package 'robot_navigation' build argument 'cmake_args' from command line to 'None'
[0.369s] Level 5:colcon.colcon_core.verb:set package 'robot_navigation' build argument 'cmake_target' from command line to 'None'
[0.369s] Level 5:colcon.colcon_core.verb:set package 'robot_navigation' build argument 'cmake_target_skip_unavailable' from command line to 'False'
[0.369s] Level 5:colcon.colcon_core.verb:set package 'robot_navigation' build argument 'cmake_clean_cache' from command line to 'False'
[0.369s] Level 5:colcon.colcon_core.verb:set package 'robot_navigation' build argument 'cmake_clean_first' from command line to 'False'
[0.369s] Level 5:colcon.colcon_core.verb:set package 'robot_navigation' build argument 'cmake_force_configure' from command line to 'False'
[0.369s] Level 5:colcon.colcon_core.verb:set package 'robot_navigation' build argument 'ament_cmake_args' from command line to 'None'
[0.369s] Level 5:colcon.colcon_core.verb:set package 'robot_navigation' build argument 'catkin_cmake_args' from command line to 'None'
[0.369s] Level 5:colcon.colcon_core.verb:set package 'robot_navigation' build argument 'catkin_skip_building_tests' from command line to 'False'
[0.369s] DEBUG:colcon.colcon_core.verb:Building package 'robot_navigation' with the following arguments: {'ament_cmake_args': None, 'build_base': '/home/sevnova/ros2_ws/build/robot_navigation', 'catkin_cmake_args': None, 'catkin_skip_building_tests': False, 'cmake_args': None, 'cmake_clean_cache': False, 'cmake_clean_first': False, 'cmake_force_configure': False, 'cmake_target': None, 'cmake_target_skip_unavailable': False, 'install_base': '/home/sevnova/ros2_ws/install/robot_navigation', 'merge_install': False, 'path': '/home/sevnova/ros2_ws/src/robot_navigation', 'symlink_install': True, 'test_result_base': None}
[0.369s] Level 5:colcon.colcon_core.verb:set package 'robot_state_machine' build argument 'cmake_args' from command line to 'None'
[0.369s] Level 5:colcon.colcon_core.verb:set package 'robot_state_machine' build argument 'cmake_target' from command line to 'None'
[0.369s] Level 5:colcon.colcon_core.verb:set package 'robot_state_machine' build argument 'cmake_target_skip_unavailable' from command line to 'False'
[0.369s] Level 5:colcon.colcon_core.verb:set package 'robot_state_machine' build argument 'cmake_clean_cache' from command line to 'False'
[0.369s] Level 5:colcon.colcon_core.verb:set package 'robot_state_machine' build argument 'cmake_clean_first' from command line to 'False'
[0.369s] Level 5:colcon.colcon_core.verb:set package 'robot_state_machine' build argument 'cmake_force_configure' from command line to 'False'
[0.369s] Level 5:colcon.colcon_core.verb:set package 'robot_state_machine' build argument 'ament_cmake_args' from command line to 'None'
[0.369s] Level 5:colcon.colcon_core.verb:set package 'robot_state_machine' build argument 'catkin_cmake_args' from command line to 'None'
[0.369s] Level 5:colcon.colcon_core.verb:set package 'robot_state_machine' build argument 'catkin_skip_building_tests' from command line to 'False'
[0.369s] DEBUG:colcon.colcon_core.verb:Building package 'robot_state_machine' with the following arguments: {'ament_cmake_args': None, 'build_base': '/home/sevnova/ros2_ws/build/robot_state_machine', 'catkin_cmake_args': None, 'catkin_skip_building_tests': False, 'cmake_args': None, 'cmake_clean_cache': False, 'cmake_clean_first': False, 'cmake_force_configure': False, 'cmake_target': None, 'cmake_target_skip_unavailable': False, 'install_base': '/home/sevnova/ros2_ws/install/robot_state_machine', 'merge_install': False, 'path': '/home/sevnova/ros2_ws/src/robot_state_machine', 'symlink_install': True, 'test_result_base': None}
[0.369s] Level 5:colcon.colcon_core.verb:set package 'robot_bringup' build argument 'cmake_args' from command line to 'None'
[0.369s] Level 5:colcon.colcon_core.verb:set package 'robot_bringup' build argument 'cmake_target' from command line to 'None'
[0.369s] Level 5:colcon.colcon_core.verb:set package 'robot_bringup' build argument 'cmake_target_skip_unavailable' from command line to 'False'
[0.369s] Level 5:colcon.colcon_core.verb:set package 'robot_bringup' build argument 'cmake_clean_cache' from command line to 'False'
[0.369s] Level 5:colcon.colcon_core.verb:set package 'robot_bringup' build argument 'cmake_clean_first' from command line to 'False'
[0.369s] Level 5:colcon.colcon_core.verb:set package 'robot_bringup' build argument 'cmake_force_configure' from command line to 'False'
[0.369s] Level 5:colcon.colcon_core.verb:set package 'robot_bringup' build argument 'ament_cmake_args' from command line to 'None'
[0.369s] Level 5:colcon.colcon_core.verb:set package 'robot_bringup' build argument 'catkin_cmake_args' from command line to 'None'
[0.369s] Level 5:colcon.colcon_core.verb:set package 'robot_bringup' build argument 'catkin_skip_building_tests' from command line to 'False'
[0.369s] DEBUG:colcon.colcon_core.verb:Building package 'robot_bringup' with the following arguments: {'ament_cmake_args': None, 'build_base': '/home/sevnova/ros2_ws/build/robot_bringup', 'catkin_cmake_args': None, 'catkin_skip_building_tests': False, 'cmake_args': None, 'cmake_clean_cache': False, 'cmake_clean_first': False, 'cmake_force_configure': False, 'cmake_target': None, 'cmake_target_skip_unavailable': False, 'install_base': '/home/sevnova/ros2_ws/install/robot_bringup', 'merge_install': False, 'path': '/home/sevnova/ros2_ws/src/robot_bringup', 'symlink_install': True, 'test_result_base': None}
[0.369s] INFO:colcon.colcon_core.executor:Executing jobs using 'parallel' executor
[0.370s] DEBUG:colcon.colcon_parallel_executor.executor.parallel:run_until_complete
[0.370s] INFO:colcon.colcon_ros.task.ament_cmake.build:Building ROS package in '/home/sevnova/ros2_ws/src/robot_msgs' with build type 'ament_cmake'
[0.371s] INFO:colcon.colcon_cmake.task.cmake.build:Building CMake package in '/home/sevnova/ros2_ws/src/robot_msgs'
[0.375s] INFO:colcon.colcon_core.plugin_system:Skipping extension 'colcon_core.shell.bat': Not used on non-Windows systems
[0.375s] INFO:colcon.colcon_core.shell:Skip shell extension 'powershell' for command environment: Not usable outside of PowerShell
[0.375s] DEBUG:colcon.colcon_core.shell:Skip shell extension 'dsv' for command environment
[0.378s] INFO:colcon.colcon_ros.task.ament_python.build:Building ROS package in '/home/sevnova/ros2_ws/src/isaac_visualization_bridge' with build type 'ament_python'
[0.378s] Level 1:colcon.colcon_core.shell:create_environment_hook('isaac_visualization_bridge', 'ament_prefix_path')
[0.378s] INFO:colcon.colcon_core.shell:Creating environment hook '/home/sevnova/ros2_ws/install/isaac_visualization_bridge/share/isaac_visualization_bridge/hook/ament_prefix_path.ps1'
[0.379s] INFO:colcon.colcon_core.shell:Creating environment descriptor '/home/sevnova/ros2_ws/install/isaac_visualization_bridge/share/isaac_visualization_bridge/hook/ament_prefix_path.dsv'
[0.379s] INFO:colcon.colcon_core.shell:Creating environment hook '/home/sevnova/ros2_ws/install/isaac_visualization_bridge/share/isaac_visualization_bridge/hook/ament_prefix_path.sh'
[0.380s] INFO:colcon.colcon_core.shell:Skip shell extension 'powershell' for command environment: Not usable outside of PowerShell
[0.380s] DEBUG:colcon.colcon_core.shell:Skip shell extension 'dsv' for command environment
[0.382s] INFO:colcon.colcon_ros.task.ament_python.build:Building ROS package in '/home/sevnova/ros2_ws/src/robot_navigation' with build type 'ament_python'
[0.382s] Level 1:colcon.colcon_core.shell:create_environment_hook('robot_navigation', 'ament_prefix_path')
[0.382s] INFO:colcon.colcon_core.shell:Creating environment hook '/home/sevnova/ros2_ws/install/robot_navigation/share/robot_navigation/hook/ament_prefix_path.ps1'
[0.382s] INFO:colcon.colcon_core.shell:Creating environment descriptor '/home/sevnova/ros2_ws/install/robot_navigation/share/robot_navigation/hook/ament_prefix_path.dsv'
[0.382s] INFO:colcon.colcon_core.shell:Creating environment hook '/home/sevnova/ros2_ws/install/robot_navigation/share/robot_navigation/hook/ament_prefix_path.sh'
[0.383s] INFO:colcon.colcon_core.shell:Skip shell extension 'powershell' for command environment: Not usable outside of PowerShell
[0.383s] DEBUG:colcon.colcon_core.shell:Skip shell extension 'dsv' for command environment
[0.389s] DEBUG:colcon.colcon_core.event_handler.log_command:Invoking command in '/home/sevnova/ros2_ws/build/robot_msgs': CMAKE_PREFIX_PATH=${CMAKE_PREFIX_PATH}:/home/sevnova/projects/fsm_simulation_plan/alpha_fsm/fsm_ws/install/fsm_config:/home/sevnova/projects/fsm_simulation_plan/alpha_fsm/fsm_ws/install/fsm_test:/home/sevnova/projects/fsm_simulation_plan/alpha_fsm/fsm_ws/install/wall_destacking_strategy:/home/sevnova/projects/fsm_simulation_plan/alpha_fsm/fsm_ws/install/vacuum_io:/home/sevnova/projects/fsm_simulation_plan/alpha_fsm/fsm_ws/install/task_manager:/home/sevnova/projects/fsm_simulation_plan/alpha_fsm/fsm_ws/install/safety_monitor:/home/sevnova/projects/fsm_simulation_plan/alpha_fsm/fsm_ws/install/perception_adapter:/home/sevnova/projects/fsm_simulation_plan/alpha_fsm/fsm_ws/install/pair_grasp_execution:/home/sevnova/projects/fsm_simulation_plan/alpha_fsm/fsm_ws/install/navigation_manager:/home/sevnova/projects/fsm_simulation_plan/alpha_fsm/fsm_ws/install/isaac_sim_bridge:/home/sevnova/projects/fsm_simulation_plan/alpha_fsm/fsm_ws/install/fsm_core:/opt/ros/humble CONDA_PROMPT_MODIFIER=(base) /usr/bin/cmake --build /home/sevnova/ros2_ws/build/robot_msgs -- -j32 -l32
[0.538s] INFO:colcon.colcon_core.task.python.build:Building Python package in '/home/sevnova/ros2_ws/src/isaac_visualization_bridge'
[0.538s] INFO:colcon.colcon_core.shell:Skip shell extension 'powershell' for command environment: Not usable outside of PowerShell
[0.539s] DEBUG:colcon.colcon_core.shell:Skip shell extension 'dsv' for command environment
[0.680s] INFO:colcon.colcon_core.task.python.build:Building Python package in '/home/sevnova/ros2_ws/src/robot_navigation'
[0.681s] INFO:colcon.colcon_core.shell:Skip shell extension 'powershell' for command environment: Not usable outside of PowerShell
[0.681s] DEBUG:colcon.colcon_core.shell:Skip shell extension 'dsv' for command environment
[0.685s] DEBUG:colcon.colcon_core.event_handler.log_command:Invoked command in '/home/sevnova/ros2_ws/build/robot_msgs' returned '0': CMAKE_PREFIX_PATH=${CMAKE_PREFIX_PATH}:/home/sevnova/projects/fsm_simulation_plan/alpha_fsm/fsm_ws/install/fsm_config:/home/sevnova/projects/fsm_simulation_plan/alpha_fsm/fsm_ws/install/fsm_test:/home/sevnova/projects/fsm_simulation_plan/alpha_fsm/fsm_ws/install/wall_destacking_strategy:/home/sevnova/projects/fsm_simulation_plan/alpha_fsm/fsm_ws/install/vacuum_io:/home/sevnova/projects/fsm_simulation_plan/alpha_fsm/fsm_ws/install/task_manager:/home/sevnova/projects/fsm_simulation_plan/alpha_fsm/fsm_ws/install/safety_monitor:/home/sevnova/projects/fsm_simulation_plan/alpha_fsm/fsm_ws/install/perception_adapter:/home/sevnova/projects/fsm_simulation_plan/alpha_fsm/fsm_ws/install/pair_grasp_execution:/home/sevnova/projects/fsm_simulation_plan/alpha_fsm/fsm_ws/install/navigation_manager:/home/sevnova/projects/fsm_simulation_plan/alpha_fsm/fsm_ws/install/isaac_sim_bridge:/home/sevnova/projects/fsm_simulation_plan/alpha_fsm/fsm_ws/install/fsm_core:/opt/ros/humble CONDA_PROMPT_MODIFIER=(base) /usr/bin/cmake --build /home/sevnova/ros2_ws/build/robot_msgs -- -j32 -l32
[0.691s] DEBUG:colcon.colcon_core.event_handler.log_command:Invoking command in '/home/sevnova/ros2_ws/build/robot_msgs': CMAKE_PREFIX_PATH=${CMAKE_PREFIX_PATH}:/home/sevnova/projects/fsm_simulation_plan/alpha_fsm/fsm_ws/install/fsm_config:/home/sevnova/projects/fsm_simulation_plan/alpha_fsm/fsm_ws/install/fsm_test:/home/sevnova/projects/fsm_simulation_plan/alpha_fsm/fsm_ws/install/wall_destacking_strategy:/home/sevnova/projects/fsm_simulation_plan/alpha_fsm/fsm_ws/install/vacuum_io:/home/sevnova/projects/fsm_simulation_plan/alpha_fsm/fsm_ws/install/task_manager:/home/sevnova/projects/fsm_simulation_plan/alpha_fsm/fsm_ws/install/safety_monitor:/home/sevnova/projects/fsm_simulation_plan/alpha_fsm/fsm_ws/install/perception_adapter:/home/sevnova/projects/fsm_simulation_plan/alpha_fsm/fsm_ws/install/pair_grasp_execution:/home/sevnova/projects/fsm_simulation_plan/alpha_fsm/fsm_ws/install/navigation_manager:/home/sevnova/projects/fsm_simulation_plan/alpha_fsm/fsm_ws/install/isaac_sim_bridge:/home/sevnova/projects/fsm_simulation_plan/alpha_fsm/fsm_ws/install/fsm_core:/opt/ros/humble CONDA_PROMPT_MODIFIER=(base) /usr/bin/cmake --install /home/sevnova/ros2_ws/build/robot_msgs
[0.765s] Level 1:colcon.colcon_core.environment:create_environment_scripts_only(robot_msgs)
[0.765s] DEBUG:colcon.colcon_core.event_handler.log_command:Invoked command in '/home/sevnova/ros2_ws/build/robot_msgs' returned '0': CMAKE_PREFIX_PATH=${CMAKE_PREFIX_PATH}:/home/sevnova/projects/fsm_simulation_plan/alpha_fsm/fsm_ws/install/fsm_config:/home/sevnova/projects/fsm_simulation_plan/alpha_fsm/fsm_ws/install/fsm_test:/home/sevnova/projects/fsm_simulation_plan/alpha_fsm/fsm_ws/install/wall_destacking_strategy:/home/sevnova/projects/fsm_simulation_plan/alpha_fsm/fsm_ws/install/vacuum_io:/home/sevnova/projects/fsm_simulation_plan/alpha_fsm/fsm_ws/install/task_manager:/home/sevnova/projects/fsm_simulation_plan/alpha_fsm/fsm_ws/install/safety_monitor:/home/sevnova/projects/fsm_simulation_plan/alpha_fsm/fsm_ws/install/perception_adapter:/home/sevnova/projects/fsm_simulation_plan/alpha_fsm/fsm_ws/install/pair_grasp_execution:/home/sevnova/projects/fsm_simulation_plan/alpha_fsm/fsm_ws/install/navigation_manager:/home/sevnova/projects/fsm_simulation_plan/alpha_fsm/fsm_ws/install/isaac_sim_bridge:/home/sevnova/projects/fsm_simulation_plan/alpha_fsm/fsm_ws/install/fsm_core:/opt/ros/humble CONDA_PROMPT_MODIFIER=(base) /usr/bin/cmake --install /home/sevnova/ros2_ws/build/robot_msgs
[0.769s] Level 1:colcon.colcon_core.environment:checking '/home/sevnova/ros2_ws/install/robot_msgs' for CMake module files
[0.770s] Level 1:colcon.colcon_core.environment:checking '/home/sevnova/ros2_ws/install/robot_msgs' for CMake config files
[0.771s] Level 1:colcon.colcon_core.shell:create_environment_hook('robot_msgs', 'cmake_prefix_path')
[0.771s] INFO:colcon.colcon_core.shell:Creating environment hook '/home/sevnova/ros2_ws/install/robot_msgs/share/robot_msgs/hook/cmake_prefix_path.ps1'
[0.771s] INFO:colcon.colcon_core.shell:Creating environment descriptor '/home/sevnova/ros2_ws/install/robot_msgs/share/robot_msgs/hook/cmake_prefix_path.dsv'
[0.771s] INFO:colcon.colcon_core.shell:Creating environment hook '/home/sevnova/ros2_ws/install/robot_msgs/share/robot_msgs/hook/cmake_prefix_path.sh'
[0.772s] Level 1:colcon.colcon_core.environment:checking '/home/sevnova/ros2_ws/install/robot_msgs/lib'
[0.772s] Level 1:colcon.colcon_core.shell:create_environment_hook('robot_msgs', 'ld_library_path_lib')
[0.772s] INFO:colcon.colcon_core.shell:Creating environment hook '/home/sevnova/ros2_ws/install/robot_msgs/share/robot_msgs/hook/ld_library_path_lib.ps1'
[0.772s] INFO:colcon.colcon_core.shell:Creating environment descriptor '/home/sevnova/ros2_ws/install/robot_msgs/share/robot_msgs/hook/ld_library_path_lib.dsv'
[0.772s] INFO:colcon.colcon_core.shell:Creating environment hook '/home/sevnova/ros2_ws/install/robot_msgs/share/robot_msgs/hook/ld_library_path_lib.sh'
[0.772s] Level 1:colcon.colcon_core.environment:checking '/home/sevnova/ros2_ws/install/robot_msgs/bin'
[0.772s] Level 1:colcon.colcon_core.environment:checking '/home/sevnova/ros2_ws/install/robot_msgs/lib/pkgconfig/robot_msgs.pc'
[0.773s] Level 1:colcon.colcon_core.environment:checking '/home/sevnova/ros2_ws/install/robot_msgs/lib/python3.10/site-packages'
[0.773s] Level 1:colcon.colcon_core.environment:checking '/home/sevnova/ros2_ws/install/robot_msgs/bin'
[0.773s] INFO:colcon.colcon_core.shell:Creating package script '/home/sevnova/ros2_ws/install/robot_msgs/share/robot_msgs/package.ps1'
[0.774s] INFO:colcon.colcon_core.shell:Creating package descriptor '/home/sevnova/ros2_ws/install/robot_msgs/share/robot_msgs/package.dsv'
[0.774s] INFO:colcon.colcon_core.shell:Creating package script '/home/sevnova/ros2_ws/install/robot_msgs/share/robot_msgs/package.sh'
[0.775s] INFO:colcon.colcon_core.shell:Creating package script '/home/sevnova/ros2_ws/install/robot_msgs/share/robot_msgs/package.bash'
[0.775s] INFO:colcon.colcon_core.shell:Creating package script '/home/sevnova/ros2_ws/install/robot_msgs/share/robot_msgs/package.zsh'
[0.776s] Level 1:colcon.colcon_core.environment:create_file_with_runtime_dependencies(/home/sevnova/ros2_ws/install/robot_msgs/share/colcon-core/packages/robot_msgs)
[0.776s] Level 1:colcon.colcon_core.environment:create_environment_scripts_only(robot_msgs)
[0.776s] Level 1:colcon.colcon_core.environment:checking '/home/sevnova/ros2_ws/install/robot_msgs' for CMake module files
[0.777s] Level 1:colcon.colcon_core.environment:checking '/home/sevnova/ros2_ws/install/robot_msgs' for CMake config files
[0.777s] Level 1:colcon.colcon_core.shell:create_environment_hook('robot_msgs', 'cmake_prefix_path')
[0.777s] INFO:colcon.colcon_core.shell:Creating environment hook '/home/sevnova/ros2_ws/install/robot_msgs/share/robot_msgs/hook/cmake_prefix_path.ps1'
[0.777s] INFO:colcon.colcon_core.shell:Creating environment descriptor '/home/sevnova/ros2_ws/install/robot_msgs/share/robot_msgs/hook/cmake_prefix_path.dsv'
[0.777s] INFO:colcon.colcon_core.shell:Creating environment hook '/home/sevnova/ros2_ws/install/robot_msgs/share/robot_msgs/hook/cmake_prefix_path.sh'
[0.778s] Level 1:colcon.colcon_core.environment:checking '/home/sevnova/ros2_ws/install/robot_msgs/lib'
[0.778s] Level 1:colcon.colcon_core.shell:create_environment_hook('robot_msgs', 'ld_library_path_lib')
[0.778s] INFO:colcon.colcon_core.shell:Creating environment hook '/home/sevnova/ros2_ws/install/robot_msgs/share/robot_msgs/hook/ld_library_path_lib.ps1'
[0.778s] INFO:colcon.colcon_core.shell:Creating environment descriptor '/home/sevnova/ros2_ws/install/robot_msgs/share/robot_msgs/hook/ld_library_path_lib.dsv'
[0.779s] INFO:colcon.colcon_core.shell:Creating environment hook '/home/sevnova/ros2_ws/install/robot_msgs/share/robot_msgs/hook/ld_library_path_lib.sh'
[0.779s] Level 1:colcon.colcon_core.environment:checking '/home/sevnova/ros2_ws/install/robot_msgs/bin'
[0.779s] Level 1:colcon.colcon_core.environment:checking '/home/sevnova/ros2_ws/install/robot_msgs/lib/pkgconfig/robot_msgs.pc'
[0.779s] Level 1:colcon.colcon_core.environment:checking '/home/sevnova/ros2_ws/install/robot_msgs/lib/python3.10/site-packages'
[0.779s] Level 1:colcon.colcon_core.environment:checking '/home/sevnova/ros2_ws/install/robot_msgs/bin'
[0.779s] INFO:colcon.colcon_core.shell:Creating package script '/home/sevnova/ros2_ws/install/robot_msgs/share/robot_msgs/package.ps1'
[0.780s] INFO:colcon.colcon_core.shell:Creating package descriptor '/home/sevnova/ros2_ws/install/robot_msgs/share/robot_msgs/package.dsv'
[0.780s] INFO:colcon.colcon_core.shell:Creating package script '/home/sevnova/ros2_ws/install/robot_msgs/share/robot_msgs/package.sh'
[0.781s] INFO:colcon.colcon_core.shell:Creating package script '/home/sevnova/ros2_ws/install/robot_msgs/share/robot_msgs/package.bash'
[0.781s] INFO:colcon.colcon_core.shell:Creating package script '/home/sevnova/ros2_ws/install/robot_msgs/share/robot_msgs/package.zsh'
[0.781s] Level 1:colcon.colcon_core.environment:create_file_with_runtime_dependencies(/home/sevnova/ros2_ws/install/robot_msgs/share/colcon-core/packages/robot_msgs)
[0.782s] INFO:colcon.colcon_ros.task.ament_python.build:Building ROS package in '/home/sevnova/ros2_ws/src/robot_state_machine' with build type 'ament_python'
[0.782s] Level 1:colcon.colcon_core.shell:create_environment_hook('robot_state_machine', 'ament_prefix_path')
[0.782s] INFO:colcon.colcon_core.shell:Creating environment hook '/home/sevnova/ros2_ws/install/robot_state_machine/share/robot_state_machine/hook/ament_prefix_path.ps1'
[0.783s] INFO:colcon.colcon_core.shell:Creating environment descriptor '/home/sevnova/ros2_ws/install/robot_state_machine/share/robot_state_machine/hook/ament_prefix_path.dsv'
[0.783s] INFO:colcon.colcon_core.shell:Creating environment hook '/home/sevnova/ros2_ws/install/robot_state_machine/share/robot_state_machine/hook/ament_prefix_path.sh'
[0.783s] INFO:colcon.colcon_core.shell:Skip shell extension 'powershell' for command environment: Not usable outside of PowerShell
[0.783s] DEBUG:colcon.colcon_core.shell:Skip shell extension 'dsv' for command environment
[0.925s] INFO:colcon.colcon_core.task.python.build:Building Python package in '/home/sevnova/ros2_ws/src/robot_state_machine'
[0.925s] INFO:colcon.colcon_core.shell:Skip shell extension 'powershell' for command environment: Not usable outside of PowerShell
[0.926s] DEBUG:colcon.colcon_core.shell:Skip shell extension 'dsv' for command environment
[0.985s] DEBUG:colcon.colcon_core.task.python.build:Available setuptools commands: upload, build_scripts, check, install_scripts, saveopts, symlink_data, build_py, build, egg_info, develop, install_egg_info, bdist, build_clib, sdist, dist_info, install_headers, test, bdist_rpm, install_lib, register, setopt, install_data, init_catalog, compile_catalog, bdist_dumb, rotate, install, clean, build_ext, update_catalog, alias, extract_messages, bdist_egg, bdist_wheel, easy_install, upload_docs
[0.987s] DEBUG:colcon.colcon_core.task.python.build:Available setuptools commands: upload, build_scripts, check, install_scripts, saveopts, symlink_data, build_py, build, egg_info, develop, install_egg_info, bdist, build_clib, sdist, dist_info, install_headers, test, bdist_rpm, install_lib, register, setopt, install_data, init_catalog, compile_catalog, bdist_dumb, rotate, install, clean, build_ext, update_catalog, alias, extract_messages, bdist_egg, bdist_wheel, easy_install, upload_docs
[1.147s] DEBUG:colcon.colcon_core.task.python.build:Available setuptools 'develop' options: --verbose, --install-layout, --prefix, --help, --index-url, --zip-ok, --install-dir, --editable, --find-links, --always-copy, --user, --upgrade, --optimize, --uninstall, --multi-version, --build-directory, --egg-path, --no-deps, --allow-hosts, --no-find-links, --no-user-cfg, --script-dir, --version, --dry-run, --quiet, --site-dirs, --record, --always-unzip, --force-installation-into-system-dir, --local-snapshots-ok, --exclude-scripts
[1.149s] DEBUG:colcon.colcon_core.event_handler.log_command:Invoking command in '/home/sevnova/ros2_ws/build/robot_navigation': CONDA_PROMPT_MODIFIER=(base) PYTHONPATH=/home/sevnova/ros2_ws/build/robot_navigation/prefix_override:/usr/lib/python3/dist-packages/colcon_core/task/python/colcon_distutils_commands:/home/sevnova/ros2_ws/install/robot_navigation/lib/python3.10/site-packages:${PYTHONPATH} /usr/bin/python3 -W ignore:setup.py install is deprecated -W ignore:easy_install command is deprecated setup.py develop --editable --build-directory /home/sevnova/ros2_ws/build/robot_navigation/build --no-deps symlink_data
[1.154s] DEBUG:colcon.colcon_core.task.python.build:Available setuptools commands: upload, build_scripts, check, install_scripts, saveopts, symlink_data, build_py, build, egg_info, develop, install_egg_info, bdist, build_clib, sdist, dist_info, install_headers, test, bdist_rpm, install_lib, register, setopt, install_data, init_catalog, compile_catalog, bdist_dumb, rotate, install, clean, build_ext, update_catalog, alias, extract_messages, bdist_egg, bdist_wheel, easy_install, upload_docs
[1.157s] DEBUG:colcon.colcon_core.task.python.build:Available setuptools 'develop' options: --verbose, --install-layout, --prefix, --help, --index-url, --zip-ok, --install-dir, --editable, --find-links, --always-copy, --user, --upgrade, --optimize, --uninstall, --multi-version, --build-directory, --egg-path, --no-deps, --allow-hosts, --no-find-links, --no-user-cfg, --script-dir, --version, --dry-run, --quiet, --site-dirs, --record, --always-unzip, --force-installation-into-system-dir, --local-snapshots-ok, --exclude-scripts
[1.160s] DEBUG:colcon.colcon_core.event_handler.log_command:Invoking command in '/home/sevnova/ros2_ws/build/isaac_visualization_bridge': CONDA_PROMPT_MODIFIER=(base) PYTHONPATH=/home/sevnova/ros2_ws/build/isaac_visualization_bridge/prefix_override:/usr/lib/python3/dist-packages/colcon_core/task/python/colcon_distutils_commands:/home/sevnova/ros2_ws/install/isaac_visualization_bridge/lib/python3.10/site-packages:${PYTHONPATH} /usr/bin/python3 -W ignore:setup.py install is deprecated -W ignore:easy_install command is deprecated setup.py develop --editable --build-directory /home/sevnova/ros2_ws/build/isaac_visualization_bridge/build --no-deps symlink_data
[1.310s] DEBUG:colcon.colcon_core.task.python.build:Available setuptools 'develop' options: --verbose, --install-layout, --prefix, --help, --index-url, --zip-ok, --install-dir, --editable, --find-links, --always-copy, --user, --upgrade, --optimize, --uninstall, --multi-version, --build-directory, --egg-path, --no-deps, --allow-hosts, --no-find-links, --no-user-cfg, --script-dir, --version, --dry-run, --quiet, --site-dirs, --record, --always-unzip, --force-installation-into-system-dir, --local-snapshots-ok, --exclude-scripts
[1.312s] DEBUG:colcon.colcon_core.event_handler.log_command:Invoking command in '/home/sevnova/ros2_ws/build/robot_state_machine': AMENT_PREFIX_PATH=/home/sevnova/ros2_ws/install/robot_msgs:${AMENT_PREFIX_PATH} CMAKE_PREFIX_PATH=/home/sevnova/ros2_ws/install/robot_msgs:${CMAKE_PREFIX_PATH} CONDA_PROMPT_MODIFIER=(base) LD_LIBRARY_PATH=/home/sevnova/ros2_ws/install/robot_msgs/lib:${LD_LIBRARY_PATH} PYTHONPATH=/home/sevnova/ros2_ws/build/robot_state_machine/prefix_override:/usr/lib/python3/dist-packages/colcon_core/task/python/colcon_distutils_commands:/home/sevnova/ros2_ws/install/robot_state_machine/lib/python3.10/site-packages:/home/sevnova/ros2_ws/install/robot_msgs/local/lib/python3.10/dist-packages:${PYTHONPATH} /usr/bin/python3 -W ignore:setup.py install is deprecated -W ignore:easy_install command is deprecated setup.py develop --editable --build-directory /home/sevnova/ros2_ws/build/robot_state_machine/build --no-deps symlink_data
[1.397s] Level 1:colcon.colcon_core.shell:create_environment_hook('robot_navigation', 'pythonpath_develop')
[1.397s] INFO:colcon.colcon_core.shell:Creating environment hook '/home/sevnova/ros2_ws/build/robot_navigation/share/robot_navigation/hook/pythonpath_develop.ps1'
[1.398s] DEBUG:colcon.colcon_core.event_handler.log_command:Invoked command in '/home/sevnova/ros2_ws/build/robot_navigation' returned '0': CONDA_PROMPT_MODIFIER=(base) PYTHONPATH=/home/sevnova/ros2_ws/build/robot_navigation/prefix_override:/usr/lib/python3/dist-packages/colcon_core/task/python/colcon_distutils_commands:/home/sevnova/ros2_ws/install/robot_navigation/lib/python3.10/site-packages:${PYTHONPATH} /usr/bin/python3 -W ignore:setup.py install is deprecated -W ignore:easy_install command is deprecated setup.py develop --editable --build-directory /home/sevnova/ros2_ws/build/robot_navigation/build --no-deps symlink_data
[1.398s] INFO:colcon.colcon_core.shell:Creating environment descriptor '/home/sevnova/ros2_ws/build/robot_navigation/share/robot_navigation/hook/pythonpath_develop.dsv'
[1.399s] INFO:colcon.colcon_core.shell:Creating environment hook '/home/sevnova/ros2_ws/build/robot_navigation/share/robot_navigation/hook/pythonpath_develop.sh'
[1.399s] Level 1:colcon.colcon_core.environment:checking '/home/sevnova/ros2_ws/install/robot_navigation' for CMake module files
[1.400s] Level 1:colcon.colcon_core.environment:checking '/home/sevnova/ros2_ws/install/robot_navigation' for CMake config files
[1.402s] Level 1:colcon.colcon_core.environment:checking '/home/sevnova/ros2_ws/install/robot_navigation/lib'
[1.402s] Level 1:colcon.colcon_core.environment:checking '/home/sevnova/ros2_ws/install/robot_navigation/bin'
[1.402s] Level 1:colcon.colcon_core.environment:checking '/home/sevnova/ros2_ws/install/robot_navigation/lib/pkgconfig/robot_navigation.pc'
[1.402s] Level 1:colcon.colcon_core.environment:checking '/home/sevnova/ros2_ws/install/robot_navigation/lib/python3.10/site-packages'
[1.402s] Level 1:colcon.colcon_core.shell:create_environment_hook('robot_navigation', 'pythonpath')
[1.402s] INFO:colcon.colcon_core.shell:Creating environment hook '/home/sevnova/ros2_ws/install/robot_navigation/share/robot_navigation/hook/pythonpath.ps1'
[1.403s] INFO:colcon.colcon_core.shell:Creating environment descriptor '/home/sevnova/ros2_ws/install/robot_navigation/share/robot_navigation/hook/pythonpath.dsv'
[1.403s] INFO:colcon.colcon_core.shell:Creating environment hook '/home/sevnova/ros2_ws/install/robot_navigation/share/robot_navigation/hook/pythonpath.sh'
[1.403s] Level 1:colcon.colcon_core.environment:checking '/home/sevnova/ros2_ws/install/robot_navigation/bin'
[1.403s] Level 1:colcon.colcon_core.environment:create_environment_scripts_only(robot_navigation)
[1.403s] INFO:colcon.colcon_core.shell:Creating package script '/home/sevnova/ros2_ws/install/robot_navigation/share/robot_navigation/package.ps1'
[1.403s] INFO:colcon.colcon_core.shell:Creating package descriptor '/home/sevnova/ros2_ws/install/robot_navigation/share/robot_navigation/package.dsv'
[1.404s] INFO:colcon.colcon_core.shell:Creating package script '/home/sevnova/ros2_ws/install/robot_navigation/share/robot_navigation/package.sh'
[1.404s] INFO:colcon.colcon_core.shell:Creating package script '/home/sevnova/ros2_ws/install/robot_navigation/share/robot_navigation/package.bash'
[1.404s] INFO:colcon.colcon_core.shell:Creating package script '/home/sevnova/ros2_ws/install/robot_navigation/share/robot_navigation/package.zsh'
[1.404s] Level 1:colcon.colcon_core.environment:create_file_with_runtime_dependencies(/home/sevnova/ros2_ws/install/robot_navigation/share/colcon-core/packages/robot_navigation)
[1.405s] Level 1:colcon.colcon_core.shell:create_environment_hook('isaac_visualization_bridge', 'pythonpath_develop')
[1.405s] INFO:colcon.colcon_core.shell:Creating environment hook '/home/sevnova/ros2_ws/build/isaac_visualization_bridge/share/isaac_visualization_bridge/hook/pythonpath_develop.ps1'
[1.405s] INFO:colcon.colcon_core.shell:Creating environment descriptor '/home/sevnova/ros2_ws/build/isaac_visualization_bridge/share/isaac_visualization_bridge/hook/pythonpath_develop.dsv'
[1.405s] DEBUG:colcon.colcon_core.event_handler.log_command:Invoked command in '/home/sevnova/ros2_ws/build/isaac_visualization_bridge' returned '0': CONDA_PROMPT_MODIFIER=(base) PYTHONPATH=/home/sevnova/ros2_ws/build/isaac_visualization_bridge/prefix_override:/usr/lib/python3/dist-packages/colcon_core/task/python/colcon_distutils_commands:/home/sevnova/ros2_ws/install/isaac_visualization_bridge/lib/python3.10/site-packages:${PYTHONPATH} /usr/bin/python3 -W ignore:setup.py install is deprecated -W ignore:easy_install command is deprecated setup.py develop --editable --build-directory /home/sevnova/ros2_ws/build/isaac_visualization_bridge/build --no-deps symlink_data
[1.406s] INFO:colcon.colcon_core.shell:Creating environment hook '/home/sevnova/ros2_ws/build/isaac_visualization_bridge/share/isaac_visualization_bridge/hook/pythonpath_develop.sh'
[1.406s] Level 1:colcon.colcon_core.environment:checking '/home/sevnova/ros2_ws/install/isaac_visualization_bridge' for CMake module files
[1.406s] Level 1:colcon.colcon_core.environment:checking '/home/sevnova/ros2_ws/install/isaac_visualization_bridge' for CMake config files
[1.408s] Level 1:colcon.colcon_core.environment:checking '/home/sevnova/ros2_ws/install/isaac_visualization_bridge/lib'
[1.408s] Level 1:colcon.colcon_core.environment:checking '/home/sevnova/ros2_ws/install/isaac_visualization_bridge/bin'
[1.408s] Level 1:colcon.colcon_core.environment:checking '/home/sevnova/ros2_ws/install/isaac_visualization_bridge/lib/pkgconfig/isaac_visualization_bridge.pc'
[1.408s] Level 1:colcon.colcon_core.environment:checking '/home/sevnova/ros2_ws/install/isaac_visualization_bridge/lib/python3.10/site-packages'
[1.408s] Level 1:colcon.colcon_core.shell:create_environment_hook('isaac_visualization_bridge', 'pythonpath')
[1.408s] INFO:colcon.colcon_core.shell:Creating environment hook '/home/sevnova/ros2_ws/install/isaac_visualization_bridge/share/isaac_visualization_bridge/hook/pythonpath.ps1'
[1.408s] INFO:colcon.colcon_core.shell:Creating environment descriptor '/home/sevnova/ros2_ws/install/isaac_visualization_bridge/share/isaac_visualization_bridge/hook/pythonpath.dsv'
[1.409s] INFO:colcon.colcon_core.shell:Creating environment hook '/home/sevnova/ros2_ws/install/isaac_visualization_bridge/share/isaac_visualization_bridge/hook/pythonpath.sh'
[1.409s] Level 1:colcon.colcon_core.environment:checking '/home/sevnova/ros2_ws/install/isaac_visualization_bridge/bin'
[1.409s] Level 1:colcon.colcon_core.environment:create_environment_scripts_only(isaac_visualization_bridge)
[1.409s] INFO:colcon.colcon_core.shell:Creating package script '/home/sevnova/ros2_ws/install/isaac_visualization_bridge/share/isaac_visualization_bridge/package.ps1'
[1.409s] INFO:colcon.colcon_core.shell:Creating package descriptor '/home/sevnova/ros2_ws/install/isaac_visualization_bridge/share/isaac_visualization_bridge/package.dsv'
[1.409s] INFO:colcon.colcon_core.shell:Creating package script '/home/sevnova/ros2_ws/install/isaac_visualization_bridge/share/isaac_visualization_bridge/package.sh'
[1.410s] INFO:colcon.colcon_core.shell:Creating package script '/home/sevnova/ros2_ws/install/isaac_visualization_bridge/share/isaac_visualization_bridge/package.bash'
[1.410s] INFO:colcon.colcon_core.shell:Creating package script '/home/sevnova/ros2_ws/install/isaac_visualization_bridge/share/isaac_visualization_bridge/package.zsh'
[1.410s] Level 1:colcon.colcon_core.environment:create_file_with_runtime_dependencies(/home/sevnova/ros2_ws/install/isaac_visualization_bridge/share/colcon-core/packages/isaac_visualization_bridge)
[1.553s] Level 1:colcon.colcon_core.shell:create_environment_hook('robot_state_machine', 'pythonpath_develop')
[1.554s] INFO:colcon.colcon_core.shell:Creating environment hook '/home/sevnova/ros2_ws/build/robot_state_machine/share/robot_state_machine/hook/pythonpath_develop.ps1'
[1.554s] DEBUG:colcon.colcon_core.event_handler.log_command:Invoked command in '/home/sevnova/ros2_ws/build/robot_state_machine' returned '0': AMENT_PREFIX_PATH=/home/sevnova/ros2_ws/install/robot_msgs:${AMENT_PREFIX_PATH} CMAKE_PREFIX_PATH=/home/sevnova/ros2_ws/install/robot_msgs:${CMAKE_PREFIX_PATH} CONDA_PROMPT_MODIFIER=(base) LD_LIBRARY_PATH=/home/sevnova/ros2_ws/install/robot_msgs/lib:${LD_LIBRARY_PATH} PYTHONPATH=/home/sevnova/ros2_ws/build/robot_state_machine/prefix_override:/usr/lib/python3/dist-packages/colcon_core/task/python/colcon_distutils_commands:/home/sevnova/ros2_ws/install/robot_state_machine/lib/python3.10/site-packages:/home/sevnova/ros2_ws/install/robot_msgs/local/lib/python3.10/dist-packages:${PYTHONPATH} /usr/bin/python3 -W ignore:setup.py install is deprecated -W ignore:easy_install command is deprecated setup.py develop --editable --build-directory /home/sevnova/ros2_ws/build/robot_state_machine/build --no-deps symlink_data
[1.554s] INFO:colcon.colcon_core.shell:Creating environment descriptor '/home/sevnova/ros2_ws/build/robot_state_machine/share/robot_state_machine/hook/pythonpath_develop.dsv'
[1.554s] INFO:colcon.colcon_core.shell:Creating environment hook '/home/sevnova/ros2_ws/build/robot_state_machine/share/robot_state_machine/hook/pythonpath_develop.sh'
[1.555s] Level 1:colcon.colcon_core.environment:checking '/home/sevnova/ros2_ws/install/robot_state_machine' for CMake module files
[1.556s] Level 1:colcon.colcon_core.environment:checking '/home/sevnova/ros2_ws/install/robot_state_machine' for CMake config files
[1.557s] Level 1:colcon.colcon_core.environment:checking '/home/sevnova/ros2_ws/install/robot_state_machine/lib'
[1.557s] Level 1:colcon.colcon_core.environment:checking '/home/sevnova/ros2_ws/install/robot_state_machine/bin'
[1.557s] Level 1:colcon.colcon_core.environment:checking '/home/sevnova/ros2_ws/install/robot_state_machine/lib/pkgconfig/robot_state_machine.pc'
[1.557s] Level 1:colcon.colcon_core.environment:checking '/home/sevnova/ros2_ws/install/robot_state_machine/lib/python3.10/site-packages'
[1.557s] Level 1:colcon.colcon_core.shell:create_environment_hook('robot_state_machine', 'pythonpath')
[1.557s] INFO:colcon.colcon_core.shell:Creating environment hook '/home/sevnova/ros2_ws/install/robot_state_machine/share/robot_state_machine/hook/pythonpath.ps1'
[1.558s] INFO:colcon.colcon_core.shell:Creating environment descriptor '/home/sevnova/ros2_ws/install/robot_state_machine/share/robot_state_machine/hook/pythonpath.dsv'
[1.558s] INFO:colcon.colcon_core.shell:Creating environment hook '/home/sevnova/ros2_ws/install/robot_state_machine/share/robot_state_machine/hook/pythonpath.sh'
[1.558s] Level 1:colcon.colcon_core.environment:checking '/home/sevnova/ros2_ws/install/robot_state_machine/bin'
[1.558s] Level 1:colcon.colcon_core.environment:create_environment_scripts_only(robot_state_machine)
[1.558s] INFO:colcon.colcon_core.shell:Creating package script '/home/sevnova/ros2_ws/install/robot_state_machine/share/robot_state_machine/package.ps1'
[1.559s] INFO:colcon.colcon_core.shell:Creating package descriptor '/home/sevnova/ros2_ws/install/robot_state_machine/share/robot_state_machine/package.dsv'
[1.559s] INFO:colcon.colcon_core.shell:Creating package script '/home/sevnova/ros2_ws/install/robot_state_machine/share/robot_state_machine/package.sh'
[1.559s] INFO:colcon.colcon_core.shell:Creating package script '/home/sevnova/ros2_ws/install/robot_state_machine/share/robot_state_machine/package.bash'
[1.559s] INFO:colcon.colcon_core.shell:Creating package script '/home/sevnova/ros2_ws/install/robot_state_machine/share/robot_state_machine/package.zsh'
[1.559s] Level 1:colcon.colcon_core.environment:create_file_with_runtime_dependencies(/home/sevnova/ros2_ws/install/robot_state_machine/share/colcon-core/packages/robot_state_machine)
[1.559s] INFO:colcon.colcon_ros.task.ament_python.build:Building ROS package in '/home/sevnova/ros2_ws/src/robot_bringup' with build type 'ament_python'
[1.559s] Level 1:colcon.colcon_core.shell:create_environment_hook('robot_bringup', 'ament_prefix_path')
[1.560s] INFO:colcon.colcon_core.shell:Creating environment hook '/home/sevnova/ros2_ws/install/robot_bringup/share/robot_bringup/hook/ament_prefix_path.ps1'
[1.560s] INFO:colcon.colcon_core.shell:Creating environment descriptor '/home/sevnova/ros2_ws/install/robot_bringup/share/robot_bringup/hook/ament_prefix_path.dsv'
[1.560s] INFO:colcon.colcon_core.shell:Creating environment hook '/home/sevnova/ros2_ws/install/robot_bringup/share/robot_bringup/hook/ament_prefix_path.sh'
[1.561s] INFO:colcon.colcon_core.shell:Skip shell extension 'powershell' for command environment: Not usable outside of PowerShell
[1.561s] DEBUG:colcon.colcon_core.shell:Skip shell extension 'dsv' for command environment
[1.702s] INFO:colcon.colcon_core.task.python.build:Building Python package in '/home/sevnova/ros2_ws/src/robot_bringup'
[1.702s] INFO:colcon.colcon_core.shell:Skip shell extension 'powershell' for command environment: Not usable outside of PowerShell
[1.702s] DEBUG:colcon.colcon_core.shell:Skip shell extension 'dsv' for command environment
[1.909s] DEBUG:colcon.colcon_core.task.python.build:Available setuptools commands: upload, build_scripts, check, install_scripts, saveopts, symlink_data, build_py, build, egg_info, develop, install_egg_info, bdist, build_clib, sdist, dist_info, install_headers, test, bdist_rpm, install_lib, register, setopt, install_data, init_catalog, compile_catalog, bdist_dumb, rotate, install, clean, build_ext, update_catalog, alias, extract_messages, bdist_egg, bdist_wheel, easy_install, upload_docs
[2.063s] DEBUG:colcon.colcon_core.task.python.build:Available setuptools 'develop' options: --verbose, --install-layout, --prefix, --help, --index-url, --zip-ok, --install-dir, --editable, --find-links, --always-copy, --user, --upgrade, --optimize, --uninstall, --multi-version, --build-directory, --egg-path, --no-deps, --allow-hosts, --no-find-links, --no-user-cfg, --script-dir, --version, --dry-run, --quiet, --site-dirs, --record, --always-unzip, --force-installation-into-system-dir, --local-snapshots-ok, --exclude-scripts
[2.065s] DEBUG:colcon.colcon_core.event_handler.log_command:Invoking command in '/home/sevnova/ros2_ws/build/robot_bringup': AMENT_PREFIX_PATH=/home/sevnova/ros2_ws/install/robot_state_machine:/home/sevnova/ros2_ws/install/robot_navigation:/home/sevnova/ros2_ws/install/robot_msgs:/home/sevnova/ros2_ws/install/isaac_visualization_bridge:${AMENT_PREFIX_PATH} CMAKE_PREFIX_PATH=/home/sevnova/ros2_ws/install/robot_msgs:${CMAKE_PREFIX_PATH} CONDA_PROMPT_MODIFIER=(base) LD_LIBRARY_PATH=/home/sevnova/ros2_ws/install/robot_msgs/lib:${LD_LIBRARY_PATH} PYTHONPATH=/home/sevnova/ros2_ws/build/robot_bringup/prefix_override:/usr/lib/python3/dist-packages/colcon_core/task/python/colcon_distutils_commands:/home/sevnova/ros2_ws/install/robot_bringup/lib/python3.10/site-packages:/home/sevnova/ros2_ws/build/robot_state_machine:/home/sevnova/ros2_ws/install/robot_state_machine/lib/python3.10/site-packages:/home/sevnova/ros2_ws/build/robot_navigation:/home/sevnova/ros2_ws/install/robot_navigation/lib/python3.10/site-packages:/home/sevnova/ros2_ws/install/robot_msgs/local/lib/python3.10/dist-packages:/home/sevnova/ros2_ws/build/isaac_visualization_bridge:/home/sevnova/ros2_ws/install/isaac_visualization_bridge/lib/python3.10/site-packages:${PYTHONPATH} /usr/bin/python3 -W ignore:setup.py install is deprecated -W ignore:easy_install command is deprecated setup.py develop --editable --build-directory /home/sevnova/ros2_ws/build/robot_bringup/build --no-deps symlink_data
[2.294s] Level 1:colcon.colcon_core.shell:create_environment_hook('robot_bringup', 'pythonpath_develop')
[2.294s] INFO:colcon.colcon_core.shell:Creating environment hook '/home/sevnova/ros2_ws/build/robot_bringup/share/robot_bringup/hook/pythonpath_develop.ps1'
[2.295s] DEBUG:colcon.colcon_core.event_handler.log_command:Invoked command in '/home/sevnova/ros2_ws/build/robot_bringup' returned '0': AMENT_PREFIX_PATH=/home/sevnova/ros2_ws/install/robot_state_machine:/home/sevnova/ros2_ws/install/robot_navigation:/home/sevnova/ros2_ws/install/robot_msgs:/home/sevnova/ros2_ws/install/isaac_visualization_bridge:${AMENT_PREFIX_PATH} CMAKE_PREFIX_PATH=/home/sevnova/ros2_ws/install/robot_msgs:${CMAKE_PREFIX_PATH} CONDA_PROMPT_MODIFIER=(base) LD_LIBRARY_PATH=/home/sevnova/ros2_ws/install/robot_msgs/lib:${LD_LIBRARY_PATH} PYTHONPATH=/home/sevnova/ros2_ws/build/robot_bringup/prefix_override:/usr/lib/python3/dist-packages/colcon_core/task/python/colcon_distutils_commands:/home/sevnova/ros2_ws/install/robot_bringup/lib/python3.10/site-packages:/home/sevnova/ros2_ws/build/robot_state_machine:/home/sevnova/ros2_ws/install/robot_state_machine/lib/python3.10/site-packages:/home/sevnova/ros2_ws/build/robot_navigation:/home/sevnova/ros2_ws/install/robot_navigation/lib/python3.10/site-packages:/home/sevnova/ros2_ws/install/robot_msgs/local/lib/python3.10/dist-packages:/home/sevnova/ros2_ws/build/isaac_visualization_bridge:/home/sevnova/ros2_ws/install/isaac_visualization_bridge/lib/python3.10/site-packages:${PYTHONPATH} /usr/bin/python3 -W ignore:setup.py install is deprecated -W ignore:easy_install command is deprecated setup.py develop --editable --build-directory /home/sevnova/ros2_ws/build/robot_bringup/build --no-deps symlink_data
[2.295s] INFO:colcon.colcon_core.shell:Creating environment descriptor '/home/sevnova/ros2_ws/build/robot_bringup/share/robot_bringup/hook/pythonpath_develop.dsv'
[2.296s] INFO:colcon.colcon_core.shell:Creating environment hook '/home/sevnova/ros2_ws/build/robot_bringup/share/robot_bringup/hook/pythonpath_develop.sh'
[2.296s] Level 1:colcon.colcon_core.environment:checking '/home/sevnova/ros2_ws/install/robot_bringup' for CMake module files
[2.297s] Level 1:colcon.colcon_core.environment:checking '/home/sevnova/ros2_ws/install/robot_bringup' for CMake config files
[2.299s] Level 1:colcon.colcon_core.environment:checking '/home/sevnova/ros2_ws/install/robot_bringup/lib'
[2.299s] Level 1:colcon.colcon_core.environment:checking '/home/sevnova/ros2_ws/install/robot_bringup/bin'
[2.299s] Level 1:colcon.colcon_core.environment:checking '/home/sevnova/ros2_ws/install/robot_bringup/lib/pkgconfig/robot_bringup.pc'
[2.299s] Level 1:colcon.colcon_core.environment:checking '/home/sevnova/ros2_ws/install/robot_bringup/lib/python3.10/site-packages'
[2.299s] Level 1:colcon.colcon_core.shell:create_environment_hook('robot_bringup', 'pythonpath')
[2.299s] INFO:colcon.colcon_core.shell:Creating environment hook '/home/sevnova/ros2_ws/install/robot_bringup/share/robot_bringup/hook/pythonpath.ps1'
[2.300s] INFO:colcon.colcon_core.shell:Creating environment descriptor '/home/sevnova/ros2_ws/install/robot_bringup/share/robot_bringup/hook/pythonpath.dsv'
[2.300s] INFO:colcon.colcon_core.shell:Creating environment hook '/home/sevnova/ros2_ws/install/robot_bringup/share/robot_bringup/hook/pythonpath.sh'
[2.300s] Level 1:colcon.colcon_core.environment:checking '/home/sevnova/ros2_ws/install/robot_bringup/bin'
[2.300s] Level 1:colcon.colcon_core.environment:create_environment_scripts_only(robot_bringup)
[2.301s] INFO:colcon.colcon_core.shell:Creating package script '/home/sevnova/ros2_ws/install/robot_bringup/share/robot_bringup/package.ps1'
[2.301s] INFO:colcon.colcon_core.shell:Creating package descriptor '/home/sevnova/ros2_ws/install/robot_bringup/share/robot_bringup/package.dsv'
[2.301s] INFO:colcon.colcon_core.shell:Creating package script '/home/sevnova/ros2_ws/install/robot_bringup/share/robot_bringup/package.sh'
[2.302s] INFO:colcon.colcon_core.shell:Creating package script '/home/sevnova/ros2_ws/install/robot_bringup/share/robot_bringup/package.bash'
[2.302s] INFO:colcon.colcon_core.shell:Creating package script '/home/sevnova/ros2_ws/install/robot_bringup/share/robot_bringup/package.zsh'
[2.302s] Level 1:colcon.colcon_core.environment:create_file_with_runtime_dependencies(/home/sevnova/ros2_ws/install/robot_bringup/share/colcon-core/packages/robot_bringup)
[2.302s] DEBUG:colcon.colcon_parallel_executor.executor.parallel:closing loop
[2.302s] DEBUG:colcon.colcon_parallel_executor.executor.parallel:loop closed
[2.302s] DEBUG:colcon.colcon_parallel_executor.executor.parallel:run_until_complete finished with '0'
[2.302s] DEBUG:colcon.colcon_core.event_reactor:joining thread
[2.310s] INFO:colcon.colcon_core.plugin_system:Skipping extension 'colcon_notification.desktop_notification.terminal_notifier': Not used on non-Darwin systems
[2.310s] INFO:colcon.colcon_core.plugin_system:Skipping extension 'colcon_notification.desktop_notification.win32': Not used on non-Windows systems
[2.310s] INFO:colcon.colcon_notification.desktop_notification:Sending desktop notification using 'notify2'
[2.406s] DEBUG:colcon.colcon_core.event_reactor:joined thread
[2.406s] INFO:colcon.colcon_core.shell:Creating prefix script '/home/sevnova/ros2_ws/install/local_setup.ps1'
[2.407s] INFO:colcon.colcon_core.shell:Creating prefix util module '/home/sevnova/ros2_ws/install/_local_setup_util_ps1.py'
[2.408s] INFO:colcon.colcon_core.shell:Creating prefix chain script '/home/sevnova/ros2_ws/install/setup.ps1'
[2.409s] INFO:colcon.colcon_core.shell:Creating prefix script '/home/sevnova/ros2_ws/install/local_setup.sh'
[2.409s] INFO:colcon.colcon_core.shell:Creating prefix util module '/home/sevnova/ros2_ws/install/_local_setup_util_sh.py'
[2.409s] INFO:colcon.colcon_core.shell:Creating prefix chain script '/home/sevnova/ros2_ws/install/setup.sh'
[2.410s] INFO:colcon.colcon_core.shell:Creating prefix script '/home/sevnova/ros2_ws/install/local_setup.bash'
[2.411s] INFO:colcon.colcon_core.shell:Creating prefix chain script '/home/sevnova/ros2_ws/install/setup.bash'
[2.412s] INFO:colcon.colcon_core.shell:Creating prefix script '/home/sevnova/ros2_ws/install/local_setup.zsh'
[2.412s] INFO:colcon.colcon_core.shell:Creating prefix chain script '/home/sevnova/ros2_ws/install/setup.zsh'
