[0.015s] Invoking command in '/home/sevnova/ros2_ws/build/robot_msgs': CMAKE_PREFIX_PATH=${CMAKE_PREFIX_PATH}:/home/sevnova/projects/fsm_simulation_plan/alpha_fsm/fsm_ws/install/fsm_config:/home/sevnova/projects/fsm_simulation_plan/alpha_fsm/fsm_ws/install/fsm_test:/home/sevnova/projects/fsm_simulation_plan/alpha_fsm/fsm_ws/install/wall_destacking_strategy:/home/sevnova/projects/fsm_simulation_plan/alpha_fsm/fsm_ws/install/vacuum_io:/home/sevnova/projects/fsm_simulation_plan/alpha_fsm/fsm_ws/install/task_manager:/home/sevnova/projects/fsm_simulation_plan/alpha_fsm/fsm_ws/install/safety_monitor:/home/sevnova/projects/fsm_simulation_plan/alpha_fsm/fsm_ws/install/perception_adapter:/home/sevnova/projects/fsm_simulation_plan/alpha_fsm/fsm_ws/install/pair_grasp_execution:/home/sevnova/projects/fsm_simulation_plan/alpha_fsm/fsm_ws/install/navigation_manager:/home/sevnova/projects/fsm_simulation_plan/alpha_fsm/fsm_ws/install/isaac_sim_bridge:/home/sevnova/projects/fsm_simulation_plan/alpha_fsm/fsm_ws/install/fsm_core:/opt/ros/humble CONDA_PROMPT_MODIFIER=(base) /usr/bin/cmake --build /home/sevnova/ros2_ws/build/robot_msgs -- -j32 -l32
[0.149s] [  2%] Built target robot_msgs__rs
[0.149s] [  7%] Built target robot_msgs__cpp
[0.150s] [ 15%] Built target robot_msgs__rosidl_generator_c
[0.150s] [ 15%] Built target ament_cmake_python_symlink_robot_msgs
[0.150s] [ 25%] Built target robot_msgs__rosidl_typesupport_c
[0.150s] [ 35%] Built target robot_msgs__rosidl_typesupport_introspection_c
[0.150s] [ 45%] Built target robot_msgs__rosidl_typesupport_fastrtps_c
[0.150s] [ 55%] Built target robot_msgs__rosidl_typesupport_fastrtps_cpp
[0.150s] [ 65%] Built target robot_msgs__rosidl_typesupport_cpp
[0.150s] [ 75%] Built target robot_msgs__rosidl_typesupport_introspection_cpp
[0.150s] [ 75%] Built target robot_msgs
[0.150s] [ 77%] Built target robot_msgs__py
[0.150s] [ 85%] Built target robot_msgs__rosidl_generator_py
[0.150s] [ 90%] Built target robot_msgs__rosidl_typesupport_introspection_c__pyext
[0.151s] [ 95%] Built target robot_msgs__rosidl_typesupport_fastrtps_c__pyext
[0.151s] [100%] Built target robot_msgs__rosidl_typesupport_c__pyext
[0.275s] running egg_info
[0.275s] writing robot_msgs.egg-info/PKG-INFO
[0.275s] writing dependency_links to robot_msgs.egg-info/dependency_links.txt
[0.275s] writing top-level names to robot_msgs.egg-info/top_level.txt
[0.275s] reading manifest file 'robot_msgs.egg-info/SOURCES.txt'
[0.275s] writing manifest file 'robot_msgs.egg-info/SOURCES.txt'
[0.275s] [100%] Built target ament_cmake_python_build_robot_msgs_egg
[0.275s] Invoked command in '/home/sevnova/ros2_ws/build/robot_msgs' returned '0': CMAKE_PREFIX_PATH=${CMAKE_PREFIX_PATH}:/home/sevnova/projects/fsm_simulation_plan/alpha_fsm/fsm_ws/install/fsm_config:/home/sevnova/projects/fsm_simulation_plan/alpha_fsm/fsm_ws/install/fsm_test:/home/sevnova/projects/fsm_simulation_plan/alpha_fsm/fsm_ws/install/wall_destacking_strategy:/home/sevnova/projects/fsm_simulation_plan/alpha_fsm/fsm_ws/install/vacuum_io:/home/sevnova/projects/fsm_simulation_plan/alpha_fsm/fsm_ws/install/task_manager:/home/sevnova/projects/fsm_simulation_plan/alpha_fsm/fsm_ws/install/safety_monitor:/home/sevnova/projects/fsm_simulation_plan/alpha_fsm/fsm_ws/install/perception_adapter:/home/sevnova/projects/fsm_simulation_plan/alpha_fsm/fsm_ws/install/pair_grasp_execution:/home/sevnova/projects/fsm_simulation_plan/alpha_fsm/fsm_ws/install/navigation_manager:/home/sevnova/projects/fsm_simulation_plan/alpha_fsm/fsm_ws/install/isaac_sim_bridge:/home/sevnova/projects/fsm_simulation_plan/alpha_fsm/fsm_ws/install/fsm_core:/opt/ros/humble CONDA_PROMPT_MODIFIER=(base) /usr/bin/cmake --build /home/sevnova/ros2_ws/build/robot_msgs -- -j32 -l32
[0.281s] Invoking command in '/home/sevnova/ros2_ws/build/robot_msgs': CMAKE_PREFIX_PATH=${CMAKE_PREFIX_PATH}:/home/sevnova/projects/fsm_simulation_plan/alpha_fsm/fsm_ws/install/fsm_config:/home/sevnova/projects/fsm_simulation_plan/alpha_fsm/fsm_ws/install/fsm_test:/home/sevnova/projects/fsm_simulation_plan/alpha_fsm/fsm_ws/install/wall_destacking_strategy:/home/sevnova/projects/fsm_simulation_plan/alpha_fsm/fsm_ws/install/vacuum_io:/home/sevnova/projects/fsm_simulation_plan/alpha_fsm/fsm_ws/install/task_manager:/home/sevnova/projects/fsm_simulation_plan/alpha_fsm/fsm_ws/install/safety_monitor:/home/sevnova/projects/fsm_simulation_plan/alpha_fsm/fsm_ws/install/perception_adapter:/home/sevnova/projects/fsm_simulation_plan/alpha_fsm/fsm_ws/install/pair_grasp_execution:/home/sevnova/projects/fsm_simulation_plan/alpha_fsm/fsm_ws/install/navigation_manager:/home/sevnova/projects/fsm_simulation_plan/alpha_fsm/fsm_ws/install/isaac_sim_bridge:/home/sevnova/projects/fsm_simulation_plan/alpha_fsm/fsm_ws/install/fsm_core:/opt/ros/humble CONDA_PROMPT_MODIFIER=(base) /usr/bin/cmake --install /home/sevnova/ros2_ws/build/robot_msgs
[0.285s] -- Install configuration: ""
[0.286s] -- Execute custom install script
[0.286s] -- Up-to-date symlink: /home/sevnova/ros2_ws/install/robot_msgs/share/ament_index/resource_index/rosidl_interfaces/robot_msgs
[0.287s] -- Up-to-date symlink: /home/sevnova/ros2_ws/install/robot_msgs/include/robot_msgs/robot_msgs/msg/behavior_state.h
[0.287s] -- Up-to-date symlink: /home/sevnova/ros2_ws/install/robot_msgs/include/robot_msgs/robot_msgs/msg/detail/behavior_state__functions.h
[0.287s] -- Up-to-date symlink: /home/sevnova/ros2_ws/install/robot_msgs/include/robot_msgs/robot_msgs/msg/detail/behavior_state__struct.h
[0.288s] -- Up-to-date symlink: /home/sevnova/ros2_ws/install/robot_msgs/include/robot_msgs/robot_msgs/msg/detail/behavior_state__type_support.h
[0.288s] -- Up-to-date symlink: /home/sevnova/ros2_ws/install/robot_msgs/include/robot_msgs/robot_msgs/msg/detail/nav_debug__functions.h
[0.288s] -- Up-to-date symlink: /home/sevnova/ros2_ws/install/robot_msgs/include/robot_msgs/robot_msgs/msg/detail/nav_debug__struct.h
[0.288s] -- Up-to-date symlink: /home/sevnova/ros2_ws/install/robot_msgs/include/robot_msgs/robot_msgs/msg/detail/nav_debug__type_support.h
[0.288s] -- Up-to-date symlink: /home/sevnova/ros2_ws/install/robot_msgs/include/robot_msgs/robot_msgs/msg/nav_debug.h
[0.289s] -- Up-to-date symlink: /home/sevnova/ros2_ws/install/robot_msgs/include/robot_msgs/robot_msgs/msg/rosidl_generator_c__visibility_control.h
[0.289s] -- Up-to-date symlink: /home/sevnova/ros2_ws/install/robot_msgs/share/robot_msgs/environment/library_path.sh
[0.289s] -- Up-to-date symlink: /home/sevnova/ros2_ws/install/robot_msgs/share/robot_msgs/environment/library_path.dsv
[0.290s] -- Up-to-date symlink: /home/sevnova/ros2_ws/install/robot_msgs/include/robot_msgs/robot_msgs/msg/detail/behavior_state__rosidl_typesupport_fastrtps_c.h
[0.290s] -- Up-to-date symlink: /home/sevnova/ros2_ws/install/robot_msgs/include/robot_msgs/robot_msgs/msg/detail/nav_debug__rosidl_typesupport_fastrtps_c.h
[0.290s] -- Up-to-date symlink: /home/sevnova/ros2_ws/install/robot_msgs/include/robot_msgs/robot_msgs/msg/rosidl_typesupport_fastrtps_c__visibility_control.h
[0.291s] -- Up-to-date symlink: /home/sevnova/ros2_ws/install/robot_msgs/include/robot_msgs/robot_msgs/msg/behavior_state.hpp
[0.291s] -- Up-to-date symlink: /home/sevnova/ros2_ws/install/robot_msgs/include/robot_msgs/robot_msgs/msg/detail/behavior_state__builder.hpp
[0.292s] -- Up-to-date symlink: /home/sevnova/ros2_ws/install/robot_msgs/include/robot_msgs/robot_msgs/msg/detail/behavior_state__struct.hpp
[0.292s] -- Up-to-date symlink: /home/sevnova/ros2_ws/install/robot_msgs/include/robot_msgs/robot_msgs/msg/detail/behavior_state__traits.hpp
[0.292s] -- Up-to-date symlink: /home/sevnova/ros2_ws/install/robot_msgs/include/robot_msgs/robot_msgs/msg/detail/behavior_state__type_support.hpp
[0.292s] -- Up-to-date symlink: /home/sevnova/ros2_ws/install/robot_msgs/include/robot_msgs/robot_msgs/msg/detail/nav_debug__builder.hpp
[0.293s] -- Up-to-date symlink: /home/sevnova/ros2_ws/install/robot_msgs/include/robot_msgs/robot_msgs/msg/detail/nav_debug__struct.hpp
[0.293s] -- Up-to-date symlink: /home/sevnova/ros2_ws/install/robot_msgs/include/robot_msgs/robot_msgs/msg/detail/nav_debug__traits.hpp
[0.293s] -- Up-to-date symlink: /home/sevnova/ros2_ws/install/robot_msgs/include/robot_msgs/robot_msgs/msg/detail/nav_debug__type_support.hpp
[0.293s] -- Up-to-date symlink: /home/sevnova/ros2_ws/install/robot_msgs/include/robot_msgs/robot_msgs/msg/nav_debug.hpp
[0.293s] -- Up-to-date symlink: /home/sevnova/ros2_ws/install/robot_msgs/include/robot_msgs/robot_msgs/msg/rosidl_generator_cpp__visibility_control.hpp
[0.294s] -- Up-to-date symlink: /home/sevnova/ros2_ws/install/robot_msgs/include/robot_msgs/robot_msgs/msg/detail/behavior_state__rosidl_typesupport_fastrtps_cpp.hpp
[0.294s] -- Up-to-date symlink: /home/sevnova/ros2_ws/install/robot_msgs/include/robot_msgs/robot_msgs/msg/detail/nav_debug__rosidl_typesupport_fastrtps_cpp.hpp
[0.295s] -- Up-to-date symlink: /home/sevnova/ros2_ws/install/robot_msgs/include/robot_msgs/robot_msgs/msg/rosidl_typesupport_fastrtps_cpp__visibility_control.h
[0.295s] -- Up-to-date symlink: /home/sevnova/ros2_ws/install/robot_msgs/include/robot_msgs/robot_msgs/msg/detail/behavior_state__rosidl_typesupport_introspection_c.h
[0.295s] -- Up-to-date symlink: /home/sevnova/ros2_ws/install/robot_msgs/include/robot_msgs/robot_msgs/msg/detail/nav_debug__rosidl_typesupport_introspection_c.h
[0.296s] -- Up-to-date symlink: /home/sevnova/ros2_ws/install/robot_msgs/include/robot_msgs/robot_msgs/msg/rosidl_typesupport_introspection_c__visibility_control.h
[0.296s] -- Up-to-date symlink: /home/sevnova/ros2_ws/install/robot_msgs/include/robot_msgs/robot_msgs/msg/detail/behavior_state__rosidl_typesupport_introspection_cpp.hpp
[0.297s] -- Up-to-date symlink: /home/sevnova/ros2_ws/install/robot_msgs/include/robot_msgs/robot_msgs/msg/detail/nav_debug__rosidl_typesupport_introspection_cpp.hpp
[0.297s] -- Up-to-date symlink: /home/sevnova/ros2_ws/install/robot_msgs/share/robot_msgs/environment/pythonpath.sh
[0.297s] -- Up-to-date symlink: /home/sevnova/ros2_ws/install/robot_msgs/share/robot_msgs/environment/pythonpath.dsv
[0.297s] -- Up-to-date symlink: /home/sevnova/ros2_ws/install/robot_msgs/local/lib/python3.10/dist-packages/robot_msgs-0.1.0-py3.10.egg-info/PKG-INFO
[0.297s] -- Up-to-date symlink: /home/sevnova/ros2_ws/install/robot_msgs/local/lib/python3.10/dist-packages/robot_msgs-0.1.0-py3.10.egg-info/SOURCES.txt
[0.297s] -- Up-to-date symlink: /home/sevnova/ros2_ws/install/robot_msgs/local/lib/python3.10/dist-packages/robot_msgs-0.1.0-py3.10.egg-info/dependency_links.txt
[0.298s] -- Up-to-date symlink: /home/sevnova/ros2_ws/install/robot_msgs/local/lib/python3.10/dist-packages/robot_msgs-0.1.0-py3.10.egg-info/top_level.txt
[0.298s] -- Up-to-date symlink: /home/sevnova/ros2_ws/install/robot_msgs/local/lib/python3.10/dist-packages/robot_msgs/__init__.py
[0.298s] -- Up-to-date symlink: /home/sevnova/ros2_ws/install/robot_msgs/local/lib/python3.10/dist-packages/robot_msgs/_robot_msgs_s.ep.rosidl_typesupport_c.c
[0.298s] -- Up-to-date symlink: /home/sevnova/ros2_ws/install/robot_msgs/local/lib/python3.10/dist-packages/robot_msgs/_robot_msgs_s.ep.rosidl_typesupport_fastrtps_c.c
[0.299s] -- Up-to-date symlink: /home/sevnova/ros2_ws/install/robot_msgs/local/lib/python3.10/dist-packages/robot_msgs/_robot_msgs_s.ep.rosidl_typesupport_introspection_c.c
[0.299s] -- Up-to-date symlink: /home/sevnova/ros2_ws/install/robot_msgs/local/lib/python3.10/dist-packages/robot_msgs/librobot_msgs__rosidl_generator_py.so
[0.299s] -- Up-to-date symlink: /home/sevnova/ros2_ws/install/robot_msgs/local/lib/python3.10/dist-packages/robot_msgs/msg/__init__.py
[0.299s] -- Up-to-date symlink: /home/sevnova/ros2_ws/install/robot_msgs/local/lib/python3.10/dist-packages/robot_msgs/msg/_behavior_state.py
[0.299s] -- Up-to-date symlink: /home/sevnova/ros2_ws/install/robot_msgs/local/lib/python3.10/dist-packages/robot_msgs/msg/_behavior_state_s.c
[0.299s] -- Up-to-date symlink: /home/sevnova/ros2_ws/install/robot_msgs/local/lib/python3.10/dist-packages/robot_msgs/msg/_nav_debug.py
[0.299s] -- Up-to-date symlink: /home/sevnova/ros2_ws/install/robot_msgs/local/lib/python3.10/dist-packages/robot_msgs/msg/_nav_debug_s.c
[0.300s] -- Up-to-date symlink: /home/sevnova/ros2_ws/install/robot_msgs/local/lib/python3.10/dist-packages/robot_msgs/robot_msgs_s__rosidl_typesupport_c.cpython-310-x86_64-linux-gnu.so
[0.300s] -- Up-to-date symlink: /home/sevnova/ros2_ws/install/robot_msgs/local/lib/python3.10/dist-packages/robot_msgs/robot_msgs_s__rosidl_typesupport_fastrtps_c.cpython-310-x86_64-linux-gnu.so
[0.300s] -- Up-to-date symlink: /home/sevnova/ros2_ws/install/robot_msgs/local/lib/python3.10/dist-packages/robot_msgs/robot_msgs_s__rosidl_typesupport_introspection_c.cpython-310-x86_64-linux-gnu.so
[0.300s] -- Up-to-date symlink: /home/sevnova/ros2_ws/install/robot_msgs/local/lib/python3.10/dist-packages/robot_msgs/robot_msgs_s__rosidl_typesupport_fastrtps_c.cpython-310-x86_64-linux-gnu.so
[0.301s] -- Up-to-date symlink: /home/sevnova/ros2_ws/install/robot_msgs/local/lib/python3.10/dist-packages/robot_msgs/robot_msgs_s__rosidl_typesupport_introspection_c.cpython-310-x86_64-linux-gnu.so
[0.301s] -- Up-to-date symlink: /home/sevnova/ros2_ws/install/robot_msgs/local/lib/python3.10/dist-packages/robot_msgs/robot_msgs_s__rosidl_typesupport_c.cpython-310-x86_64-linux-gnu.so
[0.301s] -- Up-to-date symlink: /home/sevnova/ros2_ws/install/robot_msgs/share/ament_index/resource_index/rust_packages/robot_msgs
[0.302s] -- Up-to-date symlink: /home/sevnova/ros2_ws/install/robot_msgs/share/robot_msgs/rust/Cargo.toml
[0.302s] -- Up-to-date symlink: /home/sevnova/ros2_ws/install/robot_msgs/share/robot_msgs/rust/build.rs
[0.302s] -- Up-to-date symlink: /home/sevnova/ros2_ws/install/robot_msgs/share/robot_msgs/rust/src/lib.rs
[0.303s] -- Up-to-date symlink: /home/sevnova/ros2_ws/install/robot_msgs/share/robot_msgs/rust/src/msg.rs
[0.303s] -- Up-to-date symlink: /home/sevnova/ros2_ws/install/robot_msgs/share/robot_msgs/rust/src/msg/rmw.rs
[0.303s] -- Up-to-date symlink: /home/sevnova/ros2_ws/install/robot_msgs/share/robot_msgs/msg/BehaviorState.idl
[0.303s] -- Up-to-date symlink: /home/sevnova/ros2_ws/install/robot_msgs/share/robot_msgs/msg/NavDebug.idl
[0.304s] -- Up-to-date symlink: /home/sevnova/ros2_ws/install/robot_msgs/share/robot_msgs/msg/BehaviorState.msg
[0.304s] -- Up-to-date symlink: /home/sevnova/ros2_ws/install/robot_msgs/share/robot_msgs/msg/NavDebug.msg
[0.304s] -- Up-to-date symlink: /home/sevnova/ros2_ws/install/robot_msgs/share/ament_index/resource_index/package_run_dependencies/robot_msgs
[0.304s] -- Up-to-date symlink: /home/sevnova/ros2_ws/install/robot_msgs/share/ament_index/resource_index/parent_prefix_path/robot_msgs
[0.304s] -- Up-to-date symlink: /home/sevnova/ros2_ws/install/robot_msgs/share/robot_msgs/environment/ament_prefix_path.sh
[0.304s] -- Up-to-date symlink: /home/sevnova/ros2_ws/install/robot_msgs/share/robot_msgs/environment/ament_prefix_path.dsv
[0.304s] -- Up-to-date symlink: /home/sevnova/ros2_ws/install/robot_msgs/share/robot_msgs/environment/path.sh
[0.305s] -- Up-to-date symlink: /home/sevnova/ros2_ws/install/robot_msgs/share/robot_msgs/environment/path.dsv
[0.305s] -- Up-to-date symlink: /home/sevnova/ros2_ws/install/robot_msgs/share/robot_msgs/local_setup.bash
[0.305s] -- Up-to-date symlink: /home/sevnova/ros2_ws/install/robot_msgs/share/robot_msgs/local_setup.sh
[0.305s] -- Up-to-date symlink: /home/sevnova/ros2_ws/install/robot_msgs/share/robot_msgs/local_setup.zsh
[0.305s] -- Up-to-date symlink: /home/sevnova/ros2_ws/install/robot_msgs/share/robot_msgs/local_setup.dsv
[0.305s] -- Symlinking: /home/sevnova/ros2_ws/install/robot_msgs/share/robot_msgs/package.dsv
[0.310s] -- Up-to-date symlink: /home/sevnova/ros2_ws/install/robot_msgs/share/ament_index/resource_index/packages/robot_msgs
[0.310s] -- Up-to-date symlink: /home/sevnova/ros2_ws/install/robot_msgs/share/robot_msgs/cmake/rosidl_cmake-extras.cmake
[0.311s] -- Up-to-date symlink: /home/sevnova/ros2_ws/install/robot_msgs/share/robot_msgs/cmake/ament_cmake_export_dependencies-extras.cmake
[0.311s] -- Up-to-date symlink: /home/sevnova/ros2_ws/install/robot_msgs/share/robot_msgs/cmake/ament_cmake_export_include_directories-extras.cmake
[0.311s] -- Up-to-date symlink: /home/sevnova/ros2_ws/install/robot_msgs/share/robot_msgs/cmake/ament_cmake_export_libraries-extras.cmake
[0.311s] -- Up-to-date symlink: /home/sevnova/ros2_ws/install/robot_msgs/share/robot_msgs/cmake/ament_cmake_export_targets-extras.cmake
[0.311s] -- Up-to-date symlink: /home/sevnova/ros2_ws/install/robot_msgs/share/robot_msgs/cmake/rosidl_cmake_export_typesupport_targets-extras.cmake
[0.311s] -- Up-to-date symlink: /home/sevnova/ros2_ws/install/robot_msgs/share/robot_msgs/cmake/rosidl_cmake_export_typesupport_libraries-extras.cmake
[0.312s] -- Up-to-date symlink: /home/sevnova/ros2_ws/install/robot_msgs/share/robot_msgs/cmake/rosidl_cmake_aggregate_target-extras.cmake
[0.312s] -- Up-to-date symlink: /home/sevnova/ros2_ws/install/robot_msgs/share/robot_msgs/cmake/robot_msgsConfig.cmake
[0.312s] -- Up-to-date symlink: /home/sevnova/ros2_ws/install/robot_msgs/share/robot_msgs/cmake/robot_msgsConfig-version.cmake
[0.312s] -- Up-to-date symlink: /home/sevnova/ros2_ws/install/robot_msgs/share/robot_msgs/package.xml
[0.312s] -- Up-to-date: /home/sevnova/ros2_ws/install/robot_msgs/lib/librobot_msgs__rosidl_generator_c.so
[0.313s] -- Up-to-date: /home/sevnova/ros2_ws/install/robot_msgs/lib/librobot_msgs__rosidl_typesupport_fastrtps_c.so
[0.313s] -- Up-to-date: /home/sevnova/ros2_ws/install/robot_msgs/lib/librobot_msgs__rosidl_typesupport_fastrtps_cpp.so
[0.313s] -- Up-to-date: /home/sevnova/ros2_ws/install/robot_msgs/lib/librobot_msgs__rosidl_typesupport_introspection_c.so
[0.314s] -- Up-to-date: /home/sevnova/ros2_ws/install/robot_msgs/lib/librobot_msgs__rosidl_typesupport_c.so
[0.314s] -- Up-to-date: /home/sevnova/ros2_ws/install/robot_msgs/lib/librobot_msgs__rosidl_typesupport_introspection_cpp.so
[0.314s] -- Up-to-date: /home/sevnova/ros2_ws/install/robot_msgs/lib/librobot_msgs__rosidl_typesupport_cpp.so
[0.338s] Listing '/home/sevnova/ros2_ws/install/robot_msgs/local/lib/python3.10/dist-packages/robot_msgs'...
[0.338s] Listing '/home/sevnova/ros2_ws/install/robot_msgs/local/lib/python3.10/dist-packages/robot_msgs/msg'...
[0.340s] -- Up-to-date: /home/sevnova/ros2_ws/install/robot_msgs/lib/librobot_msgs__rosidl_generator_py.so
[0.340s] -- Up-to-date: /home/sevnova/ros2_ws/install/robot_msgs/share/robot_msgs/cmake/export_robot_msgs__rosidl_generator_cExport.cmake
[0.340s] -- Up-to-date: /home/sevnova/ros2_ws/install/robot_msgs/share/robot_msgs/cmake/export_robot_msgs__rosidl_generator_cExport-noconfig.cmake
[0.341s] -- Up-to-date: /home/sevnova/ros2_ws/install/robot_msgs/share/robot_msgs/cmake/export_robot_msgs__rosidl_typesupport_fastrtps_cExport.cmake
[0.341s] -- Up-to-date: /home/sevnova/ros2_ws/install/robot_msgs/share/robot_msgs/cmake/export_robot_msgs__rosidl_typesupport_fastrtps_cExport-noconfig.cmake
[0.341s] -- Up-to-date: /home/sevnova/ros2_ws/install/robot_msgs/share/robot_msgs/cmake/export_robot_msgs__rosidl_generator_cppExport.cmake
[0.341s] -- Up-to-date: /home/sevnova/ros2_ws/install/robot_msgs/share/robot_msgs/cmake/export_robot_msgs__rosidl_typesupport_fastrtps_cppExport.cmake
[0.341s] -- Up-to-date: /home/sevnova/ros2_ws/install/robot_msgs/share/robot_msgs/cmake/export_robot_msgs__rosidl_typesupport_fastrtps_cppExport-noconfig.cmake
[0.342s] -- Up-to-date: /home/sevnova/ros2_ws/install/robot_msgs/share/robot_msgs/cmake/robot_msgs__rosidl_typesupport_introspection_cExport.cmake
[0.342s] -- Up-to-date: /home/sevnova/ros2_ws/install/robot_msgs/share/robot_msgs/cmake/robot_msgs__rosidl_typesupport_introspection_cExport-noconfig.cmake
[0.342s] -- Up-to-date: /home/sevnova/ros2_ws/install/robot_msgs/share/robot_msgs/cmake/robot_msgs__rosidl_typesupport_cExport.cmake
[0.342s] -- Up-to-date: /home/sevnova/ros2_ws/install/robot_msgs/share/robot_msgs/cmake/robot_msgs__rosidl_typesupport_cExport-noconfig.cmake
[0.342s] -- Up-to-date: /home/sevnova/ros2_ws/install/robot_msgs/share/robot_msgs/cmake/robot_msgs__rosidl_typesupport_introspection_cppExport.cmake
[0.342s] -- Up-to-date: /home/sevnova/ros2_ws/install/robot_msgs/share/robot_msgs/cmake/robot_msgs__rosidl_typesupport_introspection_cppExport-noconfig.cmake
[0.343s] -- Up-to-date: /home/sevnova/ros2_ws/install/robot_msgs/share/robot_msgs/cmake/robot_msgs__rosidl_typesupport_cppExport.cmake
[0.343s] -- Up-to-date: /home/sevnova/ros2_ws/install/robot_msgs/share/robot_msgs/cmake/robot_msgs__rosidl_typesupport_cppExport-noconfig.cmake
[0.343s] -- Up-to-date: /home/sevnova/ros2_ws/install/robot_msgs/share/robot_msgs/cmake/export_robot_msgs__rosidl_generator_pyExport.cmake
[0.343s] -- Up-to-date: /home/sevnova/ros2_ws/install/robot_msgs/share/robot_msgs/cmake/export_robot_msgs__rosidl_generator_pyExport-noconfig.cmake
[0.345s] Invoked command in '/home/sevnova/ros2_ws/build/robot_msgs' returned '0': CMAKE_PREFIX_PATH=${CMAKE_PREFIX_PATH}:/home/sevnova/projects/fsm_simulation_plan/alpha_fsm/fsm_ws/install/fsm_config:/home/sevnova/projects/fsm_simulation_plan/alpha_fsm/fsm_ws/install/fsm_test:/home/sevnova/projects/fsm_simulation_plan/alpha_fsm/fsm_ws/install/wall_destacking_strategy:/home/sevnova/projects/fsm_simulation_plan/alpha_fsm/fsm_ws/install/vacuum_io:/home/sevnova/projects/fsm_simulation_plan/alpha_fsm/fsm_ws/install/task_manager:/home/sevnova/projects/fsm_simulation_plan/alpha_fsm/fsm_ws/install/safety_monitor:/home/sevnova/projects/fsm_simulation_plan/alpha_fsm/fsm_ws/install/perception_adapter:/home/sevnova/projects/fsm_simulation_plan/alpha_fsm/fsm_ws/install/pair_grasp_execution:/home/sevnova/projects/fsm_simulation_plan/alpha_fsm/fsm_ws/install/navigation_manager:/home/sevnova/projects/fsm_simulation_plan/alpha_fsm/fsm_ws/install/isaac_sim_bridge:/home/sevnova/projects/fsm_simulation_plan/alpha_fsm/fsm_ws/install/fsm_core:/opt/ros/humble CONDA_PROMPT_MODIFIER=(base) /usr/bin/cmake --install /home/sevnova/ros2_ws/build/robot_msgs
