[0.016s] Invoking command in '/home/sevnova/ros2_ws/build/robot_msgs': CMAKE_PREFIX_PATH=${CMAKE_PREFIX_PATH}:/home/sevnova/projects/fsm_simulation_plan/alpha_fsm/fsm_ws/install/fsm_config:/home/sevnova/projects/fsm_simulation_plan/alpha_fsm/fsm_ws/install/fsm_test:/home/sevnova/projects/fsm_simulation_plan/alpha_fsm/fsm_ws/install/wall_destacking_strategy:/home/sevnova/projects/fsm_simulation_plan/alpha_fsm/fsm_ws/install/vacuum_io:/home/sevnova/projects/fsm_simulation_plan/alpha_fsm/fsm_ws/install/task_manager:/home/sevnova/projects/fsm_simulation_plan/alpha_fsm/fsm_ws/install/safety_monitor:/home/sevnova/projects/fsm_simulation_plan/alpha_fsm/fsm_ws/install/perception_adapter:/home/sevnova/projects/fsm_simulation_plan/alpha_fsm/fsm_ws/install/pair_grasp_execution:/home/sevnova/projects/fsm_simulation_plan/alpha_fsm/fsm_ws/install/navigation_manager:/home/sevnova/projects/fsm_simulation_plan/alpha_fsm/fsm_ws/install/isaac_sim_bridge:/home/sevnova/projects/fsm_simulation_plan/alpha_fsm/fsm_ws/install/fsm_core:/opt/ros/humble CONDA_PROMPT_MODIFIER=(base) /usr/bin/cmake /home/sevnova/ros2_ws/src/robot_msgs -DAMENT_CMAKE_SYMLINK_INSTALL=1 -DCMAKE_INSTALL_PREFIX=/home/sevnova/ros2_ws/install/robot_msgs
[0.147s] -- The C compiler identification is GNU 11.4.0
[0.276s] -- The CXX compiler identification is GNU 11.4.0
[0.276s] -- Detecting C compiler ABI info
[0.276s] -- Detecting C compiler ABI info - done
[0.276s] -- Check for working C compiler: /usr/bin/cc - skipped
[0.277s] -- Detecting C compile features
[0.277s] -- Detecting C compile features - done
[0.277s] -- Detecting CXX compiler ABI info
[0.277s] -- Detecting CXX compiler ABI info - done
[0.277s] -- Check for working CXX compiler: /usr/bin/c++ - skipped
[0.277s] -- Detecting CXX compile features
[0.277s] -- Detecting CXX compile features - done
[0.281s] -- Found ament_cmake: 1.3.14 (/opt/ros/humble/share/ament_cmake/cmake)
[0.380s] -- Found Python3: /usr/bin/python3 (found version "3.10.12") found components: Interpreter 
[0.426s] -- Override CMake install command with custom implementation using symlinks instead of copying resources
[0.453s] -- Found geometry_msgs: 4.9.1 (/opt/ros/humble/share/geometry_msgs/cmake)
[0.490s] -- Found rosidl_generator_c: 3.1.9 (/opt/ros/humble/share/rosidl_generator_c/cmake)
[0.496s] -- Found rosidl_adapter: 3.1.9 (/opt/ros/humble/share/rosidl_adapter/cmake)
[0.503s] -- Found rosidl_generator_cpp: 3.1.9 (/opt/ros/humble/share/rosidl_generator_cpp/cmake)
[0.516s] -- Using all available rosidl_typesupport_c: rosidl_typesupport_fastrtps_c;rosidl_typesupport_introspection_c
[0.530s] -- Using all available rosidl_typesupport_cpp: rosidl_typesupport_fastrtps_cpp;rosidl_typesupport_introspection_cpp
[0.560s] -- Found rosidl_default_generators: 1.2.1 (/opt/ros/humble/share/rosidl_default_generators/cmake)
[0.742s] -- Found ament_cmake_ros: 0.10.0 (/opt/ros/humble/share/ament_cmake_ros/cmake)
[0.986s] -- Using all available rosidl_typesupport_c: rosidl_typesupport_fastrtps_c;rosidl_typesupport_introspection_c
[1.077s] -- Using all available rosidl_typesupport_cpp: rosidl_typesupport_fastrtps_cpp;rosidl_typesupport_introspection_cpp
[1.091s] -- Found PythonInterp: /usr/bin/python3 (found suitable version "3.10.12", minimum required is "3.6") 
[1.093s] -- Found python_cmake_module: 0.10.0 (/opt/ros/humble/share/python_cmake_module/cmake)
[1.110s] -- Found PythonLibs: /usr/lib/x86_64-linux-gnu/libpython3.10.so (found suitable version "3.10.12", minimum required is "3.5") 
[1.110s] -- Using PYTHON_EXECUTABLE: /usr/bin/python3
[1.110s] -- Using PYTHON_INCLUDE_DIRS: /usr/include/python3.10
[1.110s] -- Using PYTHON_LIBRARIES: /usr/lib/x86_64-linux-gnu/libpython3.10.so
[1.123s] -- Found PythonExtra: .so  
[1.215s] -- Configuring done
[1.236s] -- Generating done
[1.241s] -- Build files have been written to: /home/sevnova/ros2_ws/build/robot_msgs
[1.246s] Invoked command in '/home/sevnova/ros2_ws/build/robot_msgs' returned '0': CMAKE_PREFIX_PATH=${CMAKE_PREFIX_PATH}:/home/sevnova/projects/fsm_simulation_plan/alpha_fsm/fsm_ws/install/fsm_config:/home/sevnova/projects/fsm_simulation_plan/alpha_fsm/fsm_ws/install/fsm_test:/home/sevnova/projects/fsm_simulation_plan/alpha_fsm/fsm_ws/install/wall_destacking_strategy:/home/sevnova/projects/fsm_simulation_plan/alpha_fsm/fsm_ws/install/vacuum_io:/home/sevnova/projects/fsm_simulation_plan/alpha_fsm/fsm_ws/install/task_manager:/home/sevnova/projects/fsm_simulation_plan/alpha_fsm/fsm_ws/install/safety_monitor:/home/sevnova/projects/fsm_simulation_plan/alpha_fsm/fsm_ws/install/perception_adapter:/home/sevnova/projects/fsm_simulation_plan/alpha_fsm/fsm_ws/install/pair_grasp_execution:/home/sevnova/projects/fsm_simulation_plan/alpha_fsm/fsm_ws/install/navigation_manager:/home/sevnova/projects/fsm_simulation_plan/alpha_fsm/fsm_ws/install/isaac_sim_bridge:/home/sevnova/projects/fsm_simulation_plan/alpha_fsm/fsm_ws/install/fsm_core:/opt/ros/humble CONDA_PROMPT_MODIFIER=(base) /usr/bin/cmake /home/sevnova/ros2_ws/src/robot_msgs -DAMENT_CMAKE_SYMLINK_INSTALL=1 -DCMAKE_INSTALL_PREFIX=/home/sevnova/ros2_ws/install/robot_msgs
[1.247s] Invoking command in '/home/sevnova/ros2_ws/build/robot_msgs': CMAKE_PREFIX_PATH=${CMAKE_PREFIX_PATH}:/home/sevnova/projects/fsm_simulation_plan/alpha_fsm/fsm_ws/install/fsm_config:/home/sevnova/projects/fsm_simulation_plan/alpha_fsm/fsm_ws/install/fsm_test:/home/sevnova/projects/fsm_simulation_plan/alpha_fsm/fsm_ws/install/wall_destacking_strategy:/home/sevnova/projects/fsm_simulation_plan/alpha_fsm/fsm_ws/install/vacuum_io:/home/sevnova/projects/fsm_simulation_plan/alpha_fsm/fsm_ws/install/task_manager:/home/sevnova/projects/fsm_simulation_plan/alpha_fsm/fsm_ws/install/safety_monitor:/home/sevnova/projects/fsm_simulation_plan/alpha_fsm/fsm_ws/install/perception_adapter:/home/sevnova/projects/fsm_simulation_plan/alpha_fsm/fsm_ws/install/pair_grasp_execution:/home/sevnova/projects/fsm_simulation_plan/alpha_fsm/fsm_ws/install/navigation_manager:/home/sevnova/projects/fsm_simulation_plan/alpha_fsm/fsm_ws/install/isaac_sim_bridge:/home/sevnova/projects/fsm_simulation_plan/alpha_fsm/fsm_ws/install/fsm_core:/opt/ros/humble CONDA_PROMPT_MODIFIER=(base) /usr/bin/cmake --build /home/sevnova/ros2_ws/build/robot_msgs -- -j32 -l32
[1.267s] [  2%] Generating C code for ROS interfaces
[1.271s] [  5%] Generating Rust code for ROS interfaces
[1.271s] [  7%] Generating C++ code for ROS interfaces
[1.275s] [  7%] Built target ament_cmake_python_symlink_robot_msgs
[1.392s] running egg_info
[1.392s] creating robot_msgs.egg-info
[1.392s] writing robot_msgs.egg-info/PKG-INFO
[1.392s] writing dependency_links to robot_msgs.egg-info/dependency_links.txt
[1.392s] writing top-level names to robot_msgs.egg-info/top_level.txt
[1.392s] writing manifest file 'robot_msgs.egg-info/SOURCES.txt'
[1.394s] reading manifest file 'robot_msgs.egg-info/SOURCES.txt'
[1.394s] writing manifest file 'robot_msgs.egg-info/SOURCES.txt'
[1.398s] [  7%] Built target robot_msgs__rs
[1.406s] [  7%] Built target ament_cmake_python_build_robot_msgs_egg
[1.423s] [  7%] Built target robot_msgs__cpp
[1.426s] [ 10%] Building C object CMakeFiles/robot_msgs__rosidl_generator_c.dir/rosidl_generator_c/robot_msgs/msg/detail/behavior_state__functions.c.o
[1.426s] [ 12%] Building C object CMakeFiles/robot_msgs__rosidl_generator_c.dir/rosidl_generator_c/robot_msgs/msg/detail/nav_debug__functions.c.o
[1.427s] [ 15%] Generating C++ type support for eProsima Fast-RTPS
[1.427s] [ 17%] Generating C++ introspection for ROS interfaces
[1.427s] [ 20%] Generating C++ type support dispatch for ROS interfaces
[1.462s] [ 22%] Linking C shared library librobot_msgs__rosidl_generator_c.so
[1.483s] [ 22%] Built target robot_msgs__rosidl_generator_c
[1.488s] [ 27%] Generating C type support for eProsima Fast-RTPS
[1.488s] [ 27%] Generating C introspection for ROS interfaces
[1.489s] [ 30%] Generating C type support dispatch for ROS interfaces
[1.555s] [ 32%] Building CXX object CMakeFiles/robot_msgs__rosidl_typesupport_cpp.dir/rosidl_typesupport_cpp/robot_msgs/msg/behavior_state__type_support.cpp.o
[1.556s] [ 35%] Building CXX object CMakeFiles/robot_msgs__rosidl_typesupport_cpp.dir/rosidl_typesupport_cpp/robot_msgs/msg/nav_debug__type_support.cpp.o
[1.572s] [ 37%] Building CXX object CMakeFiles/robot_msgs__rosidl_typesupport_introspection_cpp.dir/rosidl_typesupport_introspection_cpp/robot_msgs/msg/detail/behavior_state__type_support.cpp.o
[1.572s] [ 40%] Building CXX object CMakeFiles/robot_msgs__rosidl_typesupport_introspection_cpp.dir/rosidl_typesupport_introspection_cpp/robot_msgs/msg/detail/nav_debug__type_support.cpp.o
[1.575s] [ 45%] Building CXX object CMakeFiles/robot_msgs__rosidl_typesupport_fastrtps_cpp.dir/rosidl_typesupport_fastrtps_cpp/robot_msgs/msg/detail/dds_fastrtps/behavior_state__type_support.cpp.o
[1.575s] [ 45%] Building CXX object CMakeFiles/robot_msgs__rosidl_typesupport_fastrtps_cpp.dir/rosidl_typesupport_fastrtps_cpp/robot_msgs/msg/detail/dds_fastrtps/nav_debug__type_support.cpp.o
[1.633s] [ 47%] Building CXX object CMakeFiles/robot_msgs__rosidl_typesupport_c.dir/rosidl_typesupport_c/robot_msgs/msg/nav_debug__type_support.cpp.o
[1.635s] [ 50%] Building CXX object CMakeFiles/robot_msgs__rosidl_typesupport_c.dir/rosidl_typesupport_c/robot_msgs/msg/behavior_state__type_support.cpp.o
[1.646s] [ 52%] Building CXX object CMakeFiles/robot_msgs__rosidl_typesupport_fastrtps_c.dir/rosidl_typesupport_fastrtps_c/robot_msgs/msg/detail/nav_debug__type_support_c.cpp.o
[1.647s] [ 55%] Building CXX object CMakeFiles/robot_msgs__rosidl_typesupport_fastrtps_c.dir/rosidl_typesupport_fastrtps_c/robot_msgs/msg/detail/behavior_state__type_support_c.cpp.o
[1.651s] [ 57%] Building C object CMakeFiles/robot_msgs__rosidl_typesupport_introspection_c.dir/rosidl_typesupport_introspection_c/robot_msgs/msg/detail/nav_debug__type_support.c.o
[1.654s] [ 60%] Building C object CMakeFiles/robot_msgs__rosidl_typesupport_introspection_c.dir/rosidl_typesupport_introspection_c/robot_msgs/msg/detail/behavior_state__type_support.c.o
[1.655s] [ 62%] Linking CXX shared library librobot_msgs__rosidl_typesupport_c.so
[1.676s] [ 65%] Linking C shared library librobot_msgs__rosidl_typesupport_introspection_c.so
[1.685s] [ 65%] Built target robot_msgs__rosidl_typesupport_c
[1.700s] [ 65%] Built target robot_msgs__rosidl_typesupport_introspection_c
[1.730s] [ 67%] Linking CXX shared library librobot_msgs__rosidl_typesupport_cpp.so
[1.753s] [ 67%] Built target robot_msgs__rosidl_typesupport_cpp
[1.798s] [ 70%] Linking CXX shared library librobot_msgs__rosidl_typesupport_introspection_cpp.so
[1.807s] [ 72%] Linking CXX shared library librobot_msgs__rosidl_typesupport_fastrtps_cpp.so
[1.819s] [ 75%] Linking CXX shared library librobot_msgs__rosidl_typesupport_fastrtps_c.so
[1.831s] [ 75%] Built target robot_msgs__rosidl_typesupport_introspection_cpp
[1.846s] [ 75%] Built target robot_msgs__rosidl_typesupport_fastrtps_cpp
[1.856s] [ 75%] Built target robot_msgs__rosidl_typesupport_fastrtps_c
[1.866s] [ 75%] Built target robot_msgs
[1.875s] [ 77%] Generating Python code for ROS interfaces
[2.068s] [ 77%] Built target robot_msgs__py
[2.077s] [ 80%] Building C object CMakeFiles/robot_msgs__rosidl_generator_py.dir/rosidl_generator_py/robot_msgs/msg/_behavior_state_s.c.o
[2.077s] [ 82%] Building C object CMakeFiles/robot_msgs__rosidl_generator_py.dir/rosidl_generator_py/robot_msgs/msg/_nav_debug_s.c.o
[2.147s] [ 85%] Linking C shared library rosidl_generator_py/robot_msgs/librobot_msgs__rosidl_generator_py.so
[2.169s] [ 85%] Built target robot_msgs__rosidl_generator_py
[2.178s] [ 87%] Building C object CMakeFiles/robot_msgs__rosidl_typesupport_fastrtps_c__pyext.dir/rosidl_generator_py/robot_msgs/_robot_msgs_s.ep.rosidl_typesupport_fastrtps_c.c.o
[2.178s] [ 92%] Building C object CMakeFiles/robot_msgs__rosidl_typesupport_c__pyext.dir/rosidl_generator_py/robot_msgs/_robot_msgs_s.ep.rosidl_typesupport_c.c.o
[2.178s] [ 92%] Building C object CMakeFiles/robot_msgs__rosidl_typesupport_introspection_c__pyext.dir/rosidl_generator_py/robot_msgs/_robot_msgs_s.ep.rosidl_typesupport_introspection_c.c.o
[2.223s] [ 95%] Linking C shared library rosidl_generator_py/robot_msgs/robot_msgs_s__rosidl_typesupport_introspection_c.cpython-310-x86_64-linux-gnu.so
[2.223s] [ 97%] Linking C shared library rosidl_generator_py/robot_msgs/robot_msgs_s__rosidl_typesupport_c.cpython-310-x86_64-linux-gnu.so
[2.223s] [100%] Linking C shared library rosidl_generator_py/robot_msgs/robot_msgs_s__rosidl_typesupport_fastrtps_c.cpython-310-x86_64-linux-gnu.so
[2.241s] [100%] Built target robot_msgs__rosidl_typesupport_introspection_c__pyext
[2.241s] [100%] Built target robot_msgs__rosidl_typesupport_c__pyext
[2.241s] [100%] Built target robot_msgs__rosidl_typesupport_fastrtps_c__pyext
[2.247s] Invoked command in '/home/sevnova/ros2_ws/build/robot_msgs' returned '0': CMAKE_PREFIX_PATH=${CMAKE_PREFIX_PATH}:/home/sevnova/projects/fsm_simulation_plan/alpha_fsm/fsm_ws/install/fsm_config:/home/sevnova/projects/fsm_simulation_plan/alpha_fsm/fsm_ws/install/fsm_test:/home/sevnova/projects/fsm_simulation_plan/alpha_fsm/fsm_ws/install/wall_destacking_strategy:/home/sevnova/projects/fsm_simulation_plan/alpha_fsm/fsm_ws/install/vacuum_io:/home/sevnova/projects/fsm_simulation_plan/alpha_fsm/fsm_ws/install/task_manager:/home/sevnova/projects/fsm_simulation_plan/alpha_fsm/fsm_ws/install/safety_monitor:/home/sevnova/projects/fsm_simulation_plan/alpha_fsm/fsm_ws/install/perception_adapter:/home/sevnova/projects/fsm_simulation_plan/alpha_fsm/fsm_ws/install/pair_grasp_execution:/home/sevnova/projects/fsm_simulation_plan/alpha_fsm/fsm_ws/install/navigation_manager:/home/sevnova/projects/fsm_simulation_plan/alpha_fsm/fsm_ws/install/isaac_sim_bridge:/home/sevnova/projects/fsm_simulation_plan/alpha_fsm/fsm_ws/install/fsm_core:/opt/ros/humble CONDA_PROMPT_MODIFIER=(base) /usr/bin/cmake --build /home/sevnova/ros2_ws/build/robot_msgs -- -j32 -l32
[2.252s] Invoking command in '/home/sevnova/ros2_ws/build/robot_msgs': CMAKE_PREFIX_PATH=${CMAKE_PREFIX_PATH}:/home/sevnova/projects/fsm_simulation_plan/alpha_fsm/fsm_ws/install/fsm_config:/home/sevnova/projects/fsm_simulation_plan/alpha_fsm/fsm_ws/install/fsm_test:/home/sevnova/projects/fsm_simulation_plan/alpha_fsm/fsm_ws/install/wall_destacking_strategy:/home/sevnova/projects/fsm_simulation_plan/alpha_fsm/fsm_ws/install/vacuum_io:/home/sevnova/projects/fsm_simulation_plan/alpha_fsm/fsm_ws/install/task_manager:/home/sevnova/projects/fsm_simulation_plan/alpha_fsm/fsm_ws/install/safety_monitor:/home/sevnova/projects/fsm_simulation_plan/alpha_fsm/fsm_ws/install/perception_adapter:/home/sevnova/projects/fsm_simulation_plan/alpha_fsm/fsm_ws/install/pair_grasp_execution:/home/sevnova/projects/fsm_simulation_plan/alpha_fsm/fsm_ws/install/navigation_manager:/home/sevnova/projects/fsm_simulation_plan/alpha_fsm/fsm_ws/install/isaac_sim_bridge:/home/sevnova/projects/fsm_simulation_plan/alpha_fsm/fsm_ws/install/fsm_core:/opt/ros/humble CONDA_PROMPT_MODIFIER=(base) /usr/bin/cmake --install /home/sevnova/ros2_ws/build/robot_msgs
[2.255s] -- Install configuration: ""
[2.256s] -- Execute custom install script
[2.256s] -- Symlinking: /home/sevnova/ros2_ws/install/robot_msgs/share/ament_index/resource_index/rosidl_interfaces/robot_msgs
[2.261s] -- Symlinking: /home/sevnova/ros2_ws/install/robot_msgs/include/robot_msgs/robot_msgs/msg/behavior_state.h
[2.264s] -- Symlinking: /home/sevnova/ros2_ws/install/robot_msgs/include/robot_msgs/robot_msgs/msg/detail/behavior_state__functions.h
[2.268s] -- Symlinking: /home/sevnova/ros2_ws/install/robot_msgs/include/robot_msgs/robot_msgs/msg/detail/behavior_state__struct.h
[2.272s] -- Symlinking: /home/sevnova/ros2_ws/install/robot_msgs/include/robot_msgs/robot_msgs/msg/detail/behavior_state__type_support.h
[2.276s] -- Symlinking: /home/sevnova/ros2_ws/install/robot_msgs/include/robot_msgs/robot_msgs/msg/detail/nav_debug__functions.h
[2.280s] -- Symlinking: /home/sevnova/ros2_ws/install/robot_msgs/include/robot_msgs/robot_msgs/msg/detail/nav_debug__struct.h
[2.284s] -- Symlinking: /home/sevnova/ros2_ws/install/robot_msgs/include/robot_msgs/robot_msgs/msg/detail/nav_debug__type_support.h
[2.288s] -- Symlinking: /home/sevnova/ros2_ws/install/robot_msgs/include/robot_msgs/robot_msgs/msg/nav_debug.h
[2.292s] -- Symlinking: /home/sevnova/ros2_ws/install/robot_msgs/include/robot_msgs/robot_msgs/msg/rosidl_generator_c__visibility_control.h
[2.296s] -- Symlinking: /home/sevnova/ros2_ws/install/robot_msgs/share/robot_msgs/environment/library_path.sh
[2.300s] -- Symlinking: /home/sevnova/ros2_ws/install/robot_msgs/share/robot_msgs/environment/library_path.dsv
[2.304s] -- Symlinking: /home/sevnova/ros2_ws/install/robot_msgs/include/robot_msgs/robot_msgs/msg/detail/behavior_state__rosidl_typesupport_fastrtps_c.h
[2.307s] -- Symlinking: /home/sevnova/ros2_ws/install/robot_msgs/include/robot_msgs/robot_msgs/msg/detail/nav_debug__rosidl_typesupport_fastrtps_c.h
[2.311s] -- Symlinking: /home/sevnova/ros2_ws/install/robot_msgs/include/robot_msgs/robot_msgs/msg/rosidl_typesupport_fastrtps_c__visibility_control.h
[2.315s] -- Symlinking: /home/sevnova/ros2_ws/install/robot_msgs/include/robot_msgs/robot_msgs/msg/behavior_state.hpp
[2.319s] -- Symlinking: /home/sevnova/ros2_ws/install/robot_msgs/include/robot_msgs/robot_msgs/msg/detail/behavior_state__builder.hpp
[2.323s] -- Symlinking: /home/sevnova/ros2_ws/install/robot_msgs/include/robot_msgs/robot_msgs/msg/detail/behavior_state__struct.hpp
[2.327s] -- Symlinking: /home/sevnova/ros2_ws/install/robot_msgs/include/robot_msgs/robot_msgs/msg/detail/behavior_state__traits.hpp
[2.331s] -- Symlinking: /home/sevnova/ros2_ws/install/robot_msgs/include/robot_msgs/robot_msgs/msg/detail/behavior_state__type_support.hpp
[2.335s] -- Symlinking: /home/sevnova/ros2_ws/install/robot_msgs/include/robot_msgs/robot_msgs/msg/detail/nav_debug__builder.hpp
[2.338s] -- Symlinking: /home/sevnova/ros2_ws/install/robot_msgs/include/robot_msgs/robot_msgs/msg/detail/nav_debug__struct.hpp
[2.342s] -- Symlinking: /home/sevnova/ros2_ws/install/robot_msgs/include/robot_msgs/robot_msgs/msg/detail/nav_debug__traits.hpp
[2.346s] -- Symlinking: /home/sevnova/ros2_ws/install/robot_msgs/include/robot_msgs/robot_msgs/msg/detail/nav_debug__type_support.hpp
[2.350s] -- Symlinking: /home/sevnova/ros2_ws/install/robot_msgs/include/robot_msgs/robot_msgs/msg/nav_debug.hpp
[2.354s] -- Symlinking: /home/sevnova/ros2_ws/install/robot_msgs/include/robot_msgs/robot_msgs/msg/rosidl_generator_cpp__visibility_control.hpp
[2.358s] -- Symlinking: /home/sevnova/ros2_ws/install/robot_msgs/include/robot_msgs/robot_msgs/msg/detail/behavior_state__rosidl_typesupport_fastrtps_cpp.hpp
[2.362s] -- Symlinking: /home/sevnova/ros2_ws/install/robot_msgs/include/robot_msgs/robot_msgs/msg/detail/nav_debug__rosidl_typesupport_fastrtps_cpp.hpp
[2.366s] -- Symlinking: /home/sevnova/ros2_ws/install/robot_msgs/include/robot_msgs/robot_msgs/msg/rosidl_typesupport_fastrtps_cpp__visibility_control.h
[2.370s] -- Symlinking: /home/sevnova/ros2_ws/install/robot_msgs/include/robot_msgs/robot_msgs/msg/detail/behavior_state__rosidl_typesupport_introspection_c.h
[2.373s] -- Symlinking: /home/sevnova/ros2_ws/install/robot_msgs/include/robot_msgs/robot_msgs/msg/detail/nav_debug__rosidl_typesupport_introspection_c.h
[2.377s] -- Symlinking: /home/sevnova/ros2_ws/install/robot_msgs/include/robot_msgs/robot_msgs/msg/rosidl_typesupport_introspection_c__visibility_control.h
[2.381s] -- Symlinking: /home/sevnova/ros2_ws/install/robot_msgs/include/robot_msgs/robot_msgs/msg/detail/behavior_state__rosidl_typesupport_introspection_cpp.hpp
[2.385s] -- Symlinking: /home/sevnova/ros2_ws/install/robot_msgs/include/robot_msgs/robot_msgs/msg/detail/nav_debug__rosidl_typesupport_introspection_cpp.hpp
[2.388s] -- Symlinking: /home/sevnova/ros2_ws/install/robot_msgs/share/robot_msgs/environment/pythonpath.sh
[2.392s] -- Symlinking: /home/sevnova/ros2_ws/install/robot_msgs/share/robot_msgs/environment/pythonpath.dsv
[2.397s] -- Symlinking: /home/sevnova/ros2_ws/install/robot_msgs/local/lib/python3.10/dist-packages/robot_msgs-0.1.0-py3.10.egg-info/PKG-INFO
[2.400s] -- Symlinking: /home/sevnova/ros2_ws/install/robot_msgs/local/lib/python3.10/dist-packages/robot_msgs-0.1.0-py3.10.egg-info/SOURCES.txt
[2.404s] -- Symlinking: /home/sevnova/ros2_ws/install/robot_msgs/local/lib/python3.10/dist-packages/robot_msgs-0.1.0-py3.10.egg-info/dependency_links.txt
[2.408s] -- Symlinking: /home/sevnova/ros2_ws/install/robot_msgs/local/lib/python3.10/dist-packages/robot_msgs-0.1.0-py3.10.egg-info/top_level.txt
[2.412s] -- Symlinking: /home/sevnova/ros2_ws/install/robot_msgs/local/lib/python3.10/dist-packages/robot_msgs/__init__.py
[2.416s] -- Symlinking: /home/sevnova/ros2_ws/install/robot_msgs/local/lib/python3.10/dist-packages/robot_msgs/_robot_msgs_s.ep.rosidl_typesupport_c.c
[2.420s] -- Symlinking: /home/sevnova/ros2_ws/install/robot_msgs/local/lib/python3.10/dist-packages/robot_msgs/_robot_msgs_s.ep.rosidl_typesupport_fastrtps_c.c
[2.423s] -- Symlinking: /home/sevnova/ros2_ws/install/robot_msgs/local/lib/python3.10/dist-packages/robot_msgs/_robot_msgs_s.ep.rosidl_typesupport_introspection_c.c
[2.427s] -- Symlinking: /home/sevnova/ros2_ws/install/robot_msgs/local/lib/python3.10/dist-packages/robot_msgs/librobot_msgs__rosidl_generator_py.so
[2.431s] -- Symlinking: /home/sevnova/ros2_ws/install/robot_msgs/local/lib/python3.10/dist-packages/robot_msgs/msg/__init__.py
[2.435s] -- Symlinking: /home/sevnova/ros2_ws/install/robot_msgs/local/lib/python3.10/dist-packages/robot_msgs/msg/_behavior_state.py
[2.439s] -- Symlinking: /home/sevnova/ros2_ws/install/robot_msgs/local/lib/python3.10/dist-packages/robot_msgs/msg/_behavior_state_s.c
[2.443s] -- Symlinking: /home/sevnova/ros2_ws/install/robot_msgs/local/lib/python3.10/dist-packages/robot_msgs/msg/_nav_debug.py
[2.447s] -- Symlinking: /home/sevnova/ros2_ws/install/robot_msgs/local/lib/python3.10/dist-packages/robot_msgs/msg/_nav_debug_s.c
[2.451s] -- Symlinking: /home/sevnova/ros2_ws/install/robot_msgs/local/lib/python3.10/dist-packages/robot_msgs/robot_msgs_s__rosidl_typesupport_c.cpython-310-x86_64-linux-gnu.so
[2.454s] -- Symlinking: /home/sevnova/ros2_ws/install/robot_msgs/local/lib/python3.10/dist-packages/robot_msgs/robot_msgs_s__rosidl_typesupport_fastrtps_c.cpython-310-x86_64-linux-gnu.so
[2.458s] -- Symlinking: /home/sevnova/ros2_ws/install/robot_msgs/local/lib/python3.10/dist-packages/robot_msgs/robot_msgs_s__rosidl_typesupport_introspection_c.cpython-310-x86_64-linux-gnu.so
[2.462s] -- Up-to-date symlink: /home/sevnova/ros2_ws/install/robot_msgs/local/lib/python3.10/dist-packages/robot_msgs/robot_msgs_s__rosidl_typesupport_fastrtps_c.cpython-310-x86_64-linux-gnu.so
[2.462s] -- Up-to-date symlink: /home/sevnova/ros2_ws/install/robot_msgs/local/lib/python3.10/dist-packages/robot_msgs/robot_msgs_s__rosidl_typesupport_introspection_c.cpython-310-x86_64-linux-gnu.so
[2.462s] -- Up-to-date symlink: /home/sevnova/ros2_ws/install/robot_msgs/local/lib/python3.10/dist-packages/robot_msgs/robot_msgs_s__rosidl_typesupport_c.cpython-310-x86_64-linux-gnu.so
[2.462s] -- Symlinking: /home/sevnova/ros2_ws/install/robot_msgs/share/ament_index/resource_index/rust_packages/robot_msgs
[2.466s] -- Symlinking: /home/sevnova/ros2_ws/install/robot_msgs/share/robot_msgs/rust/Cargo.toml
[2.470s] -- Symlinking: /home/sevnova/ros2_ws/install/robot_msgs/share/robot_msgs/rust/build.rs
[2.474s] -- Symlinking: /home/sevnova/ros2_ws/install/robot_msgs/share/robot_msgs/rust/src/lib.rs
[2.478s] -- Symlinking: /home/sevnova/ros2_ws/install/robot_msgs/share/robot_msgs/rust/src/msg.rs
[2.482s] -- Symlinking: /home/sevnova/ros2_ws/install/robot_msgs/share/robot_msgs/rust/src/msg/rmw.rs
[2.486s] -- Symlinking: /home/sevnova/ros2_ws/install/robot_msgs/share/robot_msgs/msg/BehaviorState.idl
[2.490s] -- Symlinking: /home/sevnova/ros2_ws/install/robot_msgs/share/robot_msgs/msg/NavDebug.idl
[2.494s] -- Symlinking: /home/sevnova/ros2_ws/install/robot_msgs/share/robot_msgs/msg/BehaviorState.msg
[2.497s] -- Symlinking: /home/sevnova/ros2_ws/install/robot_msgs/share/robot_msgs/msg/NavDebug.msg
[2.501s] -- Symlinking: /home/sevnova/ros2_ws/install/robot_msgs/share/ament_index/resource_index/package_run_dependencies/robot_msgs
[2.505s] -- Symlinking: /home/sevnova/ros2_ws/install/robot_msgs/share/ament_index/resource_index/parent_prefix_path/robot_msgs
[2.509s] -- Symlinking: /home/sevnova/ros2_ws/install/robot_msgs/share/robot_msgs/environment/ament_prefix_path.sh
[2.513s] -- Symlinking: /home/sevnova/ros2_ws/install/robot_msgs/share/robot_msgs/environment/ament_prefix_path.dsv
[2.517s] -- Symlinking: /home/sevnova/ros2_ws/install/robot_msgs/share/robot_msgs/environment/path.sh
[2.521s] -- Symlinking: /home/sevnova/ros2_ws/install/robot_msgs/share/robot_msgs/environment/path.dsv
[2.525s] -- Symlinking: /home/sevnova/ros2_ws/install/robot_msgs/share/robot_msgs/local_setup.bash
[2.529s] -- Symlinking: /home/sevnova/ros2_ws/install/robot_msgs/share/robot_msgs/local_setup.sh
[2.532s] -- Symlinking: /home/sevnova/ros2_ws/install/robot_msgs/share/robot_msgs/local_setup.zsh
[2.537s] -- Symlinking: /home/sevnova/ros2_ws/install/robot_msgs/share/robot_msgs/local_setup.dsv
[2.540s] -- Symlinking: /home/sevnova/ros2_ws/install/robot_msgs/share/robot_msgs/package.dsv
[2.544s] -- Symlinking: /home/sevnova/ros2_ws/install/robot_msgs/share/ament_index/resource_index/packages/robot_msgs
[2.548s] -- Symlinking: /home/sevnova/ros2_ws/install/robot_msgs/share/robot_msgs/cmake/rosidl_cmake-extras.cmake
[2.553s] -- Symlinking: /home/sevnova/ros2_ws/install/robot_msgs/share/robot_msgs/cmake/ament_cmake_export_dependencies-extras.cmake
[2.557s] -- Symlinking: /home/sevnova/ros2_ws/install/robot_msgs/share/robot_msgs/cmake/ament_cmake_export_include_directories-extras.cmake
[2.561s] -- Symlinking: /home/sevnova/ros2_ws/install/robot_msgs/share/robot_msgs/cmake/ament_cmake_export_libraries-extras.cmake
[2.565s] -- Symlinking: /home/sevnova/ros2_ws/install/robot_msgs/share/robot_msgs/cmake/ament_cmake_export_targets-extras.cmake
[2.569s] -- Symlinking: /home/sevnova/ros2_ws/install/robot_msgs/share/robot_msgs/cmake/rosidl_cmake_export_typesupport_targets-extras.cmake
[2.573s] -- Symlinking: /home/sevnova/ros2_ws/install/robot_msgs/share/robot_msgs/cmake/rosidl_cmake_export_typesupport_libraries-extras.cmake
[2.576s] -- Symlinking: /home/sevnova/ros2_ws/install/robot_msgs/share/robot_msgs/cmake/rosidl_cmake_aggregate_target-extras.cmake
[2.581s] -- Symlinking: /home/sevnova/ros2_ws/install/robot_msgs/share/robot_msgs/cmake/robot_msgsConfig.cmake
[2.585s] -- Symlinking: /home/sevnova/ros2_ws/install/robot_msgs/share/robot_msgs/cmake/robot_msgsConfig-version.cmake
[2.589s] -- Symlinking: /home/sevnova/ros2_ws/install/robot_msgs/share/robot_msgs/package.xml
[2.593s] -- Installing: /home/sevnova/ros2_ws/install/robot_msgs/lib/librobot_msgs__rosidl_generator_c.so
[2.593s] -- Set runtime path of "/home/sevnova/ros2_ws/install/robot_msgs/lib/librobot_msgs__rosidl_generator_c.so" to ""
[2.593s] -- Installing: /home/sevnova/ros2_ws/install/robot_msgs/lib/librobot_msgs__rosidl_typesupport_fastrtps_c.so
[2.593s] -- Set runtime path of "/home/sevnova/ros2_ws/install/robot_msgs/lib/librobot_msgs__rosidl_typesupport_fastrtps_c.so" to ""
[2.593s] -- Installing: /home/sevnova/ros2_ws/install/robot_msgs/lib/librobot_msgs__rosidl_typesupport_fastrtps_cpp.so
[2.593s] -- Set runtime path of "/home/sevnova/ros2_ws/install/robot_msgs/lib/librobot_msgs__rosidl_typesupport_fastrtps_cpp.so" to ""
[2.593s] -- Installing: /home/sevnova/ros2_ws/install/robot_msgs/lib/librobot_msgs__rosidl_typesupport_introspection_c.so
[2.593s] -- Set runtime path of "/home/sevnova/ros2_ws/install/robot_msgs/lib/librobot_msgs__rosidl_typesupport_introspection_c.so" to ""
[2.594s] -- Installing: /home/sevnova/ros2_ws/install/robot_msgs/lib/librobot_msgs__rosidl_typesupport_c.so
[2.594s] -- Set runtime path of "/home/sevnova/ros2_ws/install/robot_msgs/lib/librobot_msgs__rosidl_typesupport_c.so" to ""
[2.594s] -- Installing: /home/sevnova/ros2_ws/install/robot_msgs/lib/librobot_msgs__rosidl_typesupport_introspection_cpp.so
[2.594s] -- Set runtime path of "/home/sevnova/ros2_ws/install/robot_msgs/lib/librobot_msgs__rosidl_typesupport_introspection_cpp.so" to ""
[2.594s] -- Installing: /home/sevnova/ros2_ws/install/robot_msgs/lib/librobot_msgs__rosidl_typesupport_cpp.so
[2.594s] -- Set runtime path of "/home/sevnova/ros2_ws/install/robot_msgs/lib/librobot_msgs__rosidl_typesupport_cpp.so" to ""
[2.620s] Listing '/home/sevnova/ros2_ws/install/robot_msgs/local/lib/python3.10/dist-packages/robot_msgs'...
[2.620s] Compiling '/home/sevnova/ros2_ws/install/robot_msgs/local/lib/python3.10/dist-packages/robot_msgs/__init__.py'...
[2.620s] Listing '/home/sevnova/ros2_ws/install/robot_msgs/local/lib/python3.10/dist-packages/robot_msgs/msg'...
[2.620s] Compiling '/home/sevnova/ros2_ws/install/robot_msgs/local/lib/python3.10/dist-packages/robot_msgs/msg/__init__.py'...
[2.620s] Compiling '/home/sevnova/ros2_ws/install/robot_msgs/local/lib/python3.10/dist-packages/robot_msgs/msg/_behavior_state.py'...
[2.620s] Compiling '/home/sevnova/ros2_ws/install/robot_msgs/local/lib/python3.10/dist-packages/robot_msgs/msg/_nav_debug.py'...
[2.622s] -- Installing: /home/sevnova/ros2_ws/install/robot_msgs/lib/librobot_msgs__rosidl_generator_py.so
[2.622s] -- Set runtime path of "/home/sevnova/ros2_ws/install/robot_msgs/lib/librobot_msgs__rosidl_generator_py.so" to ""
[2.622s] -- Installing: /home/sevnova/ros2_ws/install/robot_msgs/share/robot_msgs/cmake/export_robot_msgs__rosidl_generator_cExport.cmake
[2.622s] -- Installing: /home/sevnova/ros2_ws/install/robot_msgs/share/robot_msgs/cmake/export_robot_msgs__rosidl_generator_cExport-noconfig.cmake
[2.622s] -- Installing: /home/sevnova/ros2_ws/install/robot_msgs/share/robot_msgs/cmake/export_robot_msgs__rosidl_typesupport_fastrtps_cExport.cmake
[2.622s] -- Installing: /home/sevnova/ros2_ws/install/robot_msgs/share/robot_msgs/cmake/export_robot_msgs__rosidl_typesupport_fastrtps_cExport-noconfig.cmake
[2.623s] -- Installing: /home/sevnova/ros2_ws/install/robot_msgs/share/robot_msgs/cmake/export_robot_msgs__rosidl_generator_cppExport.cmake
[2.623s] -- Installing: /home/sevnova/ros2_ws/install/robot_msgs/share/robot_msgs/cmake/export_robot_msgs__rosidl_typesupport_fastrtps_cppExport.cmake
[2.623s] -- Installing: /home/sevnova/ros2_ws/install/robot_msgs/share/robot_msgs/cmake/export_robot_msgs__rosidl_typesupport_fastrtps_cppExport-noconfig.cmake
[2.623s] -- Installing: /home/sevnova/ros2_ws/install/robot_msgs/share/robot_msgs/cmake/robot_msgs__rosidl_typesupport_introspection_cExport.cmake
[2.623s] -- Installing: /home/sevnova/ros2_ws/install/robot_msgs/share/robot_msgs/cmake/robot_msgs__rosidl_typesupport_introspection_cExport-noconfig.cmake
[2.623s] -- Installing: /home/sevnova/ros2_ws/install/robot_msgs/share/robot_msgs/cmake/robot_msgs__rosidl_typesupport_cExport.cmake
[2.623s] -- Installing: /home/sevnova/ros2_ws/install/robot_msgs/share/robot_msgs/cmake/robot_msgs__rosidl_typesupport_cExport-noconfig.cmake
[2.623s] -- Installing: /home/sevnova/ros2_ws/install/robot_msgs/share/robot_msgs/cmake/robot_msgs__rosidl_typesupport_introspection_cppExport.cmake
[2.623s] -- Installing: /home/sevnova/ros2_ws/install/robot_msgs/share/robot_msgs/cmake/robot_msgs__rosidl_typesupport_introspection_cppExport-noconfig.cmake
[2.623s] -- Installing: /home/sevnova/ros2_ws/install/robot_msgs/share/robot_msgs/cmake/robot_msgs__rosidl_typesupport_cppExport.cmake
[2.623s] -- Installing: /home/sevnova/ros2_ws/install/robot_msgs/share/robot_msgs/cmake/robot_msgs__rosidl_typesupport_cppExport-noconfig.cmake
[2.623s] -- Installing: /home/sevnova/ros2_ws/install/robot_msgs/share/robot_msgs/cmake/export_robot_msgs__rosidl_generator_pyExport.cmake
[2.623s] -- Installing: /home/sevnova/ros2_ws/install/robot_msgs/share/robot_msgs/cmake/export_robot_msgs__rosidl_generator_pyExport-noconfig.cmake
[2.624s] Invoked command in '/home/sevnova/ros2_ws/build/robot_msgs' returned '0': CMAKE_PREFIX_PATH=${CMAKE_PREFIX_PATH}:/home/sevnova/projects/fsm_simulation_plan/alpha_fsm/fsm_ws/install/fsm_config:/home/sevnova/projects/fsm_simulation_plan/alpha_fsm/fsm_ws/install/fsm_test:/home/sevnova/projects/fsm_simulation_plan/alpha_fsm/fsm_ws/install/wall_destacking_strategy:/home/sevnova/projects/fsm_simulation_plan/alpha_fsm/fsm_ws/install/vacuum_io:/home/sevnova/projects/fsm_simulation_plan/alpha_fsm/fsm_ws/install/task_manager:/home/sevnova/projects/fsm_simulation_plan/alpha_fsm/fsm_ws/install/safety_monitor:/home/sevnova/projects/fsm_simulation_plan/alpha_fsm/fsm_ws/install/perception_adapter:/home/sevnova/projects/fsm_simulation_plan/alpha_fsm/fsm_ws/install/pair_grasp_execution:/home/sevnova/projects/fsm_simulation_plan/alpha_fsm/fsm_ws/install/navigation_manager:/home/sevnova/projects/fsm_simulation_plan/alpha_fsm/fsm_ws/install/isaac_sim_bridge:/home/sevnova/projects/fsm_simulation_plan/alpha_fsm/fsm_ws/install/fsm_core:/opt/ros/humble CONDA_PROMPT_MODIFIER=(base) /usr/bin/cmake --install /home/sevnova/ros2_ws/build/robot_msgs
